2022-05-19 19:41:16,828 INFO [main] c.e.n.NewcoderApplication [StartupInfoLogger.java:55] Starting NewcoderApplication using Java 1.8.0_321 on DESKTOP-BPV16TU with PID 29516 (E:\Code_Study\Project\newcoder\target\classes started by w in E:\Code_Study\Project\newcoder)
2022-05-19 19:41:16,893 INFO [main] c.e.n.NewcoderApplication [SpringApplication.java:640] No active profile set, falling back to 1 default profile: "default"
2022-05-19 19:41:20,180 INFO [main] o.s.b.w.e.t.TomcatWebServer [TomcatWebServer.java:108] Tomcat initialized with port(s): 8080 (http)
2022-05-19 19:41:20,196 INFO [main] o.a.c.h.Http11NioProtocol [DirectJDKLog.java:173] Initializing ProtocolHandler ["http-nio-8080"]
2022-05-19 19:41:20,197 INFO [main] o.a.c.c.StandardService [DirectJDKLog.java:173] Starting service [Tomcat]
2022-05-19 19:41:20,198 INFO [main] o.a.c.c.StandardEngine [DirectJDKLog.java:173] Starting Servlet engine: [Apache Tomcat/9.0.60]
2022-05-19 19:41:20,708 INFO [main] o.a.c.c.C.[.[.[/] [DirectJDKLog.java:173] Initializing Spring embedded WebApplicationContext
2022-05-19 19:41:20,709 INFO [main] o.s.b.w.s.c.ServletWebServerApplicationContext [ServletWebServerApplicationContext.java:290] Root WebApplicationContext: initialization completed in 3564 ms
2022-05-19 19:41:22,894 INFO [main] o.s.b.a.w.s.WelcomePageHandlerMapping [WelcomePageHandlerMapping.java:57] Adding welcome page template: index
2022-05-19 19:41:23,284 INFO [main] o.a.c.h.Http11NioProtocol [DirectJDKLog.java:173] Starting ProtocolHandler ["http-nio-8080"]
2022-05-19 19:41:23,342 INFO [main] o.s.b.w.e.t.TomcatWebServer [TomcatWebServer.java:220] Tomcat started on port(s): 8080 (http) with context path ''
2022-05-19 19:41:23,381 INFO [main] c.e.n.NewcoderApplication [StartupInfoLogger.java:61] Started NewcoderApplication in 9.88 seconds (JVM running for 14.312)
2022-05-19 19:41:28,121 INFO [http-nio-8080-exec-2] o.a.c.c.C.[.[.[/] [DirectJDKLog.java:173] Initializing Spring DispatcherServlet 'dispatcherServlet'
2022-05-19 19:41:28,124 INFO [http-nio-8080-exec-2] o.s.w.s.DispatcherServlet [FrameworkServlet.java:525] Initializing Servlet 'dispatcherServlet'
2022-05-19 19:41:28,126 INFO [http-nio-8080-exec-2] o.s.w.s.DispatcherServlet [FrameworkServlet.java:547] Completed initialization in 2 ms
2022-05-19 19:41:28,247 INFO [http-nio-8080-exec-2] c.z.h.HikariDataSource [HikariDataSource.java:110] HikariPool-1 - Starting...
2022-05-19 19:41:28,581 INFO [http-nio-8080-exec-2] c.z.h.HikariDataSource [HikariDataSource.java:123] HikariPool-1 - Start completed.
2022-05-19 19:42:44,690 INFO [SpringApplicationShutdownHook] c.z.h.HikariDataSource [HikariDataSource.java:350] HikariPool-1 - Shutdown initiated...
2022-05-19 19:42:44,699 INFO [SpringApplicationShutdownHook] c.z.h.HikariDataSource [HikariDataSource.java:352] HikariPool-1 - Shutdown completed.
2022-05-19 19:42:54,326 INFO [main] c.e.n.NewcoderApplication [StartupInfoLogger.java:55] Starting NewcoderApplication using Java 1.8.0_321 on DESKTOP-BPV16TU with PID 48524 (E:\Code_Study\Project\newcoder\target\classes started by w in E:\Code_Study\Project\newcoder)
2022-05-19 19:42:54,348 INFO [main] c.e.n.NewcoderApplication [SpringApplication.java:640] No active profile set, falling back to 1 default profile: "default"
2022-05-19 19:42:56,231 INFO [main] o.s.b.w.e.t.TomcatWebServer [TomcatWebServer.java:108] Tomcat initialized with port(s): 8080 (http)
2022-05-19 19:42:56,241 INFO [main] o.a.c.h.Http11NioProtocol [DirectJDKLog.java:173] Initializing ProtocolHandler ["http-nio-8080"]
2022-05-19 19:42:56,241 INFO [main] o.a.c.c.StandardService [DirectJDKLog.java:173] Starting service [Tomcat]
2022-05-19 19:42:56,242 INFO [main] o.a.c.c.StandardEngine [DirectJDKLog.java:173] Starting Servlet engine: [Apache Tomcat/9.0.60]
2022-05-19 19:42:56,412 INFO [main] o.a.c.c.C.[.[.[/] [DirectJDKLog.java:173] Initializing Spring embedded WebApplicationContext
2022-05-19 19:42:56,412 INFO [main] o.s.b.w.s.c.ServletWebServerApplicationContext [ServletWebServerApplicationContext.java:290] Root WebApplicationContext: initialization completed in 1850 ms
2022-05-19 19:42:57,748 INFO [main] o.s.b.a.w.s.WelcomePageHandlerMapping [WelcomePageHandlerMapping.java:57] Adding welcome page template: index
2022-05-19 19:42:58,034 INFO [main] o.a.c.h.Http11NioProtocol [DirectJDKLog.java:173] Starting ProtocolHandler ["http-nio-8080"]
2022-05-19 19:42:58,058 INFO [main] o.s.b.w.e.t.TomcatWebServer [TomcatWebServer.java:220] Tomcat started on port(s): 8080 (http) with context path ''
2022-05-19 19:42:58,093 INFO [main] c.e.n.NewcoderApplication [StartupInfoLogger.java:61] Started NewcoderApplication in 5.861 seconds (JVM running for 8.019)
2022-05-19 19:43:04,444 INFO [http-nio-8080-exec-1] o.a.c.c.C.[.[.[/] [DirectJDKLog.java:173] Initializing Spring DispatcherServlet 'dispatcherServlet'
2022-05-19 19:43:04,444 INFO [http-nio-8080-exec-1] o.s.w.s.DispatcherServlet [FrameworkServlet.java:525] Initializing Servlet 'dispatcherServlet'
2022-05-19 19:43:04,447 INFO [http-nio-8080-exec-1] o.s.w.s.DispatcherServlet [FrameworkServlet.java:547] Completed initialization in 3 ms
2022-05-19 19:43:34,027 INFO [main] c.e.n.NewcoderApplication [StartupInfoLogger.java:55] Starting NewcoderApplication using Java 1.8.0_321 on DESKTOP-BPV16TU with PID 86860 (E:\Code_Study\Project\newcoder\target\classes started by w in E:\Code_Study\Project\newcoder)
2022-05-19 19:43:34,031 INFO [main] c.e.n.NewcoderApplication [SpringApplication.java:640] No active profile set, falling back to 1 default profile: "default"
2022-05-19 19:43:36,395 INFO [main] o.s.b.w.e.t.TomcatWebServer [TomcatWebServer.java:108] Tomcat initialized with port(s): 8080 (http)
2022-05-19 19:43:36,407 INFO [main] o.a.c.h.Http11NioProtocol [DirectJDKLog.java:173] Initializing ProtocolHandler ["http-nio-8080"]
2022-05-19 19:43:36,408 INFO [main] o.a.c.c.StandardService [DirectJDKLog.java:173] Starting service [Tomcat]
2022-05-19 19:43:36,408 INFO [main] o.a.c.c.StandardEngine [DirectJDKLog.java:173] Starting Servlet engine: [Apache Tomcat/9.0.60]
2022-05-19 19:43:36,613 INFO [main] o.a.c.c.C.[.[.[/] [DirectJDKLog.java:173] Initializing Spring embedded WebApplicationContext
2022-05-19 19:43:36,614 INFO [main] o.s.b.w.s.c.ServletWebServerApplicationContext [ServletWebServerApplicationContext.java:290] Root WebApplicationContext: initialization completed in 2329 ms
2022-05-19 19:43:38,656 INFO [main] o.s.b.a.w.s.WelcomePageHandlerMapping [WelcomePageHandlerMapping.java:57] Adding welcome page template: index
2022-05-19 19:43:38,912 INFO [main] o.a.c.h.Http11NioProtocol [DirectJDKLog.java:173] Starting ProtocolHandler ["http-nio-8080"]
2022-05-19 19:43:38,933 INFO [main] o.s.b.w.e.t.TomcatWebServer [TomcatWebServer.java:220] Tomcat started on port(s): 8080 (http) with context path ''
2022-05-19 19:43:38,962 INFO [main] c.e.n.NewcoderApplication [StartupInfoLogger.java:61] Started NewcoderApplication in 6.822 seconds (JVM running for 9.727)
2022-05-19 19:43:45,013 INFO [http-nio-8080-exec-2] o.a.c.c.C.[.[.[/] [DirectJDKLog.java:173] Initializing Spring DispatcherServlet 'dispatcherServlet'
2022-05-19 19:43:45,013 INFO [http-nio-8080-exec-2] o.s.w.s.DispatcherServlet [FrameworkServlet.java:525] Initializing Servlet 'dispatcherServlet'
2022-05-19 19:43:45,015 INFO [http-nio-8080-exec-2] o.s.w.s.DispatcherServlet [FrameworkServlet.java:547] Completed initialization in 2 ms
2022-05-19 19:43:45,099 INFO [http-nio-8080-exec-2] c.z.h.HikariDataSource [HikariDataSource.java:110] HikariPool-1 - Starting...
2022-05-19 19:43:45,249 INFO [http-nio-8080-exec-2] c.z.h.HikariDataSource [HikariDataSource.java:123] HikariPool-1 - Start completed.
2022-05-19 20:19:31,749 INFO [SpringApplicationShutdownHook] c.z.h.HikariDataSource [HikariDataSource.java:350] HikariPool-1 - Shutdown initiated...
2022-05-19 20:19:31,759 INFO [SpringApplicationShutdownHook] c.z.h.HikariDataSource [HikariDataSource.java:352] HikariPool-1 - Shutdown completed.
2022-05-19 20:44:14,174 INFO [main] c.e.n.NewcoderApplication [StartupInfoLogger.java:55] Starting NewcoderApplication using Java 1.8.0_321 on DESKTOP-BPV16TU with PID 93776 (E:\Code_Study\Project\newcoder\target\classes started by w in E:\Code_Study\Project\newcoder)
2022-05-19 20:44:14,181 INFO [main] c.e.n.NewcoderApplication [SpringApplication.java:640] No active profile set, falling back to 1 default profile: "default"
2022-05-19 20:44:15,490 INFO [main] o.s.b.w.e.t.TomcatWebServer [TomcatWebServer.java:108] Tomcat initialized with port(s): 8080 (http)
2022-05-19 20:44:15,501 INFO [main] o.a.c.h.Http11NioProtocol [DirectJDKLog.java:173] Initializing ProtocolHandler ["http-nio-8080"]
2022-05-19 20:44:15,502 INFO [main] o.a.c.c.StandardService [DirectJDKLog.java:173] Starting service [Tomcat]
2022-05-19 20:44:15,502 INFO [main] o.a.c.c.StandardEngine [DirectJDKLog.java:173] Starting Servlet engine: [Apache Tomcat/9.0.60]
2022-05-19 20:44:15,710 INFO [main] o.a.c.c.C.[.[.[/] [DirectJDKLog.java:173] Initializing Spring embedded WebApplicationContext
2022-05-19 20:44:15,711 INFO [main] o.s.b.w.s.c.ServletWebServerApplicationContext [ServletWebServerApplicationContext.java:290] Root WebApplicationContext: initialization completed in 1472 ms
2022-05-19 20:44:17,147 INFO [main] o.s.b.a.w.s.WelcomePageHandlerMapping [WelcomePageHandlerMapping.java:57] Adding welcome page template: index
2022-05-19 20:44:17,328 INFO [main] o.a.c.h.Http11NioProtocol [DirectJDKLog.java:173] Starting ProtocolHandler ["http-nio-8080"]
2022-05-19 20:44:17,362 INFO [main] o.s.b.w.e.t.TomcatWebServer [TomcatWebServer.java:220] Tomcat started on port(s): 8080 (http) with context path ''
2022-05-19 20:44:17,400 INFO [main] c.e.n.NewcoderApplication [StartupInfoLogger.java:61] Started NewcoderApplication in 4.164 seconds (JVM running for 6.991)
2022-05-19 20:44:19,209 INFO [http-nio-8080-exec-2] o.a.c.c.C.[.[.[/] [DirectJDKLog.java:173] Initializing Spring DispatcherServlet 'dispatcherServlet'
2022-05-19 20:44:19,210 INFO [http-nio-8080-exec-2] o.s.w.s.DispatcherServlet [FrameworkServlet.java:525] Initializing Servlet 'dispatcherServlet'
2022-05-19 20:44:19,212 INFO [http-nio-8080-exec-2] o.s.w.s.DispatcherServlet [FrameworkServlet.java:547] Completed initialization in 2 ms
2022-05-19 20:44:19,325 INFO [http-nio-8080-exec-2] c.z.h.HikariDataSource [HikariDataSource.java:110] HikariPool-1 - Starting...
2022-05-19 20:44:19,603 INFO [http-nio-8080-exec-2] c.z.h.HikariDataSource [HikariDataSource.java:123] HikariPool-1 - Start completed.
2022-05-19 20:46:05,263 INFO [SpringApplicationShutdownHook] c.z.h.HikariDataSource [HikariDataSource.java:350] HikariPool-1 - Shutdown initiated...
2022-05-19 20:46:05,278 INFO [SpringApplicationShutdownHook] c.z.h.HikariDataSource [HikariDataSource.java:352] HikariPool-1 - Shutdown completed.
2022-05-19 20:46:11,640 INFO [main] c.e.n.NewcoderApplication [StartupInfoLogger.java:55] Starting NewcoderApplication using Java 1.8.0_321 on DESKTOP-BPV16TU with PID 57980 (E:\Code_Study\Project\newcoder\target\classes started by w in E:\Code_Study\Project\newcoder)
2022-05-19 20:46:11,646 INFO [main] c.e.n.NewcoderApplication [SpringApplication.java:640] No active profile set, falling back to 1 default profile: "default"
2022-05-19 20:46:13,440 INFO [main] o.s.b.w.e.t.TomcatWebServer [TomcatWebServer.java:108] Tomcat initialized with port(s): 8080 (http)
2022-05-19 20:46:13,454 INFO [main] o.a.c.h.Http11NioProtocol [DirectJDKLog.java:173] Initializing ProtocolHandler ["http-nio-8080"]
2022-05-19 20:46:13,455 INFO [main] o.a.c.c.StandardService [DirectJDKLog.java:173] Starting service [Tomcat]
2022-05-19 20:46:13,456 INFO [main] o.a.c.c.StandardEngine [DirectJDKLog.java:173] Starting Servlet engine: [Apache Tomcat/9.0.60]
2022-05-19 20:46:13,658 INFO [main] o.a.c.c.C.[.[.[/] [DirectJDKLog.java:173] Initializing Spring embedded WebApplicationContext
2022-05-19 20:46:13,658 INFO [main] o.s.b.w.s.c.ServletWebServerApplicationContext [ServletWebServerApplicationContext.java:290] Root WebApplicationContext: initialization completed in 1831 ms
2022-05-19 20:46:15,163 INFO [main] o.s.b.a.w.s.WelcomePageHandlerMapping [WelcomePageHandlerMapping.java:57] Adding welcome page template: index
2022-05-19 20:46:15,328 INFO [main] o.a.c.h.Http11NioProtocol [DirectJDKLog.java:173] Starting ProtocolHandler ["http-nio-8080"]
2022-05-19 20:46:15,349 INFO [main] o.s.b.w.e.t.TomcatWebServer [TomcatWebServer.java:220] Tomcat started on port(s): 8080 (http) with context path ''
2022-05-19 20:46:15,384 INFO [main] c.e.n.NewcoderApplication [StartupInfoLogger.java:61] Started NewcoderApplication in 4.906 seconds (JVM running for 6.137)
2022-05-19 20:46:33,929 INFO [main] c.e.n.NewcoderApplication [StartupInfoLogger.java:55] Starting NewcoderApplication using Java 1.8.0_321 on DESKTOP-BPV16TU with PID 79632 (E:\Code_Study\Project\newcoder\target\classes started by w in E:\Code_Study\Project\newcoder)
2022-05-19 20:46:33,933 INFO [main] c.e.n.NewcoderApplication [SpringApplication.java:640] No active profile set, falling back to 1 default profile: "default"
2022-05-19 20:46:35,294 INFO [main] o.s.b.w.e.t.TomcatWebServer [TomcatWebServer.java:108] Tomcat initialized with port(s): 8080 (http)
2022-05-19 20:46:35,307 INFO [main] o.a.c.h.Http11NioProtocol [DirectJDKLog.java:173] Initializing ProtocolHandler ["http-nio-8080"]
2022-05-19 20:46:35,308 INFO [main] o.a.c.c.StandardService [DirectJDKLog.java:173] Starting service [Tomcat]
2022-05-19 20:46:35,308 INFO [main] o.a.c.c.StandardEngine [DirectJDKLog.java:173] Starting Servlet engine: [Apache Tomcat/9.0.60]
2022-05-19 20:46:35,530 INFO [main] o.a.c.c.C.[.[.[/] [DirectJDKLog.java:173] Initializing Spring embedded WebApplicationContext
2022-05-19 20:46:35,531 INFO [main] o.s.b.w.s.c.ServletWebServerApplicationContext [ServletWebServerApplicationContext.java:290] Root WebApplicationContext: initialization completed in 1551 ms
2022-05-19 20:46:37,141 INFO [main] o.s.b.a.w.s.WelcomePageHandlerMapping [WelcomePageHandlerMapping.java:57] Adding welcome page template: index
2022-05-19 20:46:37,358 INFO [main] o.a.c.h.Http11NioProtocol [DirectJDKLog.java:173] Starting ProtocolHandler ["http-nio-8080"]
2022-05-19 20:46:37,405 INFO [main] o.s.b.w.e.t.TomcatWebServer [TomcatWebServer.java:220] Tomcat started on port(s): 8080 (http) with context path ''
2022-05-19 20:46:37,441 INFO [main] c.e.n.NewcoderApplication [StartupInfoLogger.java:61] Started NewcoderApplication in 4.335 seconds (JVM running for 6.678)
2022-05-19 20:46:42,592 INFO [http-nio-8080-exec-2] o.a.c.c.C.[.[.[/] [DirectJDKLog.java:173] Initializing Spring DispatcherServlet 'dispatcherServlet'
2022-05-19 20:46:42,593 INFO [http-nio-8080-exec-2] o.s.w.s.DispatcherServlet [FrameworkServlet.java:525] Initializing Servlet 'dispatcherServlet'
2022-05-19 20:46:42,597 INFO [http-nio-8080-exec-2] o.s.w.s.DispatcherServlet [FrameworkServlet.java:547] Completed initialization in 4 ms
2022-05-19 20:46:42,735 INFO [http-nio-8080-exec-2] c.z.h.HikariDataSource [HikariDataSource.java:110] HikariPool-1 - Starting...
2022-05-19 20:46:42,994 INFO [http-nio-8080-exec-2] c.z.h.HikariDataSource [HikariDataSource.java:123] HikariPool-1 - Start completed.
2022-05-19 20:47:59,246 INFO [SpringApplicationShutdownHook] c.z.h.HikariDataSource [HikariDataSource.java:350] HikariPool-1 - Shutdown initiated...
2022-05-19 20:47:59,261 INFO [SpringApplicationShutdownHook] c.z.h.HikariDataSource [HikariDataSource.java:352] HikariPool-1 - Shutdown completed.
2022-05-19 20:48:06,162 INFO [main] c.e.n.NewcoderApplication [StartupInfoLogger.java:55] Starting NewcoderApplication using Java 1.8.0_321 on DESKTOP-BPV16TU with PID 75008 (E:\Code_Study\Project\newcoder\target\classes started by w in E:\Code_Study\Project\newcoder)
2022-05-19 20:48:06,179 INFO [main] c.e.n.NewcoderApplication [SpringApplication.java:640] No active profile set, falling back to 1 default profile: "default"
2022-05-19 20:48:08,068 INFO [main] o.s.b.w.e.t.TomcatWebServer [TomcatWebServer.java:108] Tomcat initialized with port(s): 8080 (http)
2022-05-19 20:48:08,077 INFO [main] o.a.c.h.Http11NioProtocol [DirectJDKLog.java:173] Initializing ProtocolHandler ["http-nio-8080"]
2022-05-19 20:48:08,078 INFO [main] o.a.c.c.StandardService [DirectJDKLog.java:173] Starting service [Tomcat]
2022-05-19 20:48:08,079 INFO [main] o.a.c.c.StandardEngine [DirectJDKLog.java:173] Starting Servlet engine: [Apache Tomcat/9.0.60]
2022-05-19 20:48:08,239 INFO [main] o.a.c.c.C.[.[.[/] [DirectJDKLog.java:173] Initializing Spring embedded WebApplicationContext
2022-05-19 20:48:08,240 INFO [main] o.s.b.w.s.c.ServletWebServerApplicationContext [ServletWebServerApplicationContext.java:290] Root WebApplicationContext: initialization completed in 1913 ms
2022-05-19 20:48:09,589 INFO [main] o.s.b.a.w.s.WelcomePageHandlerMapping [WelcomePageHandlerMapping.java:57] Adding welcome page template: index
2022-05-19 20:48:09,720 INFO [main] o.a.c.h.Http11NioProtocol [DirectJDKLog.java:173] Starting ProtocolHandler ["http-nio-8080"]
2022-05-19 20:48:09,740 INFO [main] o.s.b.w.e.t.TomcatWebServer [TomcatWebServer.java:220] Tomcat started on port(s): 8080 (http) with context path ''
2022-05-19 20:48:09,770 INFO [main] c.e.n.NewcoderApplication [StartupInfoLogger.java:61] Started NewcoderApplication in 4.784 seconds (JVM running for 6.19)
2022-05-19 20:48:12,755 INFO [http-nio-8080-exec-2] o.a.c.c.C.[.[.[/] [DirectJDKLog.java:173] Initializing Spring DispatcherServlet 'dispatcherServlet'
2022-05-19 20:48:12,756 INFO [http-nio-8080-exec-2] o.s.w.s.DispatcherServlet [FrameworkServlet.java:525] Initializing Servlet 'dispatcherServlet'
2022-05-19 20:48:12,758 INFO [http-nio-8080-exec-2] o.s.w.s.DispatcherServlet [FrameworkServlet.java:547] Completed initialization in 2 ms
2022-05-19 20:48:12,886 INFO [http-nio-8080-exec-2] c.z.h.HikariDataSource [HikariDataSource.java:110] HikariPool-1 - Starting...
2022-05-19 20:48:13,113 INFO [http-nio-8080-exec-2] c.z.h.HikariDataSource [HikariDataSource.java:123] HikariPool-1 - Start completed.
2022-05-19 20:55:03,023 INFO [SpringApplicationShutdownHook] c.z.h.HikariDataSource [HikariDataSource.java:350] HikariPool-1 - Shutdown initiated...
2022-05-19 20:55:03,033 INFO [SpringApplicationShutdownHook] c.z.h.HikariDataSource [HikariDataSource.java:352] HikariPool-1 - Shutdown completed.
2022-05-19 20:58:00,466 INFO [main] c.e.n.NewcoderApplication [StartupInfoLogger.java:55] Starting NewcoderApplication using Java 1.8.0_321 on DESKTOP-BPV16TU with PID 77216 (E:\Code_Study\Project\newcoder\target\classes started by w in E:\Code_Study\Project\newcoder)
2022-05-19 20:58:00,470 INFO [main] c.e.n.NewcoderApplication [SpringApplication.java:640] No active profile set, falling back to 1 default profile: "default"
2022-05-19 20:58:01,628 INFO [main] o.s.b.w.e.t.TomcatWebServer [TomcatWebServer.java:108] Tomcat initialized with port(s): 8080 (http)
2022-05-19 20:58:01,637 INFO [main] o.a.c.h.Http11NioProtocol [DirectJDKLog.java:173] Initializing ProtocolHandler ["http-nio-8080"]
2022-05-19 20:58:01,638 INFO [main] o.a.c.c.StandardService [DirectJDKLog.java:173] Starting service [Tomcat]
2022-05-19 20:58:01,639 INFO [main] o.a.c.c.StandardEngine [DirectJDKLog.java:173] Starting Servlet engine: [Apache Tomcat/9.0.60]
2022-05-19 20:58:01,804 INFO [main] o.a.c.c.C.[.[.[/] [DirectJDKLog.java:173] Initializing Spring embedded WebApplicationContext
2022-05-19 20:58:01,805 INFO [main] o.s.b.w.s.c.ServletWebServerApplicationContext [ServletWebServerApplicationContext.java:290] Root WebApplicationContext: initialization completed in 1280 ms
2022-05-19 20:58:03,157 INFO [main] o.s.b.a.w.s.WelcomePageHandlerMapping [WelcomePageHandlerMapping.java:57] Adding welcome page template: index
2022-05-19 20:58:03,289 INFO [main] o.a.c.h.Http11NioProtocol [DirectJDKLog.java:173] Starting ProtocolHandler ["http-nio-8080"]
2022-05-19 20:58:03,312 INFO [main] o.s.b.w.e.t.TomcatWebServer [TomcatWebServer.java:220] Tomcat started on port(s): 8080 (http) with context path ''
2022-05-19 20:58:03,344 INFO [main] c.e.n.NewcoderApplication [StartupInfoLogger.java:61] Started NewcoderApplication in 3.833 seconds (JVM running for 5.188)
2022-05-19 20:58:47,874 INFO [http-nio-8080-exec-3] o.a.c.c.C.[.[.[/] [DirectJDKLog.java:173] Initializing Spring DispatcherServlet 'dispatcherServlet'
2022-05-19 20:58:47,874 INFO [http-nio-8080-exec-3] o.s.w.s.DispatcherServlet [FrameworkServlet.java:525] Initializing Servlet 'dispatcherServlet'
2022-05-19 20:58:47,876 INFO [http-nio-8080-exec-3] o.s.w.s.DispatcherServlet [FrameworkServlet.java:547] Completed initialization in 1 ms
2022-05-19 20:58:47,931 INFO [http-nio-8080-exec-3] c.z.h.HikariDataSource [HikariDataSource.java:110] HikariPool-1 - Starting...
2022-05-19 20:58:48,129 INFO [http-nio-8080-exec-3] c.z.h.HikariDataSource [HikariDataSource.java:123] HikariPool-1 - Start completed.
2022-05-19 21:10:57,178 INFO [SpringApplicationShutdownHook] c.z.h.HikariDataSource [HikariDataSource.java:350] HikariPool-1 - Shutdown initiated...
2022-05-19 21:10:57,194 INFO [SpringApplicationShutdownHook] c.z.h.HikariDataSource [HikariDataSource.java:352] HikariPool-1 - Shutdown completed.
2022-05-19 21:11:04,636 INFO [main] c.e.n.NewcoderApplication [StartupInfoLogger.java:55] Starting NewcoderApplication using Java 1.8.0_321 on DESKTOP-BPV16TU with PID 41840 (E:\Code_Study\Project\newcoder\target\classes started by w in E:\Code_Study\Project\newcoder)
2022-05-19 21:11:04,642 INFO [main] c.e.n.NewcoderApplication [SpringApplication.java:640] No active profile set, falling back to 1 default profile: "default"
2022-05-19 21:11:06,429 INFO [main] o.s.b.w.e.t.TomcatWebServer [TomcatWebServer.java:108] Tomcat initialized with port(s): 8080 (http)
2022-05-19 21:11:06,444 INFO [main] o.a.c.h.Http11NioProtocol [DirectJDKLog.java:173] Initializing ProtocolHandler ["http-nio-8080"]
2022-05-19 21:11:06,444 INFO [main] o.a.c.c.StandardService [DirectJDKLog.java:173] Starting service [Tomcat]
2022-05-19 21:11:06,445 INFO [main] o.a.c.c.StandardEngine [DirectJDKLog.java:173] Starting Servlet engine: [Apache Tomcat/9.0.60]
2022-05-19 21:11:06,805 INFO [main] o.a.c.c.C.[.[.[/] [DirectJDKLog.java:173] Initializing Spring embedded WebApplicationContext
2022-05-19 21:11:06,805 INFO [main] o.s.b.w.s.c.ServletWebServerApplicationContext [ServletWebServerApplicationContext.java:290] Root WebApplicationContext: initialization completed in 2080 ms
2022-05-19 21:11:08,505 INFO [main] o.s.b.a.w.s.WelcomePageHandlerMapping [WelcomePageHandlerMapping.java:57] Adding welcome page template: index
2022-05-19 21:11:08,707 INFO [main] o.a.c.h.Http11NioProtocol [DirectJDKLog.java:173] Starting ProtocolHandler ["http-nio-8080"]
2022-05-19 21:11:08,728 INFO [main] o.s.b.w.e.t.TomcatWebServer [TomcatWebServer.java:220] Tomcat started on port(s): 8080 (http) with context path ''
2022-05-19 21:11:08,762 INFO [main] c.e.n.NewcoderApplication [StartupInfoLogger.java:61] Started NewcoderApplication in 5.203 seconds (JVM running for 6.641)
2022-05-19 21:11:16,857 INFO [http-nio-8080-exec-2] o.a.c.c.C.[.[.[/] [DirectJDKLog.java:173] Initializing Spring DispatcherServlet 'dispatcherServlet'
2022-05-19 21:11:16,858 INFO [http-nio-8080-exec-2] o.s.w.s.DispatcherServlet [FrameworkServlet.java:525] Initializing Servlet 'dispatcherServlet'
2022-05-19 21:11:16,859 INFO [http-nio-8080-exec-2] o.s.w.s.DispatcherServlet [FrameworkServlet.java:547] Completed initialization in 1 ms
2022-05-19 21:11:16,911 INFO [http-nio-8080-exec-2] c.z.h.HikariDataSource [HikariDataSource.java:110] HikariPool-1 - Starting...
2022-05-19 21:11:17,095 INFO [http-nio-8080-exec-2] c.z.h.HikariDataSource [HikariDataSource.java:123] HikariPool-1 - Start completed.
2022-05-19 21:12:29,959 INFO [SpringApplicationShutdownHook] c.z.h.HikariDataSource [HikariDataSource.java:350] HikariPool-1 - Shutdown initiated...
2022-05-19 21:12:29,991 INFO [SpringApplicationShutdownHook] c.z.h.HikariDataSource [HikariDataSource.java:352] HikariPool-1 - Shutdown completed.
2022-05-19 21:12:49,495 INFO [main] c.e.n.LoginTicketTest [StartupInfoLogger.java:55] Starting LoginTicketTest using Java 1.8.0_321 on DESKTOP-BPV16TU with PID 79784 (started by w in E:\Code_Study\Project\newcoder)
2022-05-19 21:12:49,501 INFO [main] c.e.n.LoginTicketTest [SpringApplication.java:640] No active profile set, falling back to 1 default profile: "default"
2022-05-19 21:12:53,503 INFO [main] o.s.b.a.w.s.WelcomePageHandlerMapping [WelcomePageHandlerMapping.java:57] Adding welcome page template: index
2022-05-19 21:12:54,218 INFO [main] c.e.n.LoginTicketTest [StartupInfoLogger.java:61] Started LoginTicketTest in 5.737 seconds (JVM running for 8.891)
2022-05-19 21:12:55,093 INFO [main] c.z.h.HikariDataSource [HikariDataSource.java:110] HikariPool-1 - Starting...
2022-05-19 21:12:55,564 INFO [main] c.z.h.HikariDataSource [HikariDataSource.java:123] HikariPool-1 - Start completed.
2022-05-19 21:28:39,965 INFO [SpringApplicationShutdownHook] c.z.h.HikariDataSource [HikariDataSource.java:350] HikariPool-1 - Shutdown initiated...
2022-05-19 21:28:39,988 INFO [SpringApplicationShutdownHook] c.z.h.HikariDataSource [HikariDataSource.java:352] HikariPool-1 - Shutdown completed.
2022-05-19 21:28:44,766 INFO [main] c.e.n.LoginTicketTest [StartupInfoLogger.java:55] Starting LoginTicketTest using Java 1.8.0_321 on DESKTOP-BPV16TU with PID 68288 (started by w in E:\Code_Study\Project\newcoder)
2022-05-19 21:28:44,769 INFO [main] c.e.n.LoginTicketTest [SpringApplication.java:640] No active profile set, falling back to 1 default profile: "default"
2022-05-19 21:28:49,151 INFO [main] o.s.b.a.w.s.WelcomePageHandlerMapping [WelcomePageHandlerMapping.java:57] Adding welcome page template: index
2022-05-19 21:28:50,202 INFO [main] c.e.n.LoginTicketTest [StartupInfoLogger.java:61] Started LoginTicketTest in 6.257 seconds (JVM running for 8.151)
2022-05-19 21:28:50,738 INFO [main] c.z.h.HikariDataSource [HikariDataSource.java:110] HikariPool-1 - Starting...
2022-05-19 21:28:51,099 INFO [main] c.z.h.HikariDataSource [HikariDataSource.java:123] HikariPool-1 - Start completed.
2022-05-19 21:31:44,469 INFO [SpringApplicationShutdownHook] c.z.h.HikariDataSource [HikariDataSource.java:350] HikariPool-1 - Shutdown initiated...
2022-05-19 21:31:44,488 INFO [SpringApplicationShutdownHook] c.z.h.HikariDataSource [HikariDataSource.java:352] HikariPool-1 - Shutdown completed.
2022-05-19 21:32:37,735 INFO [main] c.e.n.LoginTicketTest [StartupInfoLogger.java:55] Starting LoginTicketTest using Java 1.8.0_321 on DESKTOP-BPV16TU with PID 92788 (started by w in E:\Code_Study\Project\newcoder)
2022-05-19 21:32:37,740 INFO [main] c.e.n.LoginTicketTest [SpringApplication.java:640] No active profile set, falling back to 1 default profile: "default"
2022-05-19 21:32:43,735 INFO [main] o.s.b.a.w.s.WelcomePageHandlerMapping [WelcomePageHandlerMapping.java:57] Adding welcome page template: index
2022-05-19 21:32:44,384 INFO [main] c.e.n.LoginTicketTest [StartupInfoLogger.java:61] Started LoginTicketTest in 8.004 seconds (JVM running for 10.591)
2022-05-19 21:32:44,808 INFO [main] c.z.h.HikariDataSource [HikariDataSource.java:110] HikariPool-1 - Starting...
2022-05-19 21:32:45,161 INFO [main] c.z.h.HikariDataSource [HikariDataSource.java:123] HikariPool-1 - Start completed.
2022-05-19 21:33:00,520 INFO [SpringApplicationShutdownHook] c.z.h.HikariDataSource [HikariDataSource.java:350] HikariPool-1 - Shutdown initiated...
2022-05-19 21:33:00,552 INFO [SpringApplicationShutdownHook] c.z.h.HikariDataSource [HikariDataSource.java:352] HikariPool-1 - Shutdown completed.
2022-05-19 21:33:12,188 INFO [main] c.e.n.NewcoderApplication [StartupInfoLogger.java:55] Starting NewcoderApplication using Java 1.8.0_321 on DESKTOP-BPV16TU with PID 63324 (E:\Code_Study\Project\newcoder\target\classes started by w in E:\Code_Study\Project\newcoder)
2022-05-19 21:33:12,192 INFO [main] c.e.n.NewcoderApplication [SpringApplication.java:640] No active profile set, falling back to 1 default profile: "default"
2022-05-19 21:33:13,990 INFO [main] o.s.b.w.e.t.TomcatWebServer [TomcatWebServer.java:108] Tomcat initialized with port(s): 8080 (http)
2022-05-19 21:33:14,003 INFO [main] o.a.c.h.Http11NioProtocol [DirectJDKLog.java:173] Initializing ProtocolHandler ["http-nio-8080"]
2022-05-19 21:33:14,004 INFO [main] o.a.c.c.StandardService [DirectJDKLog.java:173] Starting service [Tomcat]
2022-05-19 21:33:14,004 INFO [main] o.a.c.c.StandardEngine [DirectJDKLog.java:173] Starting Servlet engine: [Apache Tomcat/9.0.60]
2022-05-19 21:33:14,240 INFO [main] o.a.c.c.C.[.[.[/] [DirectJDKLog.java:173] Initializing Spring embedded WebApplicationContext
2022-05-19 21:33:14,240 INFO [main] o.s.b.w.s.c.ServletWebServerApplicationContext [ServletWebServerApplicationContext.java:290] Root WebApplicationContext: initialization completed in 1923 ms
2022-05-19 21:33:15,716 INFO [main] o.s.b.a.w.s.WelcomePageHandlerMapping [WelcomePageHandlerMapping.java:57] Adding welcome page template: index
2022-05-19 21:33:15,950 INFO [main] o.a.c.h.Http11NioProtocol [DirectJDKLog.java:173] Starting ProtocolHandler ["http-nio-8080"]
2022-05-19 21:33:15,970 INFO [main] o.s.b.w.e.t.TomcatWebServer [TomcatWebServer.java:220] Tomcat started on port(s): 8080 (http) with context path ''
2022-05-19 21:33:15,997 INFO [main] c.e.n.NewcoderApplication [StartupInfoLogger.java:61] Started NewcoderApplication in 4.873 seconds (JVM running for 6.388)
2022-05-19 21:33:25,182 INFO [http-nio-8080-exec-2] o.a.c.c.C.[.[.[/] [DirectJDKLog.java:173] Initializing Spring DispatcherServlet 'dispatcherServlet'
2022-05-19 21:33:25,183 INFO [http-nio-8080-exec-2] o.s.w.s.DispatcherServlet [FrameworkServlet.java:525] Initializing Servlet 'dispatcherServlet'
2022-05-19 21:33:25,184 INFO [http-nio-8080-exec-2] o.s.w.s.DispatcherServlet [FrameworkServlet.java:547] Completed initialization in 1 ms
2022-05-19 21:33:25,227 INFO [http-nio-8080-exec-2] c.z.h.HikariDataSource [HikariDataSource.java:110] HikariPool-1 - Starting...
2022-05-19 21:33:25,406 INFO [http-nio-8080-exec-2] c.z.h.HikariDataSource [HikariDataSource.java:123] HikariPool-1 - Start completed.
2022-05-19 21:37:44,945 INFO [SpringApplicationShutdownHook] c.z.h.HikariDataSource [HikariDataSource.java:350] HikariPool-1 - Shutdown initiated...
2022-05-19 21:37:44,956 INFO [SpringApplicationShutdownHook] c.z.h.HikariDataSource [HikariDataSource.java:352] HikariPool-1 - Shutdown completed.
2022-05-19 21:37:51,057 INFO [main] c.e.n.NewcoderApplication [StartupInfoLogger.java:55] Starting NewcoderApplication using Java 1.8.0_321 on DESKTOP-BPV16TU with PID 52948 (E:\Code_Study\Project\newcoder\target\classes started by w in E:\Code_Study\Project\newcoder)
2022-05-19 21:37:51,067 INFO [main] c.e.n.NewcoderApplication [SpringApplication.java:640] No active profile set, falling back to 1 default profile: "default"
2022-05-19 21:37:52,506 INFO [main] o.s.b.w.e.t.TomcatWebServer [TomcatWebServer.java:108] Tomcat initialized with port(s): 8080 (http)
2022-05-19 21:37:52,516 INFO [main] o.a.c.h.Http11NioProtocol [DirectJDKLog.java:173] Initializing ProtocolHandler ["http-nio-8080"]
2022-05-19 21:37:52,517 INFO [main] o.a.c.c.StandardService [DirectJDKLog.java:173] Starting service [Tomcat]
2022-05-19 21:37:52,518 INFO [main] o.a.c.c.StandardEngine [DirectJDKLog.java:173] Starting Servlet engine: [Apache Tomcat/9.0.60]
2022-05-19 21:37:52,685 INFO [main] o.a.c.c.C.[.[.[/] [DirectJDKLog.java:173] Initializing Spring embedded WebApplicationContext
2022-05-19 21:37:52,685 INFO [main] o.s.b.w.s.c.ServletWebServerApplicationContext [ServletWebServerApplicationContext.java:290] Root WebApplicationContext: initialization completed in 1503 ms
2022-05-19 21:37:54,224 INFO [main] o.s.b.a.w.s.WelcomePageHandlerMapping [WelcomePageHandlerMapping.java:57] Adding welcome page template: index
2022-05-19 21:37:54,423 INFO [main] o.a.c.h.Http11NioProtocol [DirectJDKLog.java:173] Starting ProtocolHandler ["http-nio-8080"]
2022-05-19 21:37:54,456 INFO [main] o.s.b.w.e.t.TomcatWebServer [TomcatWebServer.java:220] Tomcat started on port(s): 8080 (http) with context path ''
2022-05-19 21:37:54,490 INFO [main] c.e.n.NewcoderApplication [StartupInfoLogger.java:61] Started NewcoderApplication in 4.453 seconds (JVM running for 6.804)
2022-05-19 21:38:09,259 INFO [http-nio-8080-exec-1] o.a.c.c.C.[.[.[/] [DirectJDKLog.java:173] Initializing Spring DispatcherServlet 'dispatcherServlet'
2022-05-19 21:38:09,259 INFO [http-nio-8080-exec-1] o.s.w.s.DispatcherServlet [FrameworkServlet.java:525] Initializing Servlet 'dispatcherServlet'
2022-05-19 21:38:09,266 INFO [http-nio-8080-exec-1] o.s.w.s.DispatcherServlet [FrameworkServlet.java:547] Completed initialization in 6 ms
2022-05-19 21:38:09,308 INFO [http-nio-8080-exec-1] c.z.h.HikariDataSource [HikariDataSource.java:110] HikariPool-1 - Starting...
2022-05-19 21:38:09,497 INFO [http-nio-8080-exec-1] c.z.h.HikariDataSource [HikariDataSource.java:123] HikariPool-1 - Start completed.
2022-05-19 21:45:41,636 INFO [SpringApplicationShutdownHook] c.z.h.HikariDataSource [HikariDataSource.java:350] HikariPool-1 - Shutdown initiated...
2022-05-19 21:45:41,646 INFO [SpringApplicationShutdownHook] c.z.h.HikariDataSource [HikariDataSource.java:352] HikariPool-1 - Shutdown completed.
2022-05-19 22:24:19,237 INFO [main] c.e.n.NewcoderApplication [StartupInfoLogger.java:55] Starting NewcoderApplication using Java 1.8.0_321 on DESKTOP-BPV16TU with PID 52616 (E:\Code_Study\Project\newcoder\target\classes started by w in E:\Code_Study\Project\newcoder)
2022-05-19 22:24:19,245 INFO [main] c.e.n.NewcoderApplication [SpringApplication.java:640] No active profile set, falling back to 1 default profile: "default"
2022-05-19 22:24:22,281 INFO [main] o.s.b.w.e.t.TomcatWebServer [TomcatWebServer.java:108] Tomcat initialized with port(s): 8080 (http)
2022-05-19 22:24:22,290 INFO [main] o.a.c.h.Http11NioProtocol [DirectJDKLog.java:173] Initializing ProtocolHandler ["http-nio-8080"]
2022-05-19 22:24:22,295 INFO [main] o.a.c.c.StandardService [DirectJDKLog.java:173] Starting service [Tomcat]
2022-05-19 22:24:22,296 INFO [main] o.a.c.c.StandardEngine [DirectJDKLog.java:173] Starting Servlet engine: [Apache Tomcat/9.0.60]
2022-05-19 22:24:22,522 INFO [main] o.a.c.c.C.[.[.[/] [DirectJDKLog.java:173] Initializing Spring embedded WebApplicationContext
2022-05-19 22:24:22,523 INFO [main] o.s.b.w.s.c.ServletWebServerApplicationContext [ServletWebServerApplicationContext.java:290] Root WebApplicationContext: initialization completed in 2987 ms
2022-05-19 22:24:24,087 INFO [main] o.a.c.c.StandardService [DirectJDKLog.java:173] Stopping service [Tomcat]
2022-05-19 22:26:24,367 INFO [main] c.e.n.NewcoderApplication [StartupInfoLogger.java:55] Starting NewcoderApplication using Java 1.8.0_321 on DESKTOP-BPV16TU with PID 80384 (E:\Code_Study\Project\newcoder\target\classes started by w in E:\Code_Study\Project\newcoder)
2022-05-19 22:26:24,374 INFO [main] c.e.n.NewcoderApplication [SpringApplication.java:640] No active profile set, falling back to 1 default profile: "default"
2022-05-19 22:26:26,012 INFO [main] o.s.b.w.e.t.TomcatWebServer [TomcatWebServer.java:108] Tomcat initialized with port(s): 8080 (http)
2022-05-19 22:26:26,022 INFO [main] o.a.c.h.Http11NioProtocol [DirectJDKLog.java:173] Initializing ProtocolHandler ["http-nio-8080"]
2022-05-19 22:26:26,025 INFO [main] o.a.c.c.StandardService [DirectJDKLog.java:173] Starting service [Tomcat]
2022-05-19 22:26:26,027 INFO [main] o.a.c.c.StandardEngine [DirectJDKLog.java:173] Starting Servlet engine: [Apache Tomcat/9.0.60]
2022-05-19 22:26:26,315 INFO [main] o.a.c.c.C.[.[.[/] [DirectJDKLog.java:173] Initializing Spring embedded WebApplicationContext
2022-05-19 22:26:26,316 INFO [main] o.s.b.w.s.c.ServletWebServerApplicationContext [ServletWebServerApplicationContext.java:290] Root WebApplicationContext: initialization completed in 1864 ms
2022-05-19 22:26:27,789 INFO [main] o.s.b.a.w.s.WelcomePageHandlerMapping [WelcomePageHandlerMapping.java:57] Adding welcome page template: index
2022-05-19 22:26:27,954 INFO [main] o.a.c.h.Http11NioProtocol [DirectJDKLog.java:173] Starting ProtocolHandler ["http-nio-8080"]
2022-05-19 22:26:27,980 INFO [main] o.s.b.w.e.t.TomcatWebServer [TomcatWebServer.java:220] Tomcat started on port(s): 8080 (http) with context path ''
2022-05-19 22:26:28,010 INFO [main] c.e.n.NewcoderApplication [StartupInfoLogger.java:61] Started NewcoderApplication in 4.597 seconds (JVM running for 5.947)
2022-05-19 22:27:31,120 INFO [http-nio-8080-exec-1] o.a.c.c.C.[.[.[/] [DirectJDKLog.java:173] Initializing Spring DispatcherServlet 'dispatcherServlet'
2022-05-19 22:27:31,120 INFO [http-nio-8080-exec-1] o.s.w.s.DispatcherServlet [FrameworkServlet.java:525] Initializing Servlet 'dispatcherServlet'
2022-05-19 22:27:31,122 INFO [http-nio-8080-exec-1] o.s.w.s.DispatcherServlet [FrameworkServlet.java:547] Completed initialization in 1 ms
2022-05-19 22:27:31,194 INFO [http-nio-8080-exec-1] c.z.h.HikariDataSource [HikariDataSource.java:110] HikariPool-1 - Starting...
2022-05-19 22:27:31,469 INFO [http-nio-8080-exec-1] c.z.h.HikariDataSource [HikariDataSource.java:123] HikariPool-1 - Start completed.
2022-05-19 22:29:24,020 INFO [SpringApplicationShutdownHook] c.z.h.HikariDataSource [HikariDataSource.java:350] HikariPool-1 - Shutdown initiated...
2022-05-19 22:29:24,047 INFO [SpringApplicationShutdownHook] c.z.h.HikariDataSource [HikariDataSource.java:352] HikariPool-1 - Shutdown completed.
2022-05-19 22:29:28,551 INFO [main] c.e.n.NewcoderApplication [StartupInfoLogger.java:55] Starting NewcoderApplication using Java 1.8.0_321 on DESKTOP-BPV16TU with PID 32364 (E:\Code_Study\Project\newcoder\target\classes started by w in E:\Code_Study\Project\newcoder)
2022-05-19 22:29:28,555 INFO [main] c.e.n.NewcoderApplication [SpringApplication.java:640] No active profile set, falling back to 1 default profile: "default"
2022-05-19 22:29:29,905 INFO [main] o.s.b.w.e.t.TomcatWebServer [TomcatWebServer.java:108] Tomcat initialized with port(s): 8080 (http)
2022-05-19 22:29:29,916 INFO [main] o.a.c.h.Http11NioProtocol [DirectJDKLog.java:173] Initializing ProtocolHandler ["http-nio-8080"]
2022-05-19 22:29:29,917 INFO [main] o.a.c.c.StandardService [DirectJDKLog.java:173] Starting service [Tomcat]
2022-05-19 22:29:29,917 INFO [main] o.a.c.c.StandardEngine [DirectJDKLog.java:173] Starting Servlet engine: [Apache Tomcat/9.0.60]
2022-05-19 22:29:30,098 INFO [main] o.a.c.c.C.[.[.[/] [DirectJDKLog.java:173] Initializing Spring embedded WebApplicationContext
2022-05-19 22:29:30,099 INFO [main] o.s.b.w.s.c.ServletWebServerApplicationContext [ServletWebServerApplicationContext.java:290] Root WebApplicationContext: initialization completed in 1492 ms
2022-05-19 22:29:31,471 INFO [main] o.s.b.a.w.s.WelcomePageHandlerMapping [WelcomePageHandlerMapping.java:57] Adding welcome page template: index
2022-05-19 22:29:31,601 INFO [main] o.a.c.h.Http11NioProtocol [DirectJDKLog.java:173] Starting ProtocolHandler ["http-nio-8080"]
2022-05-19 22:29:31,622 INFO [main] o.s.b.w.e.t.TomcatWebServer [TomcatWebServer.java:220] Tomcat started on port(s): 8080 (http) with context path ''
2022-05-19 22:29:31,655 INFO [main] c.e.n.NewcoderApplication [StartupInfoLogger.java:61] Started NewcoderApplication in 3.832 seconds (JVM running for 5.303)
2022-05-19 22:29:56,744 INFO [http-nio-8080-exec-1] o.a.c.c.C.[.[.[/] [DirectJDKLog.java:173] Initializing Spring DispatcherServlet 'dispatcherServlet'
2022-05-19 22:29:56,745 INFO [http-nio-8080-exec-1] o.s.w.s.DispatcherServlet [FrameworkServlet.java:525] Initializing Servlet 'dispatcherServlet'
2022-05-19 22:29:56,747 INFO [http-nio-8080-exec-1] o.s.w.s.DispatcherServlet [FrameworkServlet.java:547] Completed initialization in 2 ms
2022-05-19 22:29:56,785 INFO [http-nio-8080-exec-1] c.z.h.HikariDataSource [HikariDataSource.java:110] HikariPool-1 - Starting...
2022-05-19 22:29:56,917 INFO [http-nio-8080-exec-1] c.z.h.HikariDataSource [HikariDataSource.java:123] HikariPool-1 - Start completed.
2022-05-19 22:34:46,870 INFO [SpringApplicationShutdownHook] c.z.h.HikariDataSource [HikariDataSource.java:350] HikariPool-1 - Shutdown initiated...
2022-05-19 22:34:46,883 INFO [SpringApplicationShutdownHook] c.z.h.HikariDataSource [HikariDataSource.java:352] HikariPool-1 - Shutdown completed.
2022-05-19 22:34:57,049 INFO [main] c.e.n.NewcoderApplication [StartupInfoLogger.java:55] Starting NewcoderApplication using Java 1.8.0_321 on DESKTOP-BPV16TU with PID 63984 (E:\Code_Study\Project\newcoder\target\classes started by w in E:\Code_Study\Project\newcoder)
2022-05-19 22:34:57,053 INFO [main] c.e.n.NewcoderApplication [SpringApplication.java:640] No active profile set, falling back to 1 default profile: "default"
2022-05-19 22:34:58,347 INFO [main] o.s.b.w.e.t.TomcatWebServer [TomcatWebServer.java:108] Tomcat initialized with port(s): 8080 (http)
2022-05-19 22:34:58,357 INFO [main] o.a.c.h.Http11NioProtocol [DirectJDKLog.java:173] Initializing ProtocolHandler ["http-nio-8080"]
2022-05-19 22:34:58,358 INFO [main] o.a.c.c.StandardService [DirectJDKLog.java:173] Starting service [Tomcat]
2022-05-19 22:34:58,359 INFO [main] o.a.c.c.StandardEngine [DirectJDKLog.java:173] Starting Servlet engine: [Apache Tomcat/9.0.60]
2022-05-19 22:34:58,526 INFO [main] o.a.c.c.C.[.[.[/] [DirectJDKLog.java:173] Initializing Spring embedded WebApplicationContext
2022-05-19 22:34:58,527 INFO [main] o.s.b.w.s.c.ServletWebServerApplicationContext [ServletWebServerApplicationContext.java:290] Root WebApplicationContext: initialization completed in 1415 ms
2022-05-19 22:35:00,477 INFO [main] o.s.b.a.w.s.WelcomePageHandlerMapping [WelcomePageHandlerMapping.java:57] Adding welcome page template: index
2022-05-19 22:35:00,718 INFO [main] o.a.c.h.Http11NioProtocol [DirectJDKLog.java:173] Starting ProtocolHandler ["http-nio-8080"]
2022-05-19 22:35:00,764 INFO [main] o.s.b.w.e.t.TomcatWebServer [TomcatWebServer.java:220] Tomcat started on port(s): 8080 (http) with context path ''
2022-05-19 22:35:00,808 INFO [main] c.e.n.NewcoderApplication [StartupInfoLogger.java:61] Started NewcoderApplication in 4.625 seconds (JVM running for 6.049)
2022-05-19 22:35:45,341 INFO [http-nio-8080-exec-1] o.a.c.c.C.[.[.[/] [DirectJDKLog.java:173] Initializing Spring DispatcherServlet 'dispatcherServlet'
2022-05-19 22:35:45,342 INFO [http-nio-8080-exec-1] o.s.w.s.DispatcherServlet [FrameworkServlet.java:525] Initializing Servlet 'dispatcherServlet'
2022-05-19 22:35:45,344 INFO [http-nio-8080-exec-1] o.s.w.s.DispatcherServlet [FrameworkServlet.java:547] Completed initialization in 2 ms
2022-05-19 22:35:45,430 INFO [http-nio-8080-exec-1] c.z.h.HikariDataSource [HikariDataSource.java:110] HikariPool-1 - Starting...
2022-05-19 22:35:45,671 INFO [http-nio-8080-exec-1] c.z.h.HikariDataSource [HikariDataSource.java:123] HikariPool-1 - Start completed.
2022-05-19 22:37:26,856 INFO [SpringApplicationShutdownHook] c.z.h.HikariDataSource [HikariDataSource.java:350] HikariPool-1 - Shutdown initiated...
2022-05-19 22:37:26,864 INFO [SpringApplicationShutdownHook] c.z.h.HikariDataSource [HikariDataSource.java:352] HikariPool-1 - Shutdown completed.
2022-05-19 22:37:35,741 INFO [main] c.e.n.NewcoderApplication [StartupInfoLogger.java:55] Starting NewcoderApplication using Java 1.8.0_321 on DESKTOP-BPV16TU with PID 4628 (E:\Code_Study\Project\newcoder\target\classes started by w in E:\Code_Study\Project\newcoder)
2022-05-19 22:37:35,753 INFO [main] c.e.n.NewcoderApplication [SpringApplication.java:640] No active profile set, falling back to 1 default profile: "default"
2022-05-19 22:37:37,107 INFO [main] o.s.b.w.e.t.TomcatWebServer [TomcatWebServer.java:108] Tomcat initialized with port(s): 8080 (http)
2022-05-19 22:37:37,116 INFO [main] o.a.c.h.Http11NioProtocol [DirectJDKLog.java:173] Initializing ProtocolHandler ["http-nio-8080"]
2022-05-19 22:37:37,117 INFO [main] o.a.c.c.StandardService [DirectJDKLog.java:173] Starting service [Tomcat]
2022-05-19 22:37:37,117 INFO [main] o.a.c.c.StandardEngine [DirectJDKLog.java:173] Starting Servlet engine: [Apache Tomcat/9.0.60]
2022-05-19 22:37:37,279 INFO [main] o.a.c.c.C.[.[.[/] [DirectJDKLog.java:173] Initializing Spring embedded WebApplicationContext
2022-05-19 22:37:37,280 INFO [main] o.s.b.w.s.c.ServletWebServerApplicationContext [ServletWebServerApplicationContext.java:290] Root WebApplicationContext: initialization completed in 1410 ms
2022-05-19 22:37:39,378 INFO [main] o.s.b.a.w.s.WelcomePageHandlerMapping [WelcomePageHandlerMapping.java:57] Adding welcome page template: index
2022-05-19 22:37:39,630 INFO [main] o.a.c.h.Http11NioProtocol [DirectJDKLog.java:173] Starting ProtocolHandler ["http-nio-8080"]
2022-05-19 22:37:39,670 INFO [main] o.s.b.w.e.t.TomcatWebServer [TomcatWebServer.java:220] Tomcat started on port(s): 8080 (http) with context path ''
2022-05-19 22:37:39,707 INFO [main] c.e.n.NewcoderApplication [StartupInfoLogger.java:61] Started NewcoderApplication in 4.974 seconds (JVM running for 6.152)
2022-05-19 22:38:02,218 INFO [main] c.e.n.NewcoderApplication [StartupInfoLogger.java:55] Starting NewcoderApplication using Java 1.8.0_321 on DESKTOP-BPV16TU with PID 4900 (E:\Code_Study\Project\newcoder\target\classes started by w in E:\Code_Study\Project\newcoder)
2022-05-19 22:38:02,224 INFO [main] c.e.n.NewcoderApplication [SpringApplication.java:640] No active profile set, falling back to 1 default profile: "default"
2022-05-19 22:38:05,308 INFO [main] o.s.b.w.e.t.TomcatWebServer [TomcatWebServer.java:108] Tomcat initialized with port(s): 8080 (http)
2022-05-19 22:38:05,518 INFO [main] o.s.b.w.s.c.ServletWebServerApplicationContext [ServletWebServerApplicationContext.java:290] Root WebApplicationContext: initialization completed in 3226 ms
2022-05-19 22:38:06,841 INFO [main] o.s.b.a.w.s.WelcomePageHandlerMapping [WelcomePageHandlerMapping.java:57] Adding welcome page template: index
2022-05-19 22:38:06,977 INFO [main] o.s.b.w.e.t.TomcatWebServer [TomcatWebServer.java:220] Tomcat started on port(s): 8080 (http) with context path ''
2022-05-19 22:38:07,016 INFO [main] c.e.n.NewcoderApplication [StartupInfoLogger.java:61] Started NewcoderApplication in 5.728 seconds (JVM running for 7.223)
2022-05-19 22:38:14,676 INFO [main] c.e.n.NewcoderApplication [StartupInfoLogger.java:55] Starting NewcoderApplication using Java 1.8.0_321 on DESKTOP-BPV16TU with PID 51936 (E:\Code_Study\Project\newcoder\target\classes started by w in E:\Code_Study\Project\newcoder)
2022-05-19 22:38:14,680 INFO [main] c.e.n.NewcoderApplication [SpringApplication.java:640] No active profile set, falling back to 1 default profile: "default"
2022-05-19 22:38:16,049 INFO [main] o.s.b.w.e.t.TomcatWebServer [TomcatWebServer.java:108] Tomcat initialized with port(s): 8080 (http)
2022-05-19 22:38:16,059 INFO [main] o.a.c.h.Http11NioProtocol [DirectJDKLog.java:173] Initializing ProtocolHandler ["http-nio-8080"]
2022-05-19 22:38:16,061 INFO [main] o.a.c.c.StandardService [DirectJDKLog.java:173] Starting service [Tomcat]
2022-05-19 22:38:16,061 INFO [main] o.a.c.c.StandardEngine [DirectJDKLog.java:173] Starting Servlet engine: [Apache Tomcat/9.0.60]
2022-05-19 22:38:16,247 INFO [main] o.a.c.c.C.[.[.[/] [DirectJDKLog.java:173] Initializing Spring embedded WebApplicationContext
2022-05-19 22:38:16,247 INFO [main] o.s.b.w.s.c.ServletWebServerApplicationContext [ServletWebServerApplicationContext.java:290] Root WebApplicationContext: initialization completed in 1512 ms
2022-05-19 22:38:18,137 INFO [main] o.s.b.a.w.s.WelcomePageHandlerMapping [WelcomePageHandlerMapping.java:57] Adding welcome page template: index
2022-05-19 22:38:18,582 INFO [main] o.a.c.h.Http11NioProtocol [DirectJDKLog.java:173] Starting ProtocolHandler ["http-nio-8080"]
2022-05-19 22:38:18,632 INFO [main] o.s.b.w.e.t.TomcatWebServer [TomcatWebServer.java:220] Tomcat started on port(s): 8080 (http) with context path ''
2022-05-19 22:38:18,667 INFO [main] c.e.n.NewcoderApplication [StartupInfoLogger.java:61] Started NewcoderApplication in 4.835 seconds (JVM running for 5.924)
2022-05-19 22:38:19,515 INFO [http-nio-8080-exec-1] o.a.c.c.C.[.[.[/] [DirectJDKLog.java:173] Initializing Spring DispatcherServlet 'dispatcherServlet'
2022-05-19 22:38:19,515 INFO [http-nio-8080-exec-1] o.s.w.s.DispatcherServlet [FrameworkServlet.java:525] Initializing Servlet 'dispatcherServlet'
2022-05-19 22:38:19,518 INFO [http-nio-8080-exec-1] o.s.w.s.DispatcherServlet [FrameworkServlet.java:547] Completed initialization in 3 ms
2022-05-19 22:38:19,718 INFO [http-nio-8080-exec-1] c.z.h.HikariDataSource [HikariDataSource.java:110] HikariPool-1 - Starting...
2022-05-19 22:38:20,080 INFO [http-nio-8080-exec-1] c.z.h.HikariDataSource [HikariDataSource.java:123] HikariPool-1 - Start completed.
2022-05-19 22:39:12,766 INFO [SpringApplicationShutdownHook] c.z.h.HikariDataSource [HikariDataSource.java:350] HikariPool-1 - Shutdown initiated...
2022-05-19 22:39:12,774 INFO [SpringApplicationShutdownHook] c.z.h.HikariDataSource [HikariDataSource.java:352] HikariPool-1 - Shutdown completed.
