2022-05-28 16:37:33,680 INFO [main] c.e.n.NewcoderApplication [StartupInfoLogger.java:55] Starting NewcoderApplication using Java 1.8.0_321 on DESKTOP-BPV16TU with PID 56968 (E:\Code_Study\Project\newcoder\target\classes started by w in E:\Code_Study\Project\newcoder)
2022-05-28 16:37:33,694 INFO [main] c.e.n.NewcoderApplication [SpringApplication.java:640] No active profile set, falling back to 1 default profile: "default"
2022-05-28 16:37:36,702 INFO [main] o.s.b.w.e.t.TomcatWebServer [TomcatWebServer.java:108] Tomcat initialized with port(s): 8080 (http)
2022-05-28 16:37:36,749 INFO [main] o.a.c.h.Http11NioProtocol [DirectJDKLog.java:173] Initializing ProtocolHandler ["http-nio-8080"]
2022-05-28 16:37:36,750 INFO [main] o.a.c.c.StandardService [DirectJDKLog.java:173] Starting service [Tomcat]
2022-05-28 16:37:36,751 INFO [main] o.a.c.c.StandardEngine [DirectJDKLog.java:173] Starting Servlet engine: [Apache Tomcat/9.0.60]
2022-05-28 16:37:37,160 INFO [main] o.a.c.c.C.[.[.[/] [DirectJDKLog.java:173] Initializing Spring embedded WebApplicationContext
2022-05-28 16:37:37,162 INFO [main] o.s.b.w.s.c.ServletWebServerApplicationContext [ServletWebServerApplicationContext.java:290] Root WebApplicationContext: initialization completed in 2885 ms
2022-05-28 16:37:40,471 INFO [main] o.s.b.a.w.s.WelcomePageHandlerMapping [WelcomePageHandlerMapping.java:57] Adding welcome page template: index
2022-05-28 16:37:40,849 INFO [main] o.a.c.h.Http11NioProtocol [DirectJDKLog.java:173] Starting ProtocolHandler ["http-nio-8080"]
2022-05-28 16:37:40,870 INFO [main] o.s.b.w.e.t.TomcatWebServer [TomcatWebServer.java:220] Tomcat started on port(s): 8080 (http) with context path ''
2022-05-28 16:37:40,897 INFO [main] c.e.n.NewcoderApplication [StartupInfoLogger.java:61] Started NewcoderApplication in 9.083 seconds (JVM running for 12.205)
2022-05-28 16:37:50,443 INFO [http-nio-8080-exec-1] o.a.c.c.C.[.[.[/] [DirectJDKLog.java:173] Initializing Spring DispatcherServlet 'dispatcherServlet'
2022-05-28 16:37:50,444 INFO [http-nio-8080-exec-1] o.s.w.s.DispatcherServlet [FrameworkServlet.java:525] Initializing Servlet 'dispatcherServlet'
2022-05-28 16:37:50,445 INFO [http-nio-8080-exec-1] o.s.w.s.DispatcherServlet [FrameworkServlet.java:547] Completed initialization in 1 ms
2022-05-28 16:38:17,981 INFO [http-nio-8080-exec-2] c.z.h.HikariDataSource [HikariDataSource.java:110] HikariPool-1 - Starting...
2022-05-28 16:38:18,340 INFO [http-nio-8080-exec-2] c.z.h.HikariDataSource [HikariDataSource.java:123] HikariPool-1 - Start completed.
2022-05-28 16:39:03,318 INFO [SpringApplicationShutdownHook] c.z.h.HikariDataSource [HikariDataSource.java:350] HikariPool-1 - Shutdown initiated...
2022-05-28 16:39:03,333 INFO [SpringApplicationShutdownHook] c.z.h.HikariDataSource [HikariDataSource.java:352] HikariPool-1 - Shutdown completed.
2022-05-28 16:39:11,731 INFO [main] c.e.n.NewcoderApplication [StartupInfoLogger.java:55] Starting NewcoderApplication using Java 1.8.0_321 on DESKTOP-BPV16TU with PID 56892 (E:\Code_Study\Project\newcoder\target\classes started by w in E:\Code_Study\Project\newcoder)
2022-05-28 16:39:11,745 INFO [main] c.e.n.NewcoderApplication [SpringApplication.java:640] No active profile set, falling back to 1 default profile: "default"
2022-05-28 16:39:13,591 INFO [main] o.s.b.w.e.t.TomcatWebServer [TomcatWebServer.java:108] Tomcat initialized with port(s): 8080 (http)
2022-05-28 16:39:13,600 INFO [main] o.a.c.h.Http11NioProtocol [DirectJDKLog.java:173] Initializing ProtocolHandler ["http-nio-8080"]
2022-05-28 16:39:13,601 INFO [main] o.a.c.c.StandardService [DirectJDKLog.java:173] Starting service [Tomcat]
2022-05-28 16:39:13,601 INFO [main] o.a.c.c.StandardEngine [DirectJDKLog.java:173] Starting Servlet engine: [Apache Tomcat/9.0.60]
2022-05-28 16:39:13,834 INFO [main] o.a.c.c.C.[.[.[/] [DirectJDKLog.java:173] Initializing Spring embedded WebApplicationContext
2022-05-28 16:39:13,836 INFO [main] o.s.b.w.s.c.ServletWebServerApplicationContext [ServletWebServerApplicationContext.java:290] Root WebApplicationContext: initialization completed in 1923 ms
2022-05-28 16:39:15,413 INFO [main] o.s.b.a.w.s.WelcomePageHandlerMapping [WelcomePageHandlerMapping.java:57] Adding welcome page template: index
2022-05-28 16:39:15,567 INFO [main] o.a.c.h.Http11NioProtocol [DirectJDKLog.java:173] Starting ProtocolHandler ["http-nio-8080"]
2022-05-28 16:39:15,588 INFO [main] o.s.b.w.e.t.TomcatWebServer [TomcatWebServer.java:220] Tomcat started on port(s): 8080 (http) with context path ''
2022-05-28 16:39:15,614 INFO [main] c.e.n.NewcoderApplication [StartupInfoLogger.java:61] Started NewcoderApplication in 4.913 seconds (JVM running for 6.213)
2022-05-28 16:39:24,906 INFO [http-nio-8080-exec-1] o.a.c.c.C.[.[.[/] [DirectJDKLog.java:173] Initializing Spring DispatcherServlet 'dispatcherServlet'
2022-05-28 16:39:24,906 INFO [http-nio-8080-exec-1] o.s.w.s.DispatcherServlet [FrameworkServlet.java:525] Initializing Servlet 'dispatcherServlet'
2022-05-28 16:39:24,908 INFO [http-nio-8080-exec-1] o.s.w.s.DispatcherServlet [FrameworkServlet.java:547] Completed initialization in 2 ms
2022-05-28 16:39:24,997 INFO [http-nio-8080-exec-1] c.z.h.HikariDataSource [HikariDataSource.java:110] HikariPool-1 - Starting...
2022-05-28 16:39:25,206 INFO [http-nio-8080-exec-1] c.z.h.HikariDataSource [HikariDataSource.java:123] HikariPool-1 - Start completed.
2022-05-28 16:45:28,335 INFO [SpringApplicationShutdownHook] c.z.h.HikariDataSource [HikariDataSource.java:350] HikariPool-1 - Shutdown initiated...
2022-05-28 16:45:28,344 INFO [SpringApplicationShutdownHook] c.z.h.HikariDataSource [HikariDataSource.java:352] HikariPool-1 - Shutdown completed.
2022-05-28 16:46:33,183 INFO [main] c.e.n.NewcoderApplication [StartupInfoLogger.java:55] Starting NewcoderApplication using Java 1.8.0_321 on DESKTOP-BPV16TU with PID 56388 (E:\Code_Study\Project\newcoder\target\classes started by w in E:\Code_Study\Project\newcoder)
2022-05-28 16:46:33,188 INFO [main] c.e.n.NewcoderApplication [SpringApplication.java:640] No active profile set, falling back to 1 default profile: "default"
2022-05-28 16:46:35,069 INFO [main] o.s.b.w.e.t.TomcatWebServer [TomcatWebServer.java:108] Tomcat initialized with port(s): 8080 (http)
2022-05-28 16:46:35,080 INFO [main] o.a.c.h.Http11NioProtocol [DirectJDKLog.java:173] Initializing ProtocolHandler ["http-nio-8080"]
2022-05-28 16:46:35,081 INFO [main] o.a.c.c.StandardService [DirectJDKLog.java:173] Starting service [Tomcat]
2022-05-28 16:46:35,081 INFO [main] o.a.c.c.StandardEngine [DirectJDKLog.java:173] Starting Servlet engine: [Apache Tomcat/9.0.60]
2022-05-28 16:46:35,274 INFO [main] o.a.c.c.C.[.[.[/] [DirectJDKLog.java:173] Initializing Spring embedded WebApplicationContext
2022-05-28 16:46:35,274 INFO [main] o.s.b.w.s.c.ServletWebServerApplicationContext [ServletWebServerApplicationContext.java:290] Root WebApplicationContext: initialization completed in 1935 ms
2022-05-28 16:46:36,902 INFO [main] o.s.b.a.w.s.WelcomePageHandlerMapping [WelcomePageHandlerMapping.java:57] Adding welcome page template: index
2022-05-28 16:46:37,089 INFO [main] o.a.c.h.Http11NioProtocol [DirectJDKLog.java:173] Starting ProtocolHandler ["http-nio-8080"]
2022-05-28 16:46:37,122 INFO [main] o.s.b.w.e.t.TomcatWebServer [TomcatWebServer.java:220] Tomcat started on port(s): 8080 (http) with context path ''
2022-05-28 16:46:37,206 INFO [main] c.e.n.NewcoderApplication [StartupInfoLogger.java:61] Started NewcoderApplication in 5.267 seconds (JVM running for 6.722)
2022-05-28 16:46:37,276 INFO [http-nio-8080-exec-1] o.a.c.c.C.[.[.[/] [DirectJDKLog.java:173] Initializing Spring DispatcherServlet 'dispatcherServlet'
2022-05-28 16:46:37,276 INFO [http-nio-8080-exec-1] o.s.w.s.DispatcherServlet [FrameworkServlet.java:525] Initializing Servlet 'dispatcherServlet'
2022-05-28 16:46:37,278 INFO [http-nio-8080-exec-1] o.s.w.s.DispatcherServlet [FrameworkServlet.java:547] Completed initialization in 2 ms
2022-05-28 16:46:37,344 INFO [http-nio-8080-exec-1] c.z.h.HikariDataSource [HikariDataSource.java:110] HikariPool-1 - Starting...
2022-05-28 16:46:37,640 INFO [http-nio-8080-exec-1] c.z.h.HikariDataSource [HikariDataSource.java:123] HikariPool-1 - Start completed.
2022-05-28 16:47:45,805 INFO [SpringApplicationShutdownHook] c.z.h.HikariDataSource [HikariDataSource.java:350] HikariPool-1 - Shutdown initiated...
2022-05-28 16:47:45,813 INFO [SpringApplicationShutdownHook] c.z.h.HikariDataSource [HikariDataSource.java:352] HikariPool-1 - Shutdown completed.
2022-05-28 16:47:52,033 INFO [main] c.e.n.NewcoderApplication [StartupInfoLogger.java:55] Starting NewcoderApplication using Java 1.8.0_321 on DESKTOP-BPV16TU with PID 56392 (E:\Code_Study\Project\newcoder\target\classes started by w in E:\Code_Study\Project\newcoder)
2022-05-28 16:47:52,038 INFO [main] c.e.n.NewcoderApplication [SpringApplication.java:640] No active profile set, falling back to 1 default profile: "default"
2022-05-28 16:47:53,391 INFO [main] o.s.b.w.e.t.TomcatWebServer [TomcatWebServer.java:108] Tomcat initialized with port(s): 8080 (http)
2022-05-28 16:47:53,403 INFO [main] o.a.c.h.Http11NioProtocol [DirectJDKLog.java:173] Initializing ProtocolHandler ["http-nio-8080"]
2022-05-28 16:47:53,404 INFO [main] o.a.c.c.StandardService [DirectJDKLog.java:173] Starting service [Tomcat]
2022-05-28 16:47:53,407 INFO [main] o.a.c.c.StandardEngine [DirectJDKLog.java:173] Starting Servlet engine: [Apache Tomcat/9.0.60]
2022-05-28 16:47:53,627 INFO [main] o.a.c.c.C.[.[.[/] [DirectJDKLog.java:173] Initializing Spring embedded WebApplicationContext
2022-05-28 16:47:53,628 INFO [main] o.s.b.w.s.c.ServletWebServerApplicationContext [ServletWebServerApplicationContext.java:290] Root WebApplicationContext: initialization completed in 1515 ms
2022-05-28 16:47:55,151 INFO [main] o.s.b.a.w.s.WelcomePageHandlerMapping [WelcomePageHandlerMapping.java:57] Adding welcome page template: index
2022-05-28 16:47:55,374 INFO [main] o.a.c.h.Http11NioProtocol [DirectJDKLog.java:173] Starting ProtocolHandler ["http-nio-8080"]
2022-05-28 16:47:55,415 INFO [main] o.s.b.w.e.t.TomcatWebServer [TomcatWebServer.java:220] Tomcat started on port(s): 8080 (http) with context path ''
2022-05-28 16:47:55,455 INFO [main] c.e.n.NewcoderApplication [StartupInfoLogger.java:61] Started NewcoderApplication in 4.427 seconds (JVM running for 6.816)
2022-05-28 16:48:08,043 INFO [http-nio-8080-exec-1] o.a.c.c.C.[.[.[/] [DirectJDKLog.java:173] Initializing Spring DispatcherServlet 'dispatcherServlet'
2022-05-28 16:48:08,043 INFO [http-nio-8080-exec-1] o.s.w.s.DispatcherServlet [FrameworkServlet.java:525] Initializing Servlet 'dispatcherServlet'
2022-05-28 16:48:08,044 INFO [http-nio-8080-exec-1] o.s.w.s.DispatcherServlet [FrameworkServlet.java:547] Completed initialization in 1 ms
2022-05-28 16:48:08,081 INFO [http-nio-8080-exec-1] c.z.h.HikariDataSource [HikariDataSource.java:110] HikariPool-1 - Starting...
2022-05-28 16:48:08,213 INFO [http-nio-8080-exec-1] c.z.h.HikariDataSource [HikariDataSource.java:123] HikariPool-1 - Start completed.
2022-05-28 16:48:27,787 INFO [SpringApplicationShutdownHook] c.z.h.HikariDataSource [HikariDataSource.java:350] HikariPool-1 - Shutdown initiated...
2022-05-28 16:48:27,796 INFO [SpringApplicationShutdownHook] c.z.h.HikariDataSource [HikariDataSource.java:352] HikariPool-1 - Shutdown completed.
2022-05-28 16:48:33,902 INFO [main] c.e.n.NewcoderApplication [StartupInfoLogger.java:55] Starting NewcoderApplication using Java 1.8.0_321 on DESKTOP-BPV16TU with PID 57008 (E:\Code_Study\Project\newcoder\target\classes started by w in E:\Code_Study\Project\newcoder)
2022-05-28 16:48:33,905 INFO [main] c.e.n.NewcoderApplication [SpringApplication.java:640] No active profile set, falling back to 1 default profile: "default"
2022-05-28 16:48:35,176 INFO [main] o.s.b.w.e.t.TomcatWebServer [TomcatWebServer.java:108] Tomcat initialized with port(s): 8080 (http)
2022-05-28 16:48:35,186 INFO [main] o.a.c.h.Http11NioProtocol [DirectJDKLog.java:173] Initializing ProtocolHandler ["http-nio-8080"]
2022-05-28 16:48:35,187 INFO [main] o.a.c.c.StandardService [DirectJDKLog.java:173] Starting service [Tomcat]
2022-05-28 16:48:35,187 INFO [main] o.a.c.c.StandardEngine [DirectJDKLog.java:173] Starting Servlet engine: [Apache Tomcat/9.0.60]
2022-05-28 16:48:35,353 INFO [main] o.a.c.c.C.[.[.[/] [DirectJDKLog.java:173] Initializing Spring embedded WebApplicationContext
2022-05-28 16:48:35,353 INFO [main] o.s.b.w.s.c.ServletWebServerApplicationContext [ServletWebServerApplicationContext.java:290] Root WebApplicationContext: initialization completed in 1395 ms
2022-05-28 16:48:36,736 INFO [main] o.s.b.a.w.s.WelcomePageHandlerMapping [WelcomePageHandlerMapping.java:57] Adding welcome page template: index
2022-05-28 16:48:36,907 INFO [main] o.a.c.h.Http11NioProtocol [DirectJDKLog.java:173] Starting ProtocolHandler ["http-nio-8080"]
2022-05-28 16:48:36,942 INFO [main] o.s.b.w.e.t.TomcatWebServer [TomcatWebServer.java:220] Tomcat started on port(s): 8080 (http) with context path ''
2022-05-28 16:48:36,988 INFO [main] c.e.n.NewcoderApplication [StartupInfoLogger.java:61] Started NewcoderApplication in 4.132 seconds (JVM running for 6.63)
2022-05-28 16:48:53,605 INFO [main] c.e.n.NewcoderApplication [StartupInfoLogger.java:55] Starting NewcoderApplication using Java 1.8.0_321 on DESKTOP-BPV16TU with PID 16588 (E:\Code_Study\Project\newcoder\target\classes started by w in E:\Code_Study\Project\newcoder)
2022-05-28 16:48:53,611 INFO [main] c.e.n.NewcoderApplication [SpringApplication.java:640] No active profile set, falling back to 1 default profile: "default"
2022-05-28 16:48:55,055 INFO [main] o.s.b.w.e.t.TomcatWebServer [TomcatWebServer.java:108] Tomcat initialized with port(s): 8080 (http)
2022-05-28 16:48:55,064 INFO [main] o.a.c.h.Http11NioProtocol [DirectJDKLog.java:173] Initializing ProtocolHandler ["http-nio-8080"]
2022-05-28 16:48:55,064 INFO [main] o.a.c.c.StandardService [DirectJDKLog.java:173] Starting service [Tomcat]
2022-05-28 16:48:55,065 INFO [main] o.a.c.c.StandardEngine [DirectJDKLog.java:173] Starting Servlet engine: [Apache Tomcat/9.0.60]
2022-05-28 16:48:55,259 INFO [main] o.a.c.c.C.[.[.[/] [DirectJDKLog.java:173] Initializing Spring embedded WebApplicationContext
2022-05-28 16:48:55,260 INFO [main] o.s.b.w.s.c.ServletWebServerApplicationContext [ServletWebServerApplicationContext.java:290] Root WebApplicationContext: initialization completed in 1593 ms
2022-05-28 16:48:56,722 INFO [main] o.s.b.a.w.s.WelcomePageHandlerMapping [WelcomePageHandlerMapping.java:57] Adding welcome page template: index
2022-05-28 16:48:56,871 INFO [main] o.a.c.h.Http11NioProtocol [DirectJDKLog.java:173] Starting ProtocolHandler ["http-nio-8080"]
2022-05-28 16:48:56,897 INFO [main] o.s.b.w.e.t.TomcatWebServer [TomcatWebServer.java:220] Tomcat started on port(s): 8080 (http) with context path ''
2022-05-28 16:48:56,931 INFO [main] c.e.n.NewcoderApplication [StartupInfoLogger.java:61] Started NewcoderApplication in 4.242 seconds (JVM running for 6.043)
2022-05-28 16:48:58,880 INFO [http-nio-8080-exec-2] o.a.c.c.C.[.[.[/] [DirectJDKLog.java:173] Initializing Spring DispatcherServlet 'dispatcherServlet'
2022-05-28 16:48:58,880 INFO [http-nio-8080-exec-2] o.s.w.s.DispatcherServlet [FrameworkServlet.java:525] Initializing Servlet 'dispatcherServlet'
2022-05-28 16:48:58,882 INFO [http-nio-8080-exec-2] o.s.w.s.DispatcherServlet [FrameworkServlet.java:547] Completed initialization in 2 ms
2022-05-28 16:48:58,919 INFO [http-nio-8080-exec-2] c.z.h.HikariDataSource [HikariDataSource.java:110] HikariPool-1 - Starting...
2022-05-28 16:48:59,064 INFO [http-nio-8080-exec-2] c.z.h.HikariDataSource [HikariDataSource.java:123] HikariPool-1 - Start completed.
2022-05-28 16:49:09,746 INFO [SpringApplicationShutdownHook] c.z.h.HikariDataSource [HikariDataSource.java:350] HikariPool-1 - Shutdown initiated...
2022-05-28 16:49:09,753 INFO [SpringApplicationShutdownHook] c.z.h.HikariDataSource [HikariDataSource.java:352] HikariPool-1 - Shutdown completed.
2022-05-28 16:49:15,751 INFO [main] c.e.n.NewcoderApplication [StartupInfoLogger.java:55] Starting NewcoderApplication using Java 1.8.0_321 on DESKTOP-BPV16TU with PID 56824 (E:\Code_Study\Project\newcoder\target\classes started by w in E:\Code_Study\Project\newcoder)
2022-05-28 16:49:15,760 INFO [main] c.e.n.NewcoderApplication [SpringApplication.java:640] No active profile set, falling back to 1 default profile: "default"
2022-05-28 16:49:17,327 INFO [main] o.s.b.w.e.t.TomcatWebServer [TomcatWebServer.java:108] Tomcat initialized with port(s): 8080 (http)
2022-05-28 16:49:17,336 INFO [main] o.a.c.h.Http11NioProtocol [DirectJDKLog.java:173] Initializing ProtocolHandler ["http-nio-8080"]
2022-05-28 16:49:17,337 INFO [main] o.a.c.c.StandardService [DirectJDKLog.java:173] Starting service [Tomcat]
2022-05-28 16:49:17,337 INFO [main] o.a.c.c.StandardEngine [DirectJDKLog.java:173] Starting Servlet engine: [Apache Tomcat/9.0.60]
2022-05-28 16:49:17,549 INFO [main] o.a.c.c.C.[.[.[/] [DirectJDKLog.java:173] Initializing Spring embedded WebApplicationContext
2022-05-28 16:49:17,550 INFO [main] o.s.b.w.s.c.ServletWebServerApplicationContext [ServletWebServerApplicationContext.java:290] Root WebApplicationContext: initialization completed in 1730 ms
2022-05-28 16:49:19,156 INFO [main] o.s.b.a.w.s.WelcomePageHandlerMapping [WelcomePageHandlerMapping.java:57] Adding welcome page template: index
2022-05-28 16:49:19,342 INFO [main] o.a.c.h.Http11NioProtocol [DirectJDKLog.java:173] Starting ProtocolHandler ["http-nio-8080"]
2022-05-28 16:49:19,365 INFO [main] o.s.b.w.e.t.TomcatWebServer [TomcatWebServer.java:220] Tomcat started on port(s): 8080 (http) with context path ''
2022-05-28 16:49:19,396 INFO [main] c.e.n.NewcoderApplication [StartupInfoLogger.java:61] Started NewcoderApplication in 5.087 seconds (JVM running for 7.371)
2022-05-28 16:49:20,580 INFO [http-nio-8080-exec-2] o.a.c.c.C.[.[.[/] [DirectJDKLog.java:173] Initializing Spring DispatcherServlet 'dispatcherServlet'
2022-05-28 16:49:20,581 INFO [http-nio-8080-exec-2] o.s.w.s.DispatcherServlet [FrameworkServlet.java:525] Initializing Servlet 'dispatcherServlet'
2022-05-28 16:49:20,582 INFO [http-nio-8080-exec-2] o.s.w.s.DispatcherServlet [FrameworkServlet.java:547] Completed initialization in 1 ms
2022-05-28 16:49:20,630 INFO [http-nio-8080-exec-2] c.z.h.HikariDataSource [HikariDataSource.java:110] HikariPool-1 - Starting...
2022-05-28 16:49:20,773 INFO [http-nio-8080-exec-2] c.z.h.HikariDataSource [HikariDataSource.java:123] HikariPool-1 - Start completed.
2022-05-28 16:50:47,204 INFO [SpringApplicationShutdownHook] c.z.h.HikariDataSource [HikariDataSource.java:350] HikariPool-1 - Shutdown initiated...
2022-05-28 16:50:47,216 INFO [SpringApplicationShutdownHook] c.z.h.HikariDataSource [HikariDataSource.java:352] HikariPool-1 - Shutdown completed.
2022-05-28 16:50:53,715 INFO [main] c.e.n.NewcoderApplication [StartupInfoLogger.java:55] Starting NewcoderApplication using Java 1.8.0_321 on DESKTOP-BPV16TU with PID 54668 (E:\Code_Study\Project\newcoder\target\classes started by w in E:\Code_Study\Project\newcoder)
2022-05-28 16:50:53,720 INFO [main] c.e.n.NewcoderApplication [SpringApplication.java:640] No active profile set, falling back to 1 default profile: "default"
2022-05-28 16:50:57,095 INFO [main] o.s.b.w.e.t.TomcatWebServer [TomcatWebServer.java:108] Tomcat initialized with port(s): 8080 (http)
2022-05-28 16:50:57,103 INFO [main] o.a.c.h.Http11NioProtocol [DirectJDKLog.java:173] Initializing ProtocolHandler ["http-nio-8080"]
2022-05-28 16:50:57,104 INFO [main] o.a.c.c.StandardService [DirectJDKLog.java:173] Starting service [Tomcat]
2022-05-28 16:50:57,104 INFO [main] o.a.c.c.StandardEngine [DirectJDKLog.java:173] Starting Servlet engine: [Apache Tomcat/9.0.60]
2022-05-28 16:50:57,318 INFO [main] o.a.c.c.C.[.[.[/] [DirectJDKLog.java:173] Initializing Spring embedded WebApplicationContext
2022-05-28 16:50:57,319 INFO [main] o.s.b.w.s.c.ServletWebServerApplicationContext [ServletWebServerApplicationContext.java:290] Root WebApplicationContext: initialization completed in 3525 ms
2022-05-28 16:50:58,627 INFO [main] o.s.b.a.w.s.WelcomePageHandlerMapping [WelcomePageHandlerMapping.java:57] Adding welcome page template: index
2022-05-28 16:50:58,754 INFO [main] o.a.c.h.Http11NioProtocol [DirectJDKLog.java:173] Starting ProtocolHandler ["http-nio-8080"]
2022-05-28 16:50:58,774 INFO [main] o.s.b.w.e.t.TomcatWebServer [TomcatWebServer.java:220] Tomcat started on port(s): 8080 (http) with context path ''
2022-05-28 16:50:58,801 INFO [main] c.e.n.NewcoderApplication [StartupInfoLogger.java:61] Started NewcoderApplication in 6.083 seconds (JVM running for 7.843)
2022-05-28 16:50:59,144 INFO [http-nio-8080-exec-2] o.a.c.c.C.[.[.[/] [DirectJDKLog.java:173] Initializing Spring DispatcherServlet 'dispatcherServlet'
2022-05-28 16:50:59,144 INFO [http-nio-8080-exec-2] o.s.w.s.DispatcherServlet [FrameworkServlet.java:525] Initializing Servlet 'dispatcherServlet'
2022-05-28 16:50:59,145 INFO [http-nio-8080-exec-2] o.s.w.s.DispatcherServlet [FrameworkServlet.java:547] Completed initialization in 1 ms
2022-05-28 16:50:59,193 INFO [http-nio-8080-exec-2] c.z.h.HikariDataSource [HikariDataSource.java:110] HikariPool-1 - Starting...
2022-05-28 16:50:59,330 INFO [http-nio-8080-exec-2] c.z.h.HikariDataSource [HikariDataSource.java:123] HikariPool-1 - Start completed.
2022-05-28 16:51:34,926 INFO [SpringApplicationShutdownHook] c.z.h.HikariDataSource [HikariDataSource.java:350] HikariPool-1 - Shutdown initiated...
2022-05-28 16:51:34,938 INFO [SpringApplicationShutdownHook] c.z.h.HikariDataSource [HikariDataSource.java:352] HikariPool-1 - Shutdown completed.
2022-05-28 16:51:42,713 INFO [main] c.e.n.NewcoderApplication [StartupInfoLogger.java:55] Starting NewcoderApplication using Java 1.8.0_321 on DESKTOP-BPV16TU with PID 54228 (E:\Code_Study\Project\newcoder\target\classes started by w in E:\Code_Study\Project\newcoder)
2022-05-28 16:51:42,719 INFO [main] c.e.n.NewcoderApplication [SpringApplication.java:640] No active profile set, falling back to 1 default profile: "default"
2022-05-28 16:51:44,344 INFO [main] o.s.b.w.e.t.TomcatWebServer [TomcatWebServer.java:108] Tomcat initialized with port(s): 8080 (http)
2022-05-28 16:51:44,362 INFO [main] o.a.c.h.Http11NioProtocol [DirectJDKLog.java:173] Initializing ProtocolHandler ["http-nio-8080"]
2022-05-28 16:51:44,364 INFO [main] o.a.c.c.StandardService [DirectJDKLog.java:173] Starting service [Tomcat]
2022-05-28 16:51:44,364 INFO [main] o.a.c.c.StandardEngine [DirectJDKLog.java:173] Starting Servlet engine: [Apache Tomcat/9.0.60]
2022-05-28 16:51:44,625 INFO [main] o.a.c.c.C.[.[.[/] [DirectJDKLog.java:173] Initializing Spring embedded WebApplicationContext
2022-05-28 16:51:44,626 INFO [main] o.s.b.w.s.c.ServletWebServerApplicationContext [ServletWebServerApplicationContext.java:290] Root WebApplicationContext: initialization completed in 1835 ms
2022-05-28 16:51:46,258 INFO [main] o.s.b.a.w.s.WelcomePageHandlerMapping [WelcomePageHandlerMapping.java:57] Adding welcome page template: index
2022-05-28 16:51:46,394 INFO [main] o.a.c.h.Http11NioProtocol [DirectJDKLog.java:173] Starting ProtocolHandler ["http-nio-8080"]
2022-05-28 16:51:46,416 INFO [main] o.s.b.w.e.t.TomcatWebServer [TomcatWebServer.java:220] Tomcat started on port(s): 8080 (http) with context path ''
2022-05-28 16:51:46,446 INFO [main] c.e.n.NewcoderApplication [StartupInfoLogger.java:61] Started NewcoderApplication in 4.586 seconds (JVM running for 7.289)
2022-05-28 16:51:48,888 INFO [http-nio-8080-exec-2] o.a.c.c.C.[.[.[/] [DirectJDKLog.java:173] Initializing Spring DispatcherServlet 'dispatcherServlet'
2022-05-28 16:51:48,888 INFO [http-nio-8080-exec-2] o.s.w.s.DispatcherServlet [FrameworkServlet.java:525] Initializing Servlet 'dispatcherServlet'
2022-05-28 16:51:48,890 INFO [http-nio-8080-exec-2] o.s.w.s.DispatcherServlet [FrameworkServlet.java:547] Completed initialization in 2 ms
2022-05-28 16:51:48,970 INFO [http-nio-8080-exec-2] c.z.h.HikariDataSource [HikariDataSource.java:110] HikariPool-1 - Starting...
2022-05-28 16:51:49,174 INFO [http-nio-8080-exec-2] c.z.h.HikariDataSource [HikariDataSource.java:123] HikariPool-1 - Start completed.
2022-05-28 16:54:06,254 INFO [SpringApplicationShutdownHook] c.z.h.HikariDataSource [HikariDataSource.java:350] HikariPool-1 - Shutdown initiated...
2022-05-28 16:54:06,269 INFO [SpringApplicationShutdownHook] c.z.h.HikariDataSource [HikariDataSource.java:352] HikariPool-1 - Shutdown completed.
2022-05-28 16:54:12,198 INFO [main] c.e.n.NewcoderApplication [StartupInfoLogger.java:55] Starting NewcoderApplication using Java 1.8.0_321 on DESKTOP-BPV16TU with PID 53844 (E:\Code_Study\Project\newcoder\target\classes started by w in E:\Code_Study\Project\newcoder)
2022-05-28 16:54:12,203 INFO [main] c.e.n.NewcoderApplication [SpringApplication.java:640] No active profile set, falling back to 1 default profile: "default"
2022-05-28 16:54:13,474 INFO [main] o.s.b.w.e.t.TomcatWebServer [TomcatWebServer.java:108] Tomcat initialized with port(s): 8080 (http)
2022-05-28 16:54:13,483 INFO [main] o.a.c.h.Http11NioProtocol [DirectJDKLog.java:173] Initializing ProtocolHandler ["http-nio-8080"]
2022-05-28 16:54:13,484 INFO [main] o.a.c.c.StandardService [DirectJDKLog.java:173] Starting service [Tomcat]
2022-05-28 16:54:13,485 INFO [main] o.a.c.c.StandardEngine [DirectJDKLog.java:173] Starting Servlet engine: [Apache Tomcat/9.0.60]
2022-05-28 16:54:13,649 INFO [main] o.a.c.c.C.[.[.[/] [DirectJDKLog.java:173] Initializing Spring embedded WebApplicationContext
2022-05-28 16:54:13,649 INFO [main] o.s.b.w.s.c.ServletWebServerApplicationContext [ServletWebServerApplicationContext.java:290] Root WebApplicationContext: initialization completed in 1393 ms
2022-05-28 16:54:14,864 INFO [main] o.s.b.a.w.s.WelcomePageHandlerMapping [WelcomePageHandlerMapping.java:57] Adding welcome page template: index
2022-05-28 16:54:14,985 INFO [main] o.a.c.h.Http11NioProtocol [DirectJDKLog.java:173] Starting ProtocolHandler ["http-nio-8080"]
2022-05-28 16:54:15,006 INFO [main] o.s.b.w.e.t.TomcatWebServer [TomcatWebServer.java:220] Tomcat started on port(s): 8080 (http) with context path ''
2022-05-28 16:54:15,032 INFO [main] c.e.n.NewcoderApplication [StartupInfoLogger.java:61] Started NewcoderApplication in 3.776 seconds (JVM running for 5.638)
2022-05-28 16:54:19,256 INFO [http-nio-8080-exec-2] o.a.c.c.C.[.[.[/] [DirectJDKLog.java:173] Initializing Spring DispatcherServlet 'dispatcherServlet'
2022-05-28 16:54:19,256 INFO [http-nio-8080-exec-2] o.s.w.s.DispatcherServlet [FrameworkServlet.java:525] Initializing Servlet 'dispatcherServlet'
2022-05-28 16:54:19,258 INFO [http-nio-8080-exec-2] o.s.w.s.DispatcherServlet [FrameworkServlet.java:547] Completed initialization in 1 ms
2022-05-28 16:54:19,302 INFO [http-nio-8080-exec-2] c.z.h.HikariDataSource [HikariDataSource.java:110] HikariPool-1 - Starting...
2022-05-28 16:54:19,449 INFO [http-nio-8080-exec-2] c.z.h.HikariDataSource [HikariDataSource.java:123] HikariPool-1 - Start completed.
2022-05-28 17:05:32,261 INFO [SpringApplicationShutdownHook] c.z.h.HikariDataSource [HikariDataSource.java:350] HikariPool-1 - Shutdown initiated...
2022-05-28 17:05:32,271 INFO [SpringApplicationShutdownHook] c.z.h.HikariDataSource [HikariDataSource.java:352] HikariPool-1 - Shutdown completed.
2022-05-28 17:05:40,798 INFO [main] c.e.n.NewcoderApplication [StartupInfoLogger.java:55] Starting NewcoderApplication using Java 1.8.0_321 on DESKTOP-BPV16TU with PID 18584 (E:\Code_Study\Project\newcoder\target\classes started by w in E:\Code_Study\Project\newcoder)
2022-05-28 17:05:40,806 INFO [main] c.e.n.NewcoderApplication [SpringApplication.java:640] No active profile set, falling back to 1 default profile: "default"
2022-05-28 17:05:42,068 INFO [main] o.s.b.w.e.t.TomcatWebServer [TomcatWebServer.java:108] Tomcat initialized with port(s): 8080 (http)
2022-05-28 17:05:42,078 INFO [main] o.a.c.h.Http11NioProtocol [DirectJDKLog.java:173] Initializing ProtocolHandler ["http-nio-8080"]
2022-05-28 17:05:42,079 INFO [main] o.a.c.c.StandardService [DirectJDKLog.java:173] Starting service [Tomcat]
2022-05-28 17:05:42,079 INFO [main] o.a.c.c.StandardEngine [DirectJDKLog.java:173] Starting Servlet engine: [Apache Tomcat/9.0.60]
2022-05-28 17:05:42,276 INFO [main] o.a.c.c.C.[.[.[/] [DirectJDKLog.java:173] Initializing Spring embedded WebApplicationContext
2022-05-28 17:05:42,277 INFO [main] o.s.b.w.s.c.ServletWebServerApplicationContext [ServletWebServerApplicationContext.java:290] Root WebApplicationContext: initialization completed in 1364 ms
2022-05-28 17:05:43,593 INFO [main] o.s.b.a.w.s.WelcomePageHandlerMapping [WelcomePageHandlerMapping.java:57] Adding welcome page template: index
2022-05-28 17:05:43,731 INFO [main] o.a.c.h.Http11NioProtocol [DirectJDKLog.java:173] Starting ProtocolHandler ["http-nio-8080"]
2022-05-28 17:05:43,751 INFO [main] o.s.b.w.e.t.TomcatWebServer [TomcatWebServer.java:220] Tomcat started on port(s): 8080 (http) with context path ''
2022-05-28 17:05:43,777 INFO [main] c.e.n.NewcoderApplication [StartupInfoLogger.java:61] Started NewcoderApplication in 3.945 seconds (JVM running for 5.073)
2022-05-28 17:05:45,067 INFO [http-nio-8080-exec-2] o.a.c.c.C.[.[.[/] [DirectJDKLog.java:173] Initializing Spring DispatcherServlet 'dispatcherServlet'
2022-05-28 17:05:45,068 INFO [http-nio-8080-exec-2] o.s.w.s.DispatcherServlet [FrameworkServlet.java:525] Initializing Servlet 'dispatcherServlet'
2022-05-28 17:05:45,069 INFO [http-nio-8080-exec-2] o.s.w.s.DispatcherServlet [FrameworkServlet.java:547] Completed initialization in 1 ms
2022-05-28 17:05:45,106 INFO [http-nio-8080-exec-2] c.z.h.HikariDataSource [HikariDataSource.java:110] HikariPool-1 - Starting...
2022-05-28 17:05:45,269 INFO [http-nio-8080-exec-2] c.z.h.HikariDataSource [HikariDataSource.java:123] HikariPool-1 - Start completed.
2022-05-28 17:09:40,201 INFO [SpringApplicationShutdownHook] c.z.h.HikariDataSource [HikariDataSource.java:350] HikariPool-1 - Shutdown initiated...
2022-05-28 17:09:40,210 INFO [SpringApplicationShutdownHook] c.z.h.HikariDataSource [HikariDataSource.java:352] HikariPool-1 - Shutdown completed.
2022-05-28 17:09:47,465 INFO [main] c.e.n.NewcoderApplication [StartupInfoLogger.java:55] Starting NewcoderApplication using Java 1.8.0_321 on DESKTOP-BPV16TU with PID 55788 (E:\Code_Study\Project\newcoder\target\classes started by w in E:\Code_Study\Project\newcoder)
2022-05-28 17:09:47,471 INFO [main] c.e.n.NewcoderApplication [SpringApplication.java:640] No active profile set, falling back to 1 default profile: "default"
2022-05-28 17:09:48,797 INFO [main] o.s.b.w.e.t.TomcatWebServer [TomcatWebServer.java:108] Tomcat initialized with port(s): 8080 (http)
2022-05-28 17:09:48,807 INFO [main] o.a.c.h.Http11NioProtocol [DirectJDKLog.java:173] Initializing ProtocolHandler ["http-nio-8080"]
2022-05-28 17:09:48,808 INFO [main] o.a.c.c.StandardService [DirectJDKLog.java:173] Starting service [Tomcat]
2022-05-28 17:09:48,808 INFO [main] o.a.c.c.StandardEngine [DirectJDKLog.java:173] Starting Servlet engine: [Apache Tomcat/9.0.60]
2022-05-28 17:09:48,974 INFO [main] o.a.c.c.C.[.[.[/] [DirectJDKLog.java:173] Initializing Spring embedded WebApplicationContext
2022-05-28 17:09:48,974 INFO [main] o.s.b.w.s.c.ServletWebServerApplicationContext [ServletWebServerApplicationContext.java:290] Root WebApplicationContext: initialization completed in 1446 ms
2022-05-28 17:09:50,537 INFO [main] o.s.b.a.w.s.WelcomePageHandlerMapping [WelcomePageHandlerMapping.java:57] Adding welcome page template: index
2022-05-28 17:09:50,735 INFO [main] o.a.c.h.Http11NioProtocol [DirectJDKLog.java:173] Starting ProtocolHandler ["http-nio-8080"]
2022-05-28 17:09:50,761 INFO [main] o.s.b.w.e.t.TomcatWebServer [TomcatWebServer.java:220] Tomcat started on port(s): 8080 (http) with context path ''
2022-05-28 17:09:50,787 INFO [main] c.e.n.NewcoderApplication [StartupInfoLogger.java:61] Started NewcoderApplication in 4.23 seconds (JVM running for 5.478)
2022-05-28 17:09:52,745 INFO [http-nio-8080-exec-2] o.a.c.c.C.[.[.[/] [DirectJDKLog.java:173] Initializing Spring DispatcherServlet 'dispatcherServlet'
2022-05-28 17:09:52,746 INFO [http-nio-8080-exec-2] o.s.w.s.DispatcherServlet [FrameworkServlet.java:525] Initializing Servlet 'dispatcherServlet'
2022-05-28 17:09:52,793 INFO [http-nio-8080-exec-2] o.s.w.s.DispatcherServlet [FrameworkServlet.java:547] Completed initialization in 47 ms
2022-05-28 17:09:52,879 INFO [http-nio-8080-exec-2] c.z.h.HikariDataSource [HikariDataSource.java:110] HikariPool-1 - Starting...
2022-05-28 17:09:53,146 INFO [http-nio-8080-exec-2] c.z.h.HikariDataSource [HikariDataSource.java:123] HikariPool-1 - Start completed.
2022-05-28 17:10:53,477 INFO [SpringApplicationShutdownHook] c.z.h.HikariDataSource [HikariDataSource.java:350] HikariPool-1 - Shutdown initiated...
2022-05-28 17:10:53,543 INFO [SpringApplicationShutdownHook] c.z.h.HikariDataSource [HikariDataSource.java:352] HikariPool-1 - Shutdown completed.
2022-05-28 17:11:01,372 INFO [main] c.e.n.NewcoderApplication [StartupInfoLogger.java:55] Starting NewcoderApplication using Java 1.8.0_321 on DESKTOP-BPV16TU with PID 57420 (E:\Code_Study\Project\newcoder\target\classes started by w in E:\Code_Study\Project\newcoder)
2022-05-28 17:11:01,377 INFO [main] c.e.n.NewcoderApplication [SpringApplication.java:640] No active profile set, falling back to 1 default profile: "default"
2022-05-28 17:11:02,723 INFO [main] o.s.b.w.e.t.TomcatWebServer [TomcatWebServer.java:108] Tomcat initialized with port(s): 8080 (http)
2022-05-28 17:11:02,741 INFO [main] o.a.c.h.Http11NioProtocol [DirectJDKLog.java:173] Initializing ProtocolHandler ["http-nio-8080"]
2022-05-28 17:11:02,742 INFO [main] o.a.c.c.StandardService [DirectJDKLog.java:173] Starting service [Tomcat]
2022-05-28 17:11:02,746 INFO [main] o.a.c.c.StandardEngine [DirectJDKLog.java:173] Starting Servlet engine: [Apache Tomcat/9.0.60]
2022-05-28 17:11:02,902 INFO [main] o.a.c.c.C.[.[.[/] [DirectJDKLog.java:173] Initializing Spring embedded WebApplicationContext
2022-05-28 17:11:02,902 INFO [main] o.s.b.w.s.c.ServletWebServerApplicationContext [ServletWebServerApplicationContext.java:290] Root WebApplicationContext: initialization completed in 1464 ms
2022-05-28 17:11:04,226 INFO [main] o.s.b.a.w.s.WelcomePageHandlerMapping [WelcomePageHandlerMapping.java:57] Adding welcome page template: index
2022-05-28 17:11:04,358 INFO [main] o.a.c.h.Http11NioProtocol [DirectJDKLog.java:173] Starting ProtocolHandler ["http-nio-8080"]
2022-05-28 17:11:04,385 INFO [main] o.s.b.w.e.t.TomcatWebServer [TomcatWebServer.java:220] Tomcat started on port(s): 8080 (http) with context path ''
2022-05-28 17:11:04,418 INFO [main] c.e.n.NewcoderApplication [StartupInfoLogger.java:61] Started NewcoderApplication in 4.143 seconds (JVM running for 5.623)
2022-05-28 17:11:14,237 INFO [http-nio-8080-exec-1] o.a.c.c.C.[.[.[/] [DirectJDKLog.java:173] Initializing Spring DispatcherServlet 'dispatcherServlet'
2022-05-28 17:11:14,242 INFO [http-nio-8080-exec-1] o.s.w.s.DispatcherServlet [FrameworkServlet.java:525] Initializing Servlet 'dispatcherServlet'
2022-05-28 17:11:14,244 INFO [http-nio-8080-exec-1] o.s.w.s.DispatcherServlet [FrameworkServlet.java:547] Completed initialization in 2 ms
2022-05-28 17:11:14,286 INFO [http-nio-8080-exec-1] c.z.h.HikariDataSource [HikariDataSource.java:110] HikariPool-1 - Starting...
2022-05-28 17:11:14,425 INFO [http-nio-8080-exec-1] c.z.h.HikariDataSource [HikariDataSource.java:123] HikariPool-1 - Start completed.
2022-05-28 17:12:16,881 INFO [SpringApplicationShutdownHook] c.z.h.HikariDataSource [HikariDataSource.java:350] HikariPool-1 - Shutdown initiated...
2022-05-28 17:12:16,889 INFO [SpringApplicationShutdownHook] c.z.h.HikariDataSource [HikariDataSource.java:352] HikariPool-1 - Shutdown completed.
2022-05-28 17:12:26,509 INFO [main] c.e.n.NewcoderApplication [StartupInfoLogger.java:55] Starting NewcoderApplication using Java 1.8.0_321 on DESKTOP-BPV16TU with PID 57116 (E:\Code_Study\Project\newcoder\target\classes started by w in E:\Code_Study\Project\newcoder)
2022-05-28 17:12:26,513 INFO [main] c.e.n.NewcoderApplication [SpringApplication.java:640] No active profile set, falling back to 1 default profile: "default"
2022-05-28 17:12:27,663 INFO [main] o.s.b.w.e.t.TomcatWebServer [TomcatWebServer.java:108] Tomcat initialized with port(s): 8080 (http)
2022-05-28 17:12:27,672 INFO [main] o.a.c.h.Http11NioProtocol [DirectJDKLog.java:173] Initializing ProtocolHandler ["http-nio-8080"]
2022-05-28 17:12:27,673 INFO [main] o.a.c.c.StandardService [DirectJDKLog.java:173] Starting service [Tomcat]
2022-05-28 17:12:27,673 INFO [main] o.a.c.c.StandardEngine [DirectJDKLog.java:173] Starting Servlet engine: [Apache Tomcat/9.0.60]
2022-05-28 17:12:27,835 INFO [main] o.a.c.c.C.[.[.[/] [DirectJDKLog.java:173] Initializing Spring embedded WebApplicationContext
2022-05-28 17:12:27,836 INFO [main] o.s.b.w.s.c.ServletWebServerApplicationContext [ServletWebServerApplicationContext.java:290] Root WebApplicationContext: initialization completed in 1274 ms
2022-05-28 17:12:29,167 INFO [main] o.s.b.a.w.s.WelcomePageHandlerMapping [WelcomePageHandlerMapping.java:57] Adding welcome page template: index
2022-05-28 17:12:29,300 INFO [main] o.a.c.h.Http11NioProtocol [DirectJDKLog.java:173] Starting ProtocolHandler ["http-nio-8080"]
2022-05-28 17:12:29,324 INFO [main] o.s.b.w.e.t.TomcatWebServer [TomcatWebServer.java:220] Tomcat started on port(s): 8080 (http) with context path ''
2022-05-28 17:12:29,352 INFO [main] c.e.n.NewcoderApplication [StartupInfoLogger.java:61] Started NewcoderApplication in 3.588 seconds (JVM running for 5.501)
2022-05-28 17:12:53,173 INFO [http-nio-8080-exec-1] o.a.c.c.C.[.[.[/] [DirectJDKLog.java:173] Initializing Spring DispatcherServlet 'dispatcherServlet'
2022-05-28 17:12:53,173 INFO [http-nio-8080-exec-1] o.s.w.s.DispatcherServlet [FrameworkServlet.java:525] Initializing Servlet 'dispatcherServlet'
2022-05-28 17:12:53,175 INFO [http-nio-8080-exec-1] o.s.w.s.DispatcherServlet [FrameworkServlet.java:547] Completed initialization in 2 ms
2022-05-28 17:12:53,218 INFO [http-nio-8080-exec-1] c.z.h.HikariDataSource [HikariDataSource.java:110] HikariPool-1 - Starting...
2022-05-28 17:12:53,382 INFO [http-nio-8080-exec-1] c.z.h.HikariDataSource [HikariDataSource.java:123] HikariPool-1 - Start completed.
2022-05-28 17:14:50,159 INFO [SpringApplicationShutdownHook] c.z.h.HikariDataSource [HikariDataSource.java:350] HikariPool-1 - Shutdown initiated...
2022-05-28 17:14:50,194 INFO [SpringApplicationShutdownHook] c.z.h.HikariDataSource [HikariDataSource.java:352] HikariPool-1 - Shutdown completed.
2022-05-28 17:14:55,400 INFO [main] c.e.n.NewcoderApplication [StartupInfoLogger.java:55] Starting NewcoderApplication using Java 1.8.0_321 on DESKTOP-BPV16TU with PID 56512 (E:\Code_Study\Project\newcoder\target\classes started by w in E:\Code_Study\Project\newcoder)
2022-05-28 17:14:55,404 INFO [main] c.e.n.NewcoderApplication [SpringApplication.java:640] No active profile set, falling back to 1 default profile: "default"
2022-05-28 17:14:57,012 INFO [main] o.s.b.w.e.t.TomcatWebServer [TomcatWebServer.java:108] Tomcat initialized with port(s): 8080 (http)
2022-05-28 17:14:57,023 INFO [main] o.a.c.h.Http11NioProtocol [DirectJDKLog.java:173] Initializing ProtocolHandler ["http-nio-8080"]
2022-05-28 17:14:57,024 INFO [main] o.a.c.c.StandardService [DirectJDKLog.java:173] Starting service [Tomcat]
2022-05-28 17:14:57,024 INFO [main] o.a.c.c.StandardEngine [DirectJDKLog.java:173] Starting Servlet engine: [Apache Tomcat/9.0.60]
2022-05-28 17:14:57,207 INFO [main] o.a.c.c.C.[.[.[/] [DirectJDKLog.java:173] Initializing Spring embedded WebApplicationContext
2022-05-28 17:14:57,208 INFO [main] o.s.b.w.s.c.ServletWebServerApplicationContext [ServletWebServerApplicationContext.java:290] Root WebApplicationContext: initialization completed in 1748 ms
2022-05-28 17:14:59,124 INFO [main] o.s.b.a.w.s.WelcomePageHandlerMapping [WelcomePageHandlerMapping.java:57] Adding welcome page template: index
2022-05-28 17:14:59,310 INFO [main] o.a.c.h.Http11NioProtocol [DirectJDKLog.java:173] Starting ProtocolHandler ["http-nio-8080"]
2022-05-28 17:14:59,336 INFO [main] o.s.b.w.e.t.TomcatWebServer [TomcatWebServer.java:220] Tomcat started on port(s): 8080 (http) with context path ''
2022-05-28 17:14:59,369 INFO [main] c.e.n.NewcoderApplication [StartupInfoLogger.java:61] Started NewcoderApplication in 5.186 seconds (JVM running for 6.663)
2022-05-28 17:15:04,813 INFO [http-nio-8080-exec-1] o.a.c.c.C.[.[.[/] [DirectJDKLog.java:173] Initializing Spring DispatcherServlet 'dispatcherServlet'
2022-05-28 17:15:04,813 INFO [http-nio-8080-exec-1] o.s.w.s.DispatcherServlet [FrameworkServlet.java:525] Initializing Servlet 'dispatcherServlet'
2022-05-28 17:15:04,814 INFO [http-nio-8080-exec-1] o.s.w.s.DispatcherServlet [FrameworkServlet.java:547] Completed initialization in 1 ms
2022-05-28 17:15:04,855 INFO [http-nio-8080-exec-1] c.z.h.HikariDataSource [HikariDataSource.java:110] HikariPool-1 - Starting...
2022-05-28 17:15:05,032 INFO [http-nio-8080-exec-1] c.z.h.HikariDataSource [HikariDataSource.java:123] HikariPool-1 - Start completed.
2022-05-28 17:16:45,458 INFO [SpringApplicationShutdownHook] c.z.h.HikariDataSource [HikariDataSource.java:350] HikariPool-1 - Shutdown initiated...
2022-05-28 17:16:45,467 INFO [SpringApplicationShutdownHook] c.z.h.HikariDataSource [HikariDataSource.java:352] HikariPool-1 - Shutdown completed.
2022-05-28 17:16:49,425 INFO [main] c.e.n.NewcoderApplication [StartupInfoLogger.java:55] Starting NewcoderApplication using Java 1.8.0_321 on DESKTOP-BPV16TU with PID 35960 (E:\Code_Study\Project\newcoder\target\classes started by w in E:\Code_Study\Project\newcoder)
2022-05-28 17:16:49,428 INFO [main] c.e.n.NewcoderApplication [SpringApplication.java:640] No active profile set, falling back to 1 default profile: "default"
2022-05-28 17:16:50,559 INFO [main] o.s.b.w.e.t.TomcatWebServer [TomcatWebServer.java:108] Tomcat initialized with port(s): 8080 (http)
2022-05-28 17:16:50,569 INFO [main] o.a.c.h.Http11NioProtocol [DirectJDKLog.java:173] Initializing ProtocolHandler ["http-nio-8080"]
2022-05-28 17:16:50,569 INFO [main] o.a.c.c.StandardService [DirectJDKLog.java:173] Starting service [Tomcat]
2022-05-28 17:16:50,570 INFO [main] o.a.c.c.StandardEngine [DirectJDKLog.java:173] Starting Servlet engine: [Apache Tomcat/9.0.60]
2022-05-28 17:16:50,727 INFO [main] o.a.c.c.C.[.[.[/] [DirectJDKLog.java:173] Initializing Spring embedded WebApplicationContext
2022-05-28 17:16:50,727 INFO [main] o.s.b.w.s.c.ServletWebServerApplicationContext [ServletWebServerApplicationContext.java:290] Root WebApplicationContext: initialization completed in 1245 ms
2022-05-28 17:16:52,047 INFO [main] o.s.b.a.w.s.WelcomePageHandlerMapping [WelcomePageHandlerMapping.java:57] Adding welcome page template: index
2022-05-28 17:16:52,184 INFO [main] o.a.c.h.Http11NioProtocol [DirectJDKLog.java:173] Starting ProtocolHandler ["http-nio-8080"]
2022-05-28 17:16:52,205 INFO [main] o.s.b.w.e.t.TomcatWebServer [TomcatWebServer.java:220] Tomcat started on port(s): 8080 (http) with context path ''
2022-05-28 17:16:52,239 INFO [main] c.e.n.NewcoderApplication [StartupInfoLogger.java:61] Started NewcoderApplication in 3.553 seconds (JVM running for 4.708)
2022-05-28 17:17:03,027 INFO [http-nio-8080-exec-2] o.a.c.c.C.[.[.[/] [DirectJDKLog.java:173] Initializing Spring DispatcherServlet 'dispatcherServlet'
2022-05-28 17:17:03,027 INFO [http-nio-8080-exec-2] o.s.w.s.DispatcherServlet [FrameworkServlet.java:525] Initializing Servlet 'dispatcherServlet'
2022-05-28 17:17:03,029 INFO [http-nio-8080-exec-2] o.s.w.s.DispatcherServlet [FrameworkServlet.java:547] Completed initialization in 2 ms
2022-05-28 17:17:03,068 INFO [http-nio-8080-exec-2] c.z.h.HikariDataSource [HikariDataSource.java:110] HikariPool-1 - Starting...
2022-05-28 17:17:03,246 INFO [http-nio-8080-exec-2] c.z.h.HikariDataSource [HikariDataSource.java:123] HikariPool-1 - Start completed.
2022-05-28 17:18:03,410 INFO [SpringApplicationShutdownHook] c.z.h.HikariDataSource [HikariDataSource.java:350] HikariPool-1 - Shutdown initiated...
2022-05-28 17:18:03,420 INFO [SpringApplicationShutdownHook] c.z.h.HikariDataSource [HikariDataSource.java:352] HikariPool-1 - Shutdown completed.
2022-05-28 17:18:07,870 INFO [main] c.e.n.NewcoderApplication [StartupInfoLogger.java:55] Starting NewcoderApplication using Java 1.8.0_321 on DESKTOP-BPV16TU with PID 57332 (E:\Code_Study\Project\newcoder\target\classes started by w in E:\Code_Study\Project\newcoder)
2022-05-28 17:18:07,877 INFO [main] c.e.n.NewcoderApplication [SpringApplication.java:640] No active profile set, falling back to 1 default profile: "default"
2022-05-28 17:18:09,283 INFO [main] o.s.b.w.e.t.TomcatWebServer [TomcatWebServer.java:108] Tomcat initialized with port(s): 8080 (http)
2022-05-28 17:18:09,293 INFO [main] o.a.c.h.Http11NioProtocol [DirectJDKLog.java:173] Initializing ProtocolHandler ["http-nio-8080"]
2022-05-28 17:18:09,294 INFO [main] o.a.c.c.StandardService [DirectJDKLog.java:173] Starting service [Tomcat]
2022-05-28 17:18:09,294 INFO [main] o.a.c.c.StandardEngine [DirectJDKLog.java:173] Starting Servlet engine: [Apache Tomcat/9.0.60]
2022-05-28 17:18:09,474 INFO [main] o.a.c.c.C.[.[.[/] [DirectJDKLog.java:173] Initializing Spring embedded WebApplicationContext
2022-05-28 17:18:09,475 INFO [main] o.s.b.w.s.c.ServletWebServerApplicationContext [ServletWebServerApplicationContext.java:290] Root WebApplicationContext: initialization completed in 1436 ms
2022-05-28 17:18:10,762 INFO [main] o.s.b.a.w.s.WelcomePageHandlerMapping [WelcomePageHandlerMapping.java:57] Adding welcome page template: index
2022-05-28 17:18:10,887 INFO [main] o.a.c.h.Http11NioProtocol [DirectJDKLog.java:173] Starting ProtocolHandler ["http-nio-8080"]
2022-05-28 17:18:10,914 INFO [main] o.s.b.w.e.t.TomcatWebServer [TomcatWebServer.java:220] Tomcat started on port(s): 8080 (http) with context path ''
2022-05-28 17:18:10,944 INFO [main] c.e.n.NewcoderApplication [StartupInfoLogger.java:61] Started NewcoderApplication in 4.135 seconds (JVM running for 5.248)
2022-05-28 17:18:13,393 INFO [http-nio-8080-exec-1] o.a.c.c.C.[.[.[/] [DirectJDKLog.java:173] Initializing Spring DispatcherServlet 'dispatcherServlet'
2022-05-28 17:18:13,393 INFO [http-nio-8080-exec-1] o.s.w.s.DispatcherServlet [FrameworkServlet.java:525] Initializing Servlet 'dispatcherServlet'
2022-05-28 17:18:13,395 INFO [http-nio-8080-exec-1] o.s.w.s.DispatcherServlet [FrameworkServlet.java:547] Completed initialization in 2 ms
2022-05-28 17:18:13,436 INFO [http-nio-8080-exec-1] c.z.h.HikariDataSource [HikariDataSource.java:110] HikariPool-1 - Starting...
2022-05-28 17:18:13,600 INFO [http-nio-8080-exec-1] c.z.h.HikariDataSource [HikariDataSource.java:123] HikariPool-1 - Start completed.
2022-05-28 17:18:24,785 INFO [SpringApplicationShutdownHook] c.z.h.HikariDataSource [HikariDataSource.java:350] HikariPool-1 - Shutdown initiated...
2022-05-28 17:18:24,793 INFO [SpringApplicationShutdownHook] c.z.h.HikariDataSource [HikariDataSource.java:352] HikariPool-1 - Shutdown completed.
2022-05-28 17:18:31,744 INFO [main] c.e.n.NewcoderApplication [StartupInfoLogger.java:55] Starting NewcoderApplication using Java 1.8.0_321 on DESKTOP-BPV16TU with PID 50504 (E:\Code_Study\Project\newcoder\target\classes started by w in E:\Code_Study\Project\newcoder)
2022-05-28 17:18:31,747 INFO [main] c.e.n.NewcoderApplication [SpringApplication.java:640] No active profile set, falling back to 1 default profile: "default"
2022-05-28 17:18:33,102 INFO [main] o.s.b.w.e.t.TomcatWebServer [TomcatWebServer.java:108] Tomcat initialized with port(s): 8080 (http)
2022-05-28 17:18:33,113 INFO [main] o.a.c.h.Http11NioProtocol [DirectJDKLog.java:173] Initializing ProtocolHandler ["http-nio-8080"]
2022-05-28 17:18:33,114 INFO [main] o.a.c.c.StandardService [DirectJDKLog.java:173] Starting service [Tomcat]
2022-05-28 17:18:33,115 INFO [main] o.a.c.c.StandardEngine [DirectJDKLog.java:173] Starting Servlet engine: [Apache Tomcat/9.0.60]
2022-05-28 17:18:33,283 INFO [main] o.a.c.c.C.[.[.[/] [DirectJDKLog.java:173] Initializing Spring embedded WebApplicationContext
2022-05-28 17:18:33,283 INFO [main] o.s.b.w.s.c.ServletWebServerApplicationContext [ServletWebServerApplicationContext.java:290] Root WebApplicationContext: initialization completed in 1484 ms
2022-05-28 17:18:34,798 INFO [main] o.s.b.a.w.s.WelcomePageHandlerMapping [WelcomePageHandlerMapping.java:57] Adding welcome page template: index
2022-05-28 17:18:35,072 INFO [main] o.a.c.h.Http11NioProtocol [DirectJDKLog.java:173] Starting ProtocolHandler ["http-nio-8080"]
2022-05-28 17:18:35,103 INFO [main] o.s.b.w.e.t.TomcatWebServer [TomcatWebServer.java:220] Tomcat started on port(s): 8080 (http) with context path ''
2022-05-28 17:18:35,130 INFO [main] c.e.n.NewcoderApplication [StartupInfoLogger.java:61] Started NewcoderApplication in 4.391 seconds (JVM running for 6.375)
2022-05-28 17:18:35,322 INFO [http-nio-8080-exec-1] o.a.c.c.C.[.[.[/] [DirectJDKLog.java:173] Initializing Spring DispatcherServlet 'dispatcherServlet'
2022-05-28 17:18:35,322 INFO [http-nio-8080-exec-1] o.s.w.s.DispatcherServlet [FrameworkServlet.java:525] Initializing Servlet 'dispatcherServlet'
2022-05-28 17:18:35,325 INFO [http-nio-8080-exec-1] o.s.w.s.DispatcherServlet [FrameworkServlet.java:547] Completed initialization in 3 ms
2022-05-28 17:18:35,394 INFO [http-nio-8080-exec-1] c.z.h.HikariDataSource [HikariDataSource.java:110] HikariPool-1 - Starting...
2022-05-28 17:18:35,544 INFO [http-nio-8080-exec-1] c.z.h.HikariDataSource [HikariDataSource.java:123] HikariPool-1 - Start completed.
2022-05-28 17:18:56,489 INFO [SpringApplicationShutdownHook] c.z.h.HikariDataSource [HikariDataSource.java:350] HikariPool-1 - Shutdown initiated...
2022-05-28 17:18:56,497 INFO [SpringApplicationShutdownHook] c.z.h.HikariDataSource [HikariDataSource.java:352] HikariPool-1 - Shutdown completed.
2022-05-28 17:19:01,114 INFO [main] c.e.n.NewcoderApplication [StartupInfoLogger.java:55] Starting NewcoderApplication using Java 1.8.0_321 on DESKTOP-BPV16TU with PID 55476 (E:\Code_Study\Project\newcoder\target\classes started by w in E:\Code_Study\Project\newcoder)
2022-05-28 17:19:01,118 INFO [main] c.e.n.NewcoderApplication [SpringApplication.java:640] No active profile set, falling back to 1 default profile: "default"
2022-05-28 17:19:02,356 INFO [main] o.s.b.w.e.t.TomcatWebServer [TomcatWebServer.java:108] Tomcat initialized with port(s): 8080 (http)
2022-05-28 17:19:02,366 INFO [main] o.a.c.h.Http11NioProtocol [DirectJDKLog.java:173] Initializing ProtocolHandler ["http-nio-8080"]
2022-05-28 17:19:02,368 INFO [main] o.a.c.c.StandardService [DirectJDKLog.java:173] Starting service [Tomcat]
2022-05-28 17:19:02,368 INFO [main] o.a.c.c.StandardEngine [DirectJDKLog.java:173] Starting Servlet engine: [Apache Tomcat/9.0.60]
2022-05-28 17:19:02,530 INFO [main] o.a.c.c.C.[.[.[/] [DirectJDKLog.java:173] Initializing Spring embedded WebApplicationContext
2022-05-28 17:19:02,530 INFO [main] o.s.b.w.s.c.ServletWebServerApplicationContext [ServletWebServerApplicationContext.java:290] Root WebApplicationContext: initialization completed in 1345 ms
2022-05-28 17:19:03,789 INFO [main] o.s.b.a.w.s.WelcomePageHandlerMapping [WelcomePageHandlerMapping.java:57] Adding welcome page template: index
2022-05-28 17:19:03,914 INFO [main] o.a.c.h.Http11NioProtocol [DirectJDKLog.java:173] Starting ProtocolHandler ["http-nio-8080"]
2022-05-28 17:19:03,938 INFO [main] o.s.b.w.e.t.TomcatWebServer [TomcatWebServer.java:220] Tomcat started on port(s): 8080 (http) with context path ''
2022-05-28 17:19:03,970 INFO [main] c.e.n.NewcoderApplication [StartupInfoLogger.java:61] Started NewcoderApplication in 3.723 seconds (JVM running for 5.118)
2022-05-28 17:19:06,175 INFO [http-nio-8080-exec-2] o.a.c.c.C.[.[.[/] [DirectJDKLog.java:173] Initializing Spring DispatcherServlet 'dispatcherServlet'
2022-05-28 17:19:06,175 INFO [http-nio-8080-exec-2] o.s.w.s.DispatcherServlet [FrameworkServlet.java:525] Initializing Servlet 'dispatcherServlet'
2022-05-28 17:19:06,178 INFO [http-nio-8080-exec-2] o.s.w.s.DispatcherServlet [FrameworkServlet.java:547] Completed initialization in 2 ms
2022-05-28 17:19:06,236 INFO [http-nio-8080-exec-2] c.z.h.HikariDataSource [HikariDataSource.java:110] HikariPool-1 - Starting...
2022-05-28 17:19:06,515 INFO [http-nio-8080-exec-2] c.z.h.HikariDataSource [HikariDataSource.java:123] HikariPool-1 - Start completed.
2022-05-28 20:00:12,312 INFO [SpringApplicationShutdownHook] c.z.h.HikariDataSource [HikariDataSource.java:350] HikariPool-1 - Shutdown initiated...
2022-05-28 20:00:12,327 INFO [SpringApplicationShutdownHook] c.z.h.HikariDataSource [HikariDataSource.java:352] HikariPool-1 - Shutdown completed.
2022-05-28 20:25:59,714 INFO [main] c.e.n.NewcoderApplication [StartupInfoLogger.java:55] Starting NewcoderApplication using Java 1.8.0_321 on DESKTOP-BPV16TU with PID 53284 (E:\Code_Study\Project\newcoder\target\classes started by w in E:\Code_Study\Project\newcoder)
2022-05-28 20:25:59,721 INFO [main] c.e.n.NewcoderApplication [SpringApplication.java:640] No active profile set, falling back to 1 default profile: "default"
2022-05-28 20:26:02,082 INFO [main] o.s.b.w.e.t.TomcatWebServer [TomcatWebServer.java:108] Tomcat initialized with port(s): 8080 (http)
2022-05-28 20:26:02,100 INFO [main] o.a.c.h.Http11NioProtocol [DirectJDKLog.java:173] Initializing ProtocolHandler ["http-nio-8080"]
2022-05-28 20:26:02,101 INFO [main] o.a.c.c.StandardService [DirectJDKLog.java:173] Starting service [Tomcat]
2022-05-28 20:26:02,101 INFO [main] o.a.c.c.StandardEngine [DirectJDKLog.java:173] Starting Servlet engine: [Apache Tomcat/9.0.60]
2022-05-28 20:26:02,657 INFO [main] o.a.c.c.C.[.[.[/] [DirectJDKLog.java:173] Initializing Spring embedded WebApplicationContext
2022-05-28 20:26:02,658 INFO [main] o.s.b.w.s.c.ServletWebServerApplicationContext [ServletWebServerApplicationContext.java:290] Root WebApplicationContext: initialization completed in 2860 ms
2022-05-28 20:26:04,534 INFO [main] o.s.b.a.w.s.WelcomePageHandlerMapping [WelcomePageHandlerMapping.java:57] Adding welcome page template: index
2022-05-28 20:26:04,750 INFO [main] o.a.c.h.Http11NioProtocol [DirectJDKLog.java:173] Starting ProtocolHandler ["http-nio-8080"]
2022-05-28 20:26:04,788 INFO [main] o.s.b.w.e.t.TomcatWebServer [TomcatWebServer.java:220] Tomcat started on port(s): 8080 (http) with context path ''
2022-05-28 20:26:04,821 INFO [main] c.e.n.NewcoderApplication [StartupInfoLogger.java:61] Started NewcoderApplication in 6.232 seconds (JVM running for 9.142)
2022-05-28 20:26:28,834 INFO [http-nio-8080-exec-1] o.a.c.c.C.[.[.[/] [DirectJDKLog.java:173] Initializing Spring DispatcherServlet 'dispatcherServlet'
2022-05-28 20:26:28,835 INFO [http-nio-8080-exec-1] o.s.w.s.DispatcherServlet [FrameworkServlet.java:525] Initializing Servlet 'dispatcherServlet'
2022-05-28 20:26:28,836 INFO [http-nio-8080-exec-1] o.s.w.s.DispatcherServlet [FrameworkServlet.java:547] Completed initialization in 1 ms
2022-05-28 20:26:28,912 INFO [http-nio-8080-exec-1] c.z.h.HikariDataSource [HikariDataSource.java:110] HikariPool-1 - Starting...
2022-05-28 20:26:29,339 INFO [http-nio-8080-exec-1] c.z.h.HikariDataSource [HikariDataSource.java:123] HikariPool-1 - Start completed.
2022-05-28 20:30:35,803 INFO [SpringApplicationShutdownHook] c.z.h.HikariDataSource [HikariDataSource.java:350] HikariPool-1 - Shutdown initiated...
2022-05-28 20:30:35,817 INFO [SpringApplicationShutdownHook] c.z.h.HikariDataSource [HikariDataSource.java:352] HikariPool-1 - Shutdown completed.
2022-05-28 21:16:18,476 INFO [main] c.e.n.NewcoderApplication [StartupInfoLogger.java:55] Starting NewcoderApplication using Java 1.8.0_321 on DESKTOP-BPV16TU with PID 58044 (E:\Code_Study\Project\newcoder\target\classes started by w in E:\Code_Study\Project\newcoder)
2022-05-28 21:16:18,482 INFO [main] c.e.n.NewcoderApplication [SpringApplication.java:640] No active profile set, falling back to 1 default profile: "default"
2022-05-28 21:16:19,928 INFO [main] o.s.b.w.e.t.TomcatWebServer [TomcatWebServer.java:108] Tomcat initialized with port(s): 8080 (http)
2022-05-28 21:16:19,941 INFO [main] o.a.c.h.Http11NioProtocol [DirectJDKLog.java:173] Initializing ProtocolHandler ["http-nio-8080"]
2022-05-28 21:16:19,942 INFO [main] o.a.c.c.StandardService [DirectJDKLog.java:173] Starting service [Tomcat]
2022-05-28 21:16:19,942 INFO [main] o.a.c.c.StandardEngine [DirectJDKLog.java:173] Starting Servlet engine: [Apache Tomcat/9.0.60]
2022-05-28 21:16:20,113 INFO [main] o.a.c.c.C.[.[.[/] [DirectJDKLog.java:173] Initializing Spring embedded WebApplicationContext
2022-05-28 21:16:20,114 INFO [main] o.s.b.w.s.c.ServletWebServerApplicationContext [ServletWebServerApplicationContext.java:290] Root WebApplicationContext: initialization completed in 1567 ms
2022-05-28 21:16:21,633 INFO [main] o.s.b.a.w.s.WelcomePageHandlerMapping [WelcomePageHandlerMapping.java:57] Adding welcome page template: index
2022-05-28 21:16:21,829 INFO [main] o.a.c.h.Http11NioProtocol [DirectJDKLog.java:173] Starting ProtocolHandler ["http-nio-8080"]
2022-05-28 21:16:21,865 INFO [main] o.s.b.w.e.t.TomcatWebServer [TomcatWebServer.java:220] Tomcat started on port(s): 8080 (http) with context path ''
2022-05-28 21:16:21,896 INFO [main] c.e.n.NewcoderApplication [StartupInfoLogger.java:61] Started NewcoderApplication in 4.503 seconds (JVM running for 8.269)
2022-05-28 21:16:21,928 INFO [http-nio-8080-exec-2] o.a.c.c.C.[.[.[/] [DirectJDKLog.java:173] Initializing Spring DispatcherServlet 'dispatcherServlet'
2022-05-28 21:16:21,928 INFO [http-nio-8080-exec-2] o.s.w.s.DispatcherServlet [FrameworkServlet.java:525] Initializing Servlet 'dispatcherServlet'
2022-05-28 21:16:21,931 INFO [http-nio-8080-exec-2] o.s.w.s.DispatcherServlet [FrameworkServlet.java:547] Completed initialization in 2 ms
2022-05-28 21:16:21,972 INFO [http-nio-8080-exec-2] c.z.h.HikariDataSource [HikariDataSource.java:110] HikariPool-1 - Starting...
2022-05-28 21:16:22,233 INFO [http-nio-8080-exec-2] c.z.h.HikariDataSource [HikariDataSource.java:123] HikariPool-1 - Start completed.
2022-05-28 21:19:27,435 INFO [SpringApplicationShutdownHook] c.z.h.HikariDataSource [HikariDataSource.java:350] HikariPool-1 - Shutdown initiated...
2022-05-28 21:19:27,446 INFO [SpringApplicationShutdownHook] c.z.h.HikariDataSource [HikariDataSource.java:352] HikariPool-1 - Shutdown completed.
2022-05-28 21:19:46,218 INFO [main] c.e.n.NewcoderApplication [StartupInfoLogger.java:55] Starting NewcoderApplication using Java 1.8.0_321 on DESKTOP-BPV16TU with PID 59664 (E:\Code_Study\Project\newcoder\target\classes started by w in E:\Code_Study\Project\newcoder)
2022-05-28 21:19:46,222 INFO [main] c.e.n.NewcoderApplication [SpringApplication.java:640] No active profile set, falling back to 1 default profile: "default"
2022-05-28 21:19:48,038 INFO [main] o.s.b.w.e.t.TomcatWebServer [TomcatWebServer.java:108] Tomcat initialized with port(s): 8080 (http)
2022-05-28 21:19:48,054 INFO [main] o.a.c.h.Http11NioProtocol [DirectJDKLog.java:173] Initializing ProtocolHandler ["http-nio-8080"]
2022-05-28 21:19:48,054 INFO [main] o.a.c.c.StandardService [DirectJDKLog.java:173] Starting service [Tomcat]
2022-05-28 21:19:48,055 INFO [main] o.a.c.c.StandardEngine [DirectJDKLog.java:173] Starting Servlet engine: [Apache Tomcat/9.0.60]
2022-05-28 21:19:48,343 INFO [main] o.a.c.c.C.[.[.[/] [DirectJDKLog.java:173] Initializing Spring embedded WebApplicationContext
2022-05-28 21:19:48,343 INFO [main] o.s.b.w.s.c.ServletWebServerApplicationContext [ServletWebServerApplicationContext.java:290] Root WebApplicationContext: initialization completed in 2005 ms
2022-05-28 21:19:49,852 INFO [main] o.s.b.a.w.s.WelcomePageHandlerMapping [WelcomePageHandlerMapping.java:57] Adding welcome page template: index
2022-05-28 21:19:49,994 INFO [main] o.a.c.h.Http11NioProtocol [DirectJDKLog.java:173] Starting ProtocolHandler ["http-nio-8080"]
2022-05-28 21:19:50,028 INFO [main] o.s.b.w.e.t.TomcatWebServer [TomcatWebServer.java:220] Tomcat started on port(s): 8080 (http) with context path ''
2022-05-28 21:19:50,070 INFO [main] c.e.n.NewcoderApplication [StartupInfoLogger.java:61] Started NewcoderApplication in 5.182 seconds (JVM running for 6.699)
2022-05-28 21:20:03,598 INFO [http-nio-8080-exec-1] o.a.c.c.C.[.[.[/] [DirectJDKLog.java:173] Initializing Spring DispatcherServlet 'dispatcherServlet'
2022-05-28 21:20:03,600 INFO [http-nio-8080-exec-1] o.s.w.s.DispatcherServlet [FrameworkServlet.java:525] Initializing Servlet 'dispatcherServlet'
2022-05-28 21:20:03,602 INFO [http-nio-8080-exec-1] o.s.w.s.DispatcherServlet [FrameworkServlet.java:547] Completed initialization in 2 ms
2022-05-28 21:20:03,655 INFO [http-nio-8080-exec-1] c.z.h.HikariDataSource [HikariDataSource.java:110] HikariPool-1 - Starting...
2022-05-28 21:20:03,885 INFO [http-nio-8080-exec-1] c.z.h.HikariDataSource [HikariDataSource.java:123] HikariPool-1 - Start completed.
2022-05-28 21:22:03,499 INFO [SpringApplicationShutdownHook] c.z.h.HikariDataSource [HikariDataSource.java:350] HikariPool-1 - Shutdown initiated...
2022-05-28 21:22:03,506 INFO [SpringApplicationShutdownHook] c.z.h.HikariDataSource [HikariDataSource.java:352] HikariPool-1 - Shutdown completed.
2022-05-28 21:30:10,894 INFO [main] c.e.n.NewcoderApplication [StartupInfoLogger.java:55] Starting NewcoderApplication using Java 1.8.0_321 on DESKTOP-BPV16TU with PID 59440 (E:\Code_Study\Project\newcoder\target\classes started by w in E:\Code_Study\Project\newcoder)
2022-05-28 21:30:10,905 INFO [main] c.e.n.NewcoderApplication [SpringApplication.java:640] No active profile set, falling back to 1 default profile: "default"
2022-05-28 21:30:12,534 INFO [main] o.s.b.w.e.t.TomcatWebServer [TomcatWebServer.java:108] Tomcat initialized with port(s): 8080 (http)
2022-05-28 21:30:12,543 INFO [main] o.a.c.h.Http11NioProtocol [DirectJDKLog.java:173] Initializing ProtocolHandler ["http-nio-8080"]
2022-05-28 21:30:12,544 INFO [main] o.a.c.c.StandardService [DirectJDKLog.java:173] Starting service [Tomcat]
2022-05-28 21:30:12,544 INFO [main] o.a.c.c.StandardEngine [DirectJDKLog.java:173] Starting Servlet engine: [Apache Tomcat/9.0.60]
2022-05-28 21:30:12,709 INFO [main] o.a.c.c.C.[.[.[/] [DirectJDKLog.java:173] Initializing Spring embedded WebApplicationContext
2022-05-28 21:30:12,709 INFO [main] o.s.b.w.s.c.ServletWebServerApplicationContext [ServletWebServerApplicationContext.java:290] Root WebApplicationContext: initialization completed in 1724 ms
2022-05-28 21:30:14,287 INFO [main] o.s.b.a.w.s.WelcomePageHandlerMapping [WelcomePageHandlerMapping.java:57] Adding welcome page template: index
2022-05-28 21:30:14,428 INFO [main] o.a.c.h.Http11NioProtocol [DirectJDKLog.java:173] Starting ProtocolHandler ["http-nio-8080"]
2022-05-28 21:30:14,451 INFO [main] o.s.b.w.e.t.TomcatWebServer [TomcatWebServer.java:220] Tomcat started on port(s): 8080 (http) with context path ''
2022-05-28 21:30:14,485 INFO [main] c.e.n.NewcoderApplication [StartupInfoLogger.java:61] Started NewcoderApplication in 4.927 seconds (JVM running for 7.104)
2022-05-28 21:30:16,052 INFO [http-nio-8080-exec-2] o.a.c.c.C.[.[.[/] [DirectJDKLog.java:173] Initializing Spring DispatcherServlet 'dispatcherServlet'
2022-05-28 21:30:16,052 INFO [http-nio-8080-exec-2] o.s.w.s.DispatcherServlet [FrameworkServlet.java:525] Initializing Servlet 'dispatcherServlet'
2022-05-28 21:30:16,059 INFO [http-nio-8080-exec-2] o.s.w.s.DispatcherServlet [FrameworkServlet.java:547] Completed initialization in 7 ms
2022-05-28 21:30:16,114 INFO [http-nio-8080-exec-2] c.z.h.HikariDataSource [HikariDataSource.java:110] HikariPool-1 - Starting...
2022-05-28 21:30:16,271 INFO [http-nio-8080-exec-2] c.z.h.HikariDataSource [HikariDataSource.java:123] HikariPool-1 - Start completed.
2022-05-28 21:33:42,319 INFO [SpringApplicationShutdownHook] c.z.h.HikariDataSource [HikariDataSource.java:350] HikariPool-1 - Shutdown initiated...
2022-05-28 21:33:42,333 INFO [SpringApplicationShutdownHook] c.z.h.HikariDataSource [HikariDataSource.java:352] HikariPool-1 - Shutdown completed.
2022-05-28 21:34:13,420 INFO [main] c.e.n.NewcoderApplication [StartupInfoLogger.java:55] Starting NewcoderApplication using Java 1.8.0_321 on DESKTOP-BPV16TU with PID 53408 (E:\Code_Study\Project\newcoder\target\classes started by w in E:\Code_Study\Project\newcoder)
2022-05-28 21:34:13,424 INFO [main] c.e.n.NewcoderApplication [SpringApplication.java:640] No active profile set, falling back to 1 default profile: "default"
2022-05-28 21:34:14,720 INFO [main] o.s.b.w.e.t.TomcatWebServer [TomcatWebServer.java:108] Tomcat initialized with port(s): 8080 (http)
2022-05-28 21:34:14,730 INFO [main] o.a.c.h.Http11NioProtocol [DirectJDKLog.java:173] Initializing ProtocolHandler ["http-nio-8080"]
2022-05-28 21:34:14,731 INFO [main] o.a.c.c.StandardService [DirectJDKLog.java:173] Starting service [Tomcat]
2022-05-28 21:34:14,731 INFO [main] o.a.c.c.StandardEngine [DirectJDKLog.java:173] Starting Servlet engine: [Apache Tomcat/9.0.60]
2022-05-28 21:34:14,909 INFO [main] o.a.c.c.C.[.[.[/] [DirectJDKLog.java:173] Initializing Spring embedded WebApplicationContext
2022-05-28 21:34:14,909 INFO [main] o.s.b.w.s.c.ServletWebServerApplicationContext [ServletWebServerApplicationContext.java:290] Root WebApplicationContext: initialization completed in 1437 ms
2022-05-28 21:34:16,316 INFO [main] o.s.b.a.w.s.WelcomePageHandlerMapping [WelcomePageHandlerMapping.java:57] Adding welcome page template: index
2022-05-28 21:34:16,444 INFO [main] o.a.c.h.Http11NioProtocol [DirectJDKLog.java:173] Starting ProtocolHandler ["http-nio-8080"]
2022-05-28 21:34:16,471 INFO [main] o.s.b.w.e.t.TomcatWebServer [TomcatWebServer.java:220] Tomcat started on port(s): 8080 (http) with context path ''
2022-05-28 21:34:16,500 INFO [main] c.e.n.NewcoderApplication [StartupInfoLogger.java:61] Started NewcoderApplication in 3.814 seconds (JVM running for 5.173)
2022-05-28 21:34:24,304 INFO [http-nio-8080-exec-2] o.a.c.c.C.[.[.[/] [DirectJDKLog.java:173] Initializing Spring DispatcherServlet 'dispatcherServlet'
2022-05-28 21:34:24,305 INFO [http-nio-8080-exec-2] o.s.w.s.DispatcherServlet [FrameworkServlet.java:525] Initializing Servlet 'dispatcherServlet'
2022-05-28 21:34:24,309 INFO [http-nio-8080-exec-2] o.s.w.s.DispatcherServlet [FrameworkServlet.java:547] Completed initialization in 4 ms
2022-05-28 21:34:24,355 INFO [http-nio-8080-exec-2] c.z.h.HikariDataSource [HikariDataSource.java:110] HikariPool-1 - Starting...
2022-05-28 21:34:24,503 INFO [http-nio-8080-exec-2] c.z.h.HikariDataSource [HikariDataSource.java:123] HikariPool-1 - Start completed.
2022-05-28 21:34:51,963 INFO [SpringApplicationShutdownHook] c.z.h.HikariDataSource [HikariDataSource.java:350] HikariPool-1 - Shutdown initiated...
2022-05-28 21:34:51,979 INFO [SpringApplicationShutdownHook] c.z.h.HikariDataSource [HikariDataSource.java:352] HikariPool-1 - Shutdown completed.
2022-05-28 21:35:01,579 INFO [main] c.e.n.NewcoderApplication [StartupInfoLogger.java:55] Starting NewcoderApplication using Java 1.8.0_321 on DESKTOP-BPV16TU with PID 60248 (E:\Code_Study\Project\newcoder\target\classes started by w in E:\Code_Study\Project\newcoder)
2022-05-28 21:35:01,583 INFO [main] c.e.n.NewcoderApplication [SpringApplication.java:640] No active profile set, falling back to 1 default profile: "default"
2022-05-28 21:35:03,354 INFO [main] o.s.b.w.e.t.TomcatWebServer [TomcatWebServer.java:108] Tomcat initialized with port(s): 8080 (http)
2022-05-28 21:35:03,367 INFO [main] o.a.c.h.Http11NioProtocol [DirectJDKLog.java:173] Initializing ProtocolHandler ["http-nio-8080"]
2022-05-28 21:35:03,368 INFO [main] o.a.c.c.StandardService [DirectJDKLog.java:173] Starting service [Tomcat]
2022-05-28 21:35:03,368 INFO [main] o.a.c.c.StandardEngine [DirectJDKLog.java:173] Starting Servlet engine: [Apache Tomcat/9.0.60]
2022-05-28 21:35:03,585 INFO [main] o.a.c.c.C.[.[.[/] [DirectJDKLog.java:173] Initializing Spring embedded WebApplicationContext
2022-05-28 21:35:03,586 INFO [main] o.s.b.w.s.c.ServletWebServerApplicationContext [ServletWebServerApplicationContext.java:290] Root WebApplicationContext: initialization completed in 1940 ms
2022-05-28 21:35:05,397 INFO [main] o.s.b.a.w.s.WelcomePageHandlerMapping [WelcomePageHandlerMapping.java:57] Adding welcome page template: index
2022-05-28 21:35:05,560 INFO [main] o.a.c.h.Http11NioProtocol [DirectJDKLog.java:173] Starting ProtocolHandler ["http-nio-8080"]
2022-05-28 21:35:05,606 INFO [main] o.s.b.w.e.t.TomcatWebServer [TomcatWebServer.java:220] Tomcat started on port(s): 8080 (http) with context path ''
2022-05-28 21:35:05,638 INFO [main] c.e.n.NewcoderApplication [StartupInfoLogger.java:61] Started NewcoderApplication in 5.394 seconds (JVM running for 8.157)
2022-05-28 21:35:11,759 INFO [http-nio-8080-exec-1] o.a.c.c.C.[.[.[/] [DirectJDKLog.java:173] Initializing Spring DispatcherServlet 'dispatcherServlet'
2022-05-28 21:35:11,760 INFO [http-nio-8080-exec-1] o.s.w.s.DispatcherServlet [FrameworkServlet.java:525] Initializing Servlet 'dispatcherServlet'
2022-05-28 21:35:11,761 INFO [http-nio-8080-exec-1] o.s.w.s.DispatcherServlet [FrameworkServlet.java:547] Completed initialization in 1 ms
2022-05-28 21:35:11,807 INFO [http-nio-8080-exec-1] c.z.h.HikariDataSource [HikariDataSource.java:110] HikariPool-1 - Starting...
2022-05-28 21:35:12,030 INFO [http-nio-8080-exec-1] c.z.h.HikariDataSource [HikariDataSource.java:123] HikariPool-1 - Start completed.
2022-05-28 21:35:39,281 INFO [SpringApplicationShutdownHook] c.z.h.HikariDataSource [HikariDataSource.java:350] HikariPool-1 - Shutdown initiated...
2022-05-28 21:35:39,291 INFO [SpringApplicationShutdownHook] c.z.h.HikariDataSource [HikariDataSource.java:352] HikariPool-1 - Shutdown completed.
