2022-05-16 20:02:02,764 INFO [main] c.e.n.NewcoderApplication [StartupInfoLogger.java:55] Starting NewcoderApplication using Java 1.8.0_321 on DESKTOP-BPV16TU with PID 79916 (E:\Code_Study\Project\newcoder\target\classes started by w in E:\Code_Study\Project\newcoder)
2022-05-16 20:02:02,807 INFO [main] c.e.n.NewcoderApplication [SpringApplication.java:640] No active profile set, falling back to 1 default profile: "default"
2022-05-16 20:02:05,206 INFO [main] o.s.b.w.e.t.TomcatWebServer [TomcatWebServer.java:108] Tomcat initialized with port(s): 8080 (http)
2022-05-16 20:02:05,221 INFO [main] o.a.c.h.Http11NioProtocol [DirectJDKLog.java:173] Initializing ProtocolHandler ["http-nio-8080"]
2022-05-16 20:02:05,222 INFO [main] o.a.c.c.StandardService [DirectJDKLog.java:173] Starting service [Tomcat]
2022-05-16 20:02:05,222 INFO [main] o.a.c.c.StandardEngine [DirectJDKLog.java:173] Starting Servlet engine: [Apache Tomcat/9.0.60]
2022-05-16 20:02:05,523 INFO [main] o.a.c.c.C.[.[.[/] [DirectJDKLog.java:173] Initializing Spring embedded WebApplicationContext
2022-05-16 20:02:05,524 INFO [main] o.s.b.w.s.c.ServletWebServerApplicationContext [ServletWebServerApplicationContext.java:290] Root WebApplicationContext: initialization completed in 2557 ms
2022-05-16 20:02:07,739 INFO [main] o.s.b.a.w.s.WelcomePageHandlerMapping [WelcomePageHandlerMapping.java:57] Adding welcome page template: index
2022-05-16 20:02:08,153 INFO [main] o.a.c.h.Http11NioProtocol [DirectJDKLog.java:173] Starting ProtocolHandler ["http-nio-8080"]
2022-05-16 20:02:08,176 INFO [main] o.s.b.w.e.t.TomcatWebServer [TomcatWebServer.java:220] Tomcat started on port(s): 8080 (http) with context path ''
2022-05-16 20:02:08,210 INFO [main] c.e.n.NewcoderApplication [StartupInfoLogger.java:61] Started NewcoderApplication in 7.157 seconds (JVM running for 10.952)
2022-05-16 20:02:08,377 INFO [http-nio-8080-exec-2] o.a.c.c.C.[.[.[/] [DirectJDKLog.java:173] Initializing Spring DispatcherServlet 'dispatcherServlet'
2022-05-16 20:02:08,381 INFO [http-nio-8080-exec-2] o.s.w.s.DispatcherServlet [FrameworkServlet.java:525] Initializing Servlet 'dispatcherServlet'
2022-05-16 20:02:08,387 INFO [http-nio-8080-exec-2] o.s.w.s.DispatcherServlet [FrameworkServlet.java:547] Completed initialization in 4 ms
2022-05-16 20:02:13,926 INFO [http-nio-8080-exec-2] c.z.h.HikariDataSource [HikariDataSource.java:110] HikariPool-1 - Starting...
2022-05-16 20:02:14,940 INFO [http-nio-8080-exec-2] c.z.h.HikariDataSource [HikariDataSource.java:123] HikariPool-1 - Start completed.
2022-05-16 21:25:29,214 INFO [SpringApplicationShutdownHook] c.z.h.HikariDataSource [HikariDataSource.java:350] HikariPool-1 - Shutdown initiated...
2022-05-16 21:25:29,223 INFO [SpringApplicationShutdownHook] c.z.h.HikariDataSource [HikariDataSource.java:352] HikariPool-1 - Shutdown completed.
2022-05-16 21:25:45,256 INFO [main] c.e.n.NewcoderApplication [StartupInfoLogger.java:55] Starting NewcoderApplication using Java 1.8.0_321 on DESKTOP-BPV16TU with PID 18824 (E:\Code_Study\Project\newcoder\target\classes started by w in E:\Code_Study\Project\newcoder)
2022-05-16 21:25:45,269 INFO [main] c.e.n.NewcoderApplication [SpringApplication.java:640] No active profile set, falling back to 1 default profile: "default"
2022-05-16 21:25:46,631 INFO [main] o.s.b.w.e.t.TomcatWebServer [TomcatWebServer.java:108] Tomcat initialized with port(s): 8080 (http)
2022-05-16 21:25:46,642 INFO [main] o.a.c.h.Http11NioProtocol [DirectJDKLog.java:173] Initializing ProtocolHandler ["http-nio-8080"]
2022-05-16 21:25:46,642 INFO [main] o.a.c.c.StandardService [DirectJDKLog.java:173] Starting service [Tomcat]
2022-05-16 21:25:46,643 INFO [main] o.a.c.c.StandardEngine [DirectJDKLog.java:173] Starting Servlet engine: [Apache Tomcat/9.0.60]
2022-05-16 21:25:46,802 INFO [main] o.a.c.c.C.[.[.[/] [DirectJDKLog.java:173] Initializing Spring embedded WebApplicationContext
2022-05-16 21:25:46,802 INFO [main] o.s.b.w.s.c.ServletWebServerApplicationContext [ServletWebServerApplicationContext.java:290] Root WebApplicationContext: initialization completed in 1463 ms
2022-05-16 21:25:48,232 INFO [main] o.s.b.a.w.s.WelcomePageHandlerMapping [WelcomePageHandlerMapping.java:57] Adding welcome page template: index
2022-05-16 21:25:48,433 INFO [main] o.a.c.h.Http11NioProtocol [DirectJDKLog.java:173] Starting ProtocolHandler ["http-nio-8080"]
2022-05-16 21:25:48,463 INFO [main] o.s.b.w.e.t.TomcatWebServer [TomcatWebServer.java:220] Tomcat started on port(s): 8080 (http) with context path ''
2022-05-16 21:25:48,503 INFO [main] c.e.n.NewcoderApplication [StartupInfoLogger.java:61] Started NewcoderApplication in 4.508 seconds (JVM running for 6.02)
2022-05-16 21:25:48,610 INFO [http-nio-8080-exec-1] o.a.c.c.C.[.[.[/] [DirectJDKLog.java:173] Initializing Spring DispatcherServlet 'dispatcherServlet'
2022-05-16 21:25:48,610 INFO [http-nio-8080-exec-1] o.s.w.s.DispatcherServlet [FrameworkServlet.java:525] Initializing Servlet 'dispatcherServlet'
2022-05-16 21:25:48,612 INFO [http-nio-8080-exec-1] o.s.w.s.DispatcherServlet [FrameworkServlet.java:547] Completed initialization in 2 ms
2022-05-16 21:25:48,783 INFO [http-nio-8080-exec-1] c.z.h.HikariDataSource [HikariDataSource.java:110] HikariPool-1 - Starting...
2022-05-16 21:25:49,002 INFO [http-nio-8080-exec-1] c.z.h.HikariDataSource [HikariDataSource.java:123] HikariPool-1 - Start completed.
2022-05-16 21:31:19,480 INFO [SpringApplicationShutdownHook] c.z.h.HikariDataSource [HikariDataSource.java:350] HikariPool-1 - Shutdown initiated...
2022-05-16 21:31:19,494 INFO [SpringApplicationShutdownHook] c.z.h.HikariDataSource [HikariDataSource.java:352] HikariPool-1 - Shutdown completed.
2022-05-16 21:31:27,831 INFO [main] c.e.n.NewcoderApplication [StartupInfoLogger.java:55] Starting NewcoderApplication using Java 1.8.0_321 on DESKTOP-BPV16TU with PID 46168 (E:\Code_Study\Project\newcoder\target\classes started by w in E:\Code_Study\Project\newcoder)
2022-05-16 21:31:27,834 INFO [main] c.e.n.NewcoderApplication [SpringApplication.java:640] No active profile set, falling back to 1 default profile: "default"
2022-05-16 21:31:29,165 INFO [main] o.s.b.w.e.t.TomcatWebServer [TomcatWebServer.java:108] Tomcat initialized with port(s): 8080 (http)
2022-05-16 21:31:29,175 INFO [main] o.a.c.h.Http11NioProtocol [DirectJDKLog.java:173] Initializing ProtocolHandler ["http-nio-8080"]
2022-05-16 21:31:29,176 INFO [main] o.a.c.c.StandardService [DirectJDKLog.java:173] Starting service [Tomcat]
2022-05-16 21:31:29,177 INFO [main] o.a.c.c.StandardEngine [DirectJDKLog.java:173] Starting Servlet engine: [Apache Tomcat/9.0.60]
2022-05-16 21:31:29,331 INFO [main] o.a.c.c.C.[.[.[/] [DirectJDKLog.java:173] Initializing Spring embedded WebApplicationContext
2022-05-16 21:31:29,332 INFO [main] o.s.b.w.s.c.ServletWebServerApplicationContext [ServletWebServerApplicationContext.java:290] Root WebApplicationContext: initialization completed in 1399 ms
2022-05-16 21:31:31,050 INFO [main] o.s.b.a.w.s.WelcomePageHandlerMapping [WelcomePageHandlerMapping.java:57] Adding welcome page template: index
2022-05-16 21:31:31,268 INFO [main] o.a.c.h.Http11NioProtocol [DirectJDKLog.java:173] Starting ProtocolHandler ["http-nio-8080"]
2022-05-16 21:31:31,297 INFO [main] o.s.b.w.e.t.TomcatWebServer [TomcatWebServer.java:220] Tomcat started on port(s): 8080 (http) with context path ''
2022-05-16 21:31:31,331 INFO [main] c.e.n.NewcoderApplication [StartupInfoLogger.java:61] Started NewcoderApplication in 4.439 seconds (JVM running for 6.149)
2022-05-16 21:31:51,341 INFO [http-nio-8080-exec-2] o.a.c.c.C.[.[.[/] [DirectJDKLog.java:173] Initializing Spring DispatcherServlet 'dispatcherServlet'
2022-05-16 21:31:51,342 INFO [http-nio-8080-exec-2] o.s.w.s.DispatcherServlet [FrameworkServlet.java:525] Initializing Servlet 'dispatcherServlet'
2022-05-16 21:31:51,343 INFO [http-nio-8080-exec-2] o.s.w.s.DispatcherServlet [FrameworkServlet.java:547] Completed initialization in 1 ms
2022-05-16 21:31:51,414 INFO [http-nio-8080-exec-2] c.z.h.HikariDataSource [HikariDataSource.java:110] HikariPool-1 - Starting...
2022-05-16 21:31:51,544 INFO [http-nio-8080-exec-2] c.z.h.HikariDataSource [HikariDataSource.java:123] HikariPool-1 - Start completed.
2022-05-16 21:34:45,650 INFO [SpringApplicationShutdownHook] c.z.h.HikariDataSource [HikariDataSource.java:350] HikariPool-1 - Shutdown initiated...
2022-05-16 21:34:45,659 INFO [SpringApplicationShutdownHook] c.z.h.HikariDataSource [HikariDataSource.java:352] HikariPool-1 - Shutdown completed.
2022-05-16 21:34:53,538 INFO [main] c.e.n.NewcoderApplication [StartupInfoLogger.java:55] Starting NewcoderApplication using Java 1.8.0_321 on DESKTOP-BPV16TU with PID 49340 (E:\Code_Study\Project\newcoder\target\classes started by w in E:\Code_Study\Project\newcoder)
2022-05-16 21:34:53,543 INFO [main] c.e.n.NewcoderApplication [SpringApplication.java:640] No active profile set, falling back to 1 default profile: "default"
2022-05-16 21:34:54,935 INFO [main] o.s.b.w.e.t.TomcatWebServer [TomcatWebServer.java:108] Tomcat initialized with port(s): 8080 (http)
2022-05-16 21:34:54,944 INFO [main] o.a.c.h.Http11NioProtocol [DirectJDKLog.java:173] Initializing ProtocolHandler ["http-nio-8080"]
2022-05-16 21:34:54,945 INFO [main] o.a.c.c.StandardService [DirectJDKLog.java:173] Starting service [Tomcat]
2022-05-16 21:34:54,945 INFO [main] o.a.c.c.StandardEngine [DirectJDKLog.java:173] Starting Servlet engine: [Apache Tomcat/9.0.60]
2022-05-16 21:34:55,090 INFO [main] o.a.c.c.C.[.[.[/] [DirectJDKLog.java:173] Initializing Spring embedded WebApplicationContext
2022-05-16 21:34:55,091 INFO [main] o.s.b.w.s.c.ServletWebServerApplicationContext [ServletWebServerApplicationContext.java:290] Root WebApplicationContext: initialization completed in 1443 ms
2022-05-16 21:34:56,458 INFO [main] o.s.b.a.w.s.WelcomePageHandlerMapping [WelcomePageHandlerMapping.java:57] Adding welcome page template: index
2022-05-16 21:34:56,602 INFO [main] o.a.c.h.Http11NioProtocol [DirectJDKLog.java:173] Starting ProtocolHandler ["http-nio-8080"]
2022-05-16 21:34:56,623 INFO [main] o.s.b.w.e.t.TomcatWebServer [TomcatWebServer.java:220] Tomcat started on port(s): 8080 (http) with context path ''
2022-05-16 21:34:56,649 INFO [main] c.e.n.NewcoderApplication [StartupInfoLogger.java:61] Started NewcoderApplication in 3.959 seconds (JVM running for 5.896)
2022-05-16 21:34:59,812 INFO [http-nio-8080-exec-2] o.a.c.c.C.[.[.[/] [DirectJDKLog.java:173] Initializing Spring DispatcherServlet 'dispatcherServlet'
2022-05-16 21:34:59,812 INFO [http-nio-8080-exec-2] o.s.w.s.DispatcherServlet [FrameworkServlet.java:525] Initializing Servlet 'dispatcherServlet'
2022-05-16 21:34:59,814 INFO [http-nio-8080-exec-2] o.s.w.s.DispatcherServlet [FrameworkServlet.java:547] Completed initialization in 2 ms
2022-05-16 21:34:59,899 INFO [http-nio-8080-exec-2] c.z.h.HikariDataSource [HikariDataSource.java:110] HikariPool-1 - Starting...
2022-05-16 21:35:00,050 INFO [http-nio-8080-exec-2] c.z.h.HikariDataSource [HikariDataSource.java:123] HikariPool-1 - Start completed.
2022-05-16 21:38:00,765 INFO [SpringApplicationShutdownHook] c.z.h.HikariDataSource [HikariDataSource.java:350] HikariPool-1 - Shutdown initiated...
2022-05-16 21:38:00,775 INFO [SpringApplicationShutdownHook] c.z.h.HikariDataSource [HikariDataSource.java:352] HikariPool-1 - Shutdown completed.
2022-05-16 21:38:09,800 INFO [main] c.e.n.NewcoderApplication [StartupInfoLogger.java:55] Starting NewcoderApplication using Java 1.8.0_321 on DESKTOP-BPV16TU with PID 23328 (E:\Code_Study\Project\newcoder\target\classes started by w in E:\Code_Study\Project\newcoder)
2022-05-16 21:38:09,824 INFO [main] c.e.n.NewcoderApplication [SpringApplication.java:640] No active profile set, falling back to 1 default profile: "default"
2022-05-16 21:38:11,448 INFO [main] o.s.b.w.e.t.TomcatWebServer [TomcatWebServer.java:108] Tomcat initialized with port(s): 8080 (http)
2022-05-16 21:38:11,457 INFO [main] o.a.c.h.Http11NioProtocol [DirectJDKLog.java:173] Initializing ProtocolHandler ["http-nio-8080"]
2022-05-16 21:38:11,458 INFO [main] o.a.c.c.StandardService [DirectJDKLog.java:173] Starting service [Tomcat]
2022-05-16 21:38:11,458 INFO [main] o.a.c.c.StandardEngine [DirectJDKLog.java:173] Starting Servlet engine: [Apache Tomcat/9.0.60]
2022-05-16 21:38:11,600 INFO [main] o.a.c.c.C.[.[.[/] [DirectJDKLog.java:173] Initializing Spring embedded WebApplicationContext
2022-05-16 21:38:11,601 INFO [main] o.s.b.w.s.c.ServletWebServerApplicationContext [ServletWebServerApplicationContext.java:290] Root WebApplicationContext: initialization completed in 1618 ms
2022-05-16 21:38:13,137 INFO [main] o.s.b.a.w.s.WelcomePageHandlerMapping [WelcomePageHandlerMapping.java:57] Adding welcome page template: index
2022-05-16 21:38:13,294 INFO [main] o.a.c.h.Http11NioProtocol [DirectJDKLog.java:173] Starting ProtocolHandler ["http-nio-8080"]
2022-05-16 21:38:13,317 INFO [main] o.s.b.w.e.t.TomcatWebServer [TomcatWebServer.java:220] Tomcat started on port(s): 8080 (http) with context path ''
2022-05-16 21:38:13,354 INFO [main] c.e.n.NewcoderApplication [StartupInfoLogger.java:61] Started NewcoderApplication in 4.543 seconds (JVM running for 6.852)
2022-05-16 21:38:19,141 INFO [http-nio-8080-exec-2] o.a.c.c.C.[.[.[/] [DirectJDKLog.java:173] Initializing Spring DispatcherServlet 'dispatcherServlet'
2022-05-16 21:38:19,142 INFO [http-nio-8080-exec-2] o.s.w.s.DispatcherServlet [FrameworkServlet.java:525] Initializing Servlet 'dispatcherServlet'
2022-05-16 21:38:19,143 INFO [http-nio-8080-exec-2] o.s.w.s.DispatcherServlet [FrameworkServlet.java:547] Completed initialization in 1 ms
2022-05-16 21:38:19,217 INFO [http-nio-8080-exec-2] c.z.h.HikariDataSource [HikariDataSource.java:110] HikariPool-1 - Starting...
2022-05-16 21:38:19,361 INFO [http-nio-8080-exec-2] c.z.h.HikariDataSource [HikariDataSource.java:123] HikariPool-1 - Start completed.
2022-05-16 21:40:47,342 INFO [SpringApplicationShutdownHook] c.z.h.HikariDataSource [HikariDataSource.java:350] HikariPool-1 - Shutdown initiated...
2022-05-16 21:40:47,349 INFO [SpringApplicationShutdownHook] c.z.h.HikariDataSource [HikariDataSource.java:352] HikariPool-1 - Shutdown completed.
2022-05-16 21:40:51,348 INFO [main] c.e.n.NewcoderApplication [StartupInfoLogger.java:55] Starting NewcoderApplication using Java 1.8.0_321 on DESKTOP-BPV16TU with PID 86292 (E:\Code_Study\Project\newcoder\target\classes started by w in E:\Code_Study\Project\newcoder)
2022-05-16 21:40:51,353 INFO [main] c.e.n.NewcoderApplication [SpringApplication.java:640] No active profile set, falling back to 1 default profile: "default"
2022-05-16 21:40:52,481 INFO [main] o.s.b.w.e.t.TomcatWebServer [TomcatWebServer.java:108] Tomcat initialized with port(s): 8080 (http)
2022-05-16 21:40:52,491 INFO [main] o.a.c.h.Http11NioProtocol [DirectJDKLog.java:173] Initializing ProtocolHandler ["http-nio-8080"]
2022-05-16 21:40:52,492 INFO [main] o.a.c.c.StandardService [DirectJDKLog.java:173] Starting service [Tomcat]
2022-05-16 21:40:52,492 INFO [main] o.a.c.c.StandardEngine [DirectJDKLog.java:173] Starting Servlet engine: [Apache Tomcat/9.0.60]
2022-05-16 21:40:52,634 INFO [main] o.a.c.c.C.[.[.[/] [DirectJDKLog.java:173] Initializing Spring embedded WebApplicationContext
2022-05-16 21:40:52,635 INFO [main] o.s.b.w.s.c.ServletWebServerApplicationContext [ServletWebServerApplicationContext.java:290] Root WebApplicationContext: initialization completed in 1211 ms
2022-05-16 21:40:53,870 INFO [main] o.s.b.a.w.s.WelcomePageHandlerMapping [WelcomePageHandlerMapping.java:57] Adding welcome page template: index
2022-05-16 21:40:54,002 INFO [main] o.a.c.h.Http11NioProtocol [DirectJDKLog.java:173] Starting ProtocolHandler ["http-nio-8080"]
2022-05-16 21:40:54,028 INFO [main] o.s.b.w.e.t.TomcatWebServer [TomcatWebServer.java:220] Tomcat started on port(s): 8080 (http) with context path ''
2022-05-16 21:40:54,063 INFO [main] c.e.n.NewcoderApplication [StartupInfoLogger.java:61] Started NewcoderApplication in 3.676 seconds (JVM running for 4.892)
2022-05-16 21:40:59,629 INFO [http-nio-8080-exec-3] o.a.c.c.C.[.[.[/] [DirectJDKLog.java:173] Initializing Spring DispatcherServlet 'dispatcherServlet'
2022-05-16 21:40:59,630 INFO [http-nio-8080-exec-3] o.s.w.s.DispatcherServlet [FrameworkServlet.java:525] Initializing Servlet 'dispatcherServlet'
2022-05-16 21:40:59,632 INFO [http-nio-8080-exec-3] o.s.w.s.DispatcherServlet [FrameworkServlet.java:547] Completed initialization in 2 ms
2022-05-16 21:41:12,948 INFO [http-nio-8080-exec-1] c.z.h.HikariDataSource [HikariDataSource.java:110] HikariPool-1 - Starting...
2022-05-16 21:41:13,108 INFO [http-nio-8080-exec-1] c.z.h.HikariDataSource [HikariDataSource.java:123] HikariPool-1 - Start completed.
2022-05-16 21:49:38,233 INFO [SpringApplicationShutdownHook] c.z.h.HikariDataSource [HikariDataSource.java:350] HikariPool-1 - Shutdown initiated...
2022-05-16 21:49:38,249 INFO [SpringApplicationShutdownHook] c.z.h.HikariDataSource [HikariDataSource.java:352] HikariPool-1 - Shutdown completed.
2022-05-16 22:09:21,422 INFO [main] c.e.n.NewcoderApplication [StartupInfoLogger.java:55] Starting NewcoderApplication using Java 1.8.0_321 on DESKTOP-BPV16TU with PID 83108 (E:\Code_Study\Project\newcoder\target\classes started by w in E:\Code_Study\Project\newcoder)
2022-05-16 22:09:21,477 INFO [main] c.e.n.NewcoderApplication [SpringApplication.java:640] No active profile set, falling back to 1 default profile: "default"
2022-05-16 22:09:23,391 INFO [main] o.s.b.w.e.t.TomcatWebServer [TomcatWebServer.java:108] Tomcat initialized with port(s): 8080 (http)
2022-05-16 22:09:23,405 INFO [main] o.a.c.h.Http11NioProtocol [DirectJDKLog.java:173] Initializing ProtocolHandler ["http-nio-8080"]
2022-05-16 22:09:23,406 INFO [main] o.a.c.c.StandardService [DirectJDKLog.java:173] Starting service [Tomcat]
2022-05-16 22:09:23,407 INFO [main] o.a.c.c.StandardEngine [DirectJDKLog.java:173] Starting Servlet engine: [Apache Tomcat/9.0.60]
2022-05-16 22:09:23,763 INFO [main] o.a.c.c.C.[.[.[/] [DirectJDKLog.java:173] Initializing Spring embedded WebApplicationContext
2022-05-16 22:09:23,763 INFO [main] o.s.b.w.s.c.ServletWebServerApplicationContext [ServletWebServerApplicationContext.java:290] Root WebApplicationContext: initialization completed in 2082 ms
2022-05-16 22:09:26,162 INFO [main] o.s.b.a.w.s.WelcomePageHandlerMapping [WelcomePageHandlerMapping.java:57] Adding welcome page template: index
2022-05-16 22:09:26,424 INFO [main] o.a.c.h.Http11NioProtocol [DirectJDKLog.java:173] Starting ProtocolHandler ["http-nio-8080"]
2022-05-16 22:09:26,446 INFO [main] o.s.b.w.e.t.TomcatWebServer [TomcatWebServer.java:220] Tomcat started on port(s): 8080 (http) with context path ''
2022-05-16 22:09:26,492 INFO [main] c.e.n.NewcoderApplication [StartupInfoLogger.java:61] Started NewcoderApplication in 6.771 seconds (JVM running for 8.654)
2022-05-16 22:09:26,745 INFO [http-nio-8080-exec-3] o.a.c.c.C.[.[.[/] [DirectJDKLog.java:173] Initializing Spring DispatcherServlet 'dispatcherServlet'
2022-05-16 22:09:26,745 INFO [http-nio-8080-exec-3] o.s.w.s.DispatcherServlet [FrameworkServlet.java:525] Initializing Servlet 'dispatcherServlet'
2022-05-16 22:09:26,748 INFO [http-nio-8080-exec-3] o.s.w.s.DispatcherServlet [FrameworkServlet.java:547] Completed initialization in 3 ms
2022-05-16 22:09:36,877 INFO [http-nio-8080-exec-1] c.z.h.HikariDataSource [HikariDataSource.java:110] HikariPool-1 - Starting...
2022-05-16 22:09:37,143 INFO [http-nio-8080-exec-1] c.z.h.HikariDataSource [HikariDataSource.java:123] HikariPool-1 - Start completed.
2022-05-16 22:13:10,302 INFO [SpringApplicationShutdownHook] c.z.h.HikariDataSource [HikariDataSource.java:350] HikariPool-1 - Shutdown initiated...
2022-05-16 22:13:10,309 INFO [SpringApplicationShutdownHook] c.z.h.HikariDataSource [HikariDataSource.java:352] HikariPool-1 - Shutdown completed.
2022-05-16 22:13:15,715 INFO [main] c.e.n.NewcoderApplication [StartupInfoLogger.java:55] Starting NewcoderApplication using Java 1.8.0_321 on DESKTOP-BPV16TU with PID 21636 (E:\Code_Study\Project\newcoder\target\classes started by w in E:\Code_Study\Project\newcoder)
2022-05-16 22:13:15,721 INFO [main] c.e.n.NewcoderApplication [SpringApplication.java:640] No active profile set, falling back to 1 default profile: "default"
2022-05-16 22:13:17,919 INFO [main] o.s.b.w.e.t.TomcatWebServer [TomcatWebServer.java:108] Tomcat initialized with port(s): 8080 (http)
2022-05-16 22:13:17,929 INFO [main] o.a.c.h.Http11NioProtocol [DirectJDKLog.java:173] Initializing ProtocolHandler ["http-nio-8080"]
2022-05-16 22:13:17,930 INFO [main] o.a.c.c.StandardService [DirectJDKLog.java:173] Starting service [Tomcat]
2022-05-16 22:13:17,930 INFO [main] o.a.c.c.StandardEngine [DirectJDKLog.java:173] Starting Servlet engine: [Apache Tomcat/9.0.60]
2022-05-16 22:13:18,089 INFO [main] o.a.c.c.C.[.[.[/] [DirectJDKLog.java:173] Initializing Spring embedded WebApplicationContext
2022-05-16 22:13:18,089 INFO [main] o.s.b.w.s.c.ServletWebServerApplicationContext [ServletWebServerApplicationContext.java:290] Root WebApplicationContext: initialization completed in 2271 ms
2022-05-16 22:13:19,768 INFO [main] o.s.b.a.w.s.WelcomePageHandlerMapping [WelcomePageHandlerMapping.java:57] Adding welcome page template: index
2022-05-16 22:13:19,926 INFO [main] o.a.c.h.Http11NioProtocol [DirectJDKLog.java:173] Starting ProtocolHandler ["http-nio-8080"]
2022-05-16 22:13:19,958 INFO [main] o.s.b.w.e.t.TomcatWebServer [TomcatWebServer.java:220] Tomcat started on port(s): 8080 (http) with context path ''
2022-05-16 22:13:19,997 INFO [main] c.e.n.NewcoderApplication [StartupInfoLogger.java:61] Started NewcoderApplication in 5.501 seconds (JVM running for 7.654)
2022-05-16 22:13:27,715 INFO [http-nio-8080-exec-1] o.a.c.c.C.[.[.[/] [DirectJDKLog.java:173] Initializing Spring DispatcherServlet 'dispatcherServlet'
2022-05-16 22:13:27,716 INFO [http-nio-8080-exec-1] o.s.w.s.DispatcherServlet [FrameworkServlet.java:525] Initializing Servlet 'dispatcherServlet'
2022-05-16 22:13:27,718 INFO [http-nio-8080-exec-1] o.s.w.s.DispatcherServlet [FrameworkServlet.java:547] Completed initialization in 2 ms
2022-05-16 22:13:39,208 INFO [http-nio-8080-exec-2] c.z.h.HikariDataSource [HikariDataSource.java:110] HikariPool-1 - Starting...
2022-05-16 22:13:39,352 INFO [http-nio-8080-exec-2] c.z.h.HikariDataSource [HikariDataSource.java:123] HikariPool-1 - Start completed.
2022-05-16 22:19:16,946 INFO [SpringApplicationShutdownHook] c.z.h.HikariDataSource [HikariDataSource.java:350] HikariPool-1 - Shutdown initiated...
2022-05-16 22:19:17,038 INFO [SpringApplicationShutdownHook] c.z.h.HikariDataSource [HikariDataSource.java:352] HikariPool-1 - Shutdown completed.
2022-05-16 22:19:22,207 INFO [main] c.e.n.NewcoderApplication [StartupInfoLogger.java:55] Starting NewcoderApplication using Java 1.8.0_321 on DESKTOP-BPV16TU with PID 60700 (E:\Code_Study\Project\newcoder\target\classes started by w in E:\Code_Study\Project\newcoder)
2022-05-16 22:19:22,211 INFO [main] c.e.n.NewcoderApplication [SpringApplication.java:640] No active profile set, falling back to 1 default profile: "default"
2022-05-16 22:19:23,647 INFO [main] o.s.b.w.e.t.TomcatWebServer [TomcatWebServer.java:108] Tomcat initialized with port(s): 8080 (http)
2022-05-16 22:19:23,656 INFO [main] o.a.c.h.Http11NioProtocol [DirectJDKLog.java:173] Initializing ProtocolHandler ["http-nio-8080"]
2022-05-16 22:19:23,657 INFO [main] o.a.c.c.StandardService [DirectJDKLog.java:173] Starting service [Tomcat]
2022-05-16 22:19:23,657 INFO [main] o.a.c.c.StandardEngine [DirectJDKLog.java:173] Starting Servlet engine: [Apache Tomcat/9.0.60]
2022-05-16 22:19:23,807 INFO [main] o.a.c.c.C.[.[.[/] [DirectJDKLog.java:173] Initializing Spring embedded WebApplicationContext
2022-05-16 22:19:23,807 INFO [main] o.s.b.w.s.c.ServletWebServerApplicationContext [ServletWebServerApplicationContext.java:290] Root WebApplicationContext: initialization completed in 1526 ms
2022-05-16 22:19:25,630 INFO [main] o.s.b.a.w.s.WelcomePageHandlerMapping [WelcomePageHandlerMapping.java:57] Adding welcome page template: index
2022-05-16 22:19:25,873 INFO [main] o.a.c.h.Http11NioProtocol [DirectJDKLog.java:173] Starting ProtocolHandler ["http-nio-8080"]
2022-05-16 22:19:25,903 INFO [main] o.s.b.w.e.t.TomcatWebServer [TomcatWebServer.java:220] Tomcat started on port(s): 8080 (http) with context path ''
2022-05-16 22:19:25,933 INFO [main] c.e.n.NewcoderApplication [StartupInfoLogger.java:61] Started NewcoderApplication in 4.674 seconds (JVM running for 5.86)
2022-05-16 22:19:26,029 INFO [http-nio-8080-exec-2] o.a.c.c.C.[.[.[/] [DirectJDKLog.java:173] Initializing Spring DispatcherServlet 'dispatcherServlet'
2022-05-16 22:19:26,030 INFO [http-nio-8080-exec-2] o.s.w.s.DispatcherServlet [FrameworkServlet.java:525] Initializing Servlet 'dispatcherServlet'
2022-05-16 22:19:26,032 INFO [http-nio-8080-exec-2] o.s.w.s.DispatcherServlet [FrameworkServlet.java:547] Completed initialization in 1 ms
2022-05-16 22:19:26,215 INFO [http-nio-8080-exec-2] c.z.h.HikariDataSource [HikariDataSource.java:110] HikariPool-1 - Starting...
2022-05-16 22:19:26,417 INFO [http-nio-8080-exec-2] c.z.h.HikariDataSource [HikariDataSource.java:123] HikariPool-1 - Start completed.
2022-05-16 22:21:27,762 INFO [SpringApplicationShutdownHook] c.z.h.HikariDataSource [HikariDataSource.java:350] HikariPool-1 - Shutdown initiated...
2022-05-16 22:21:27,772 INFO [SpringApplicationShutdownHook] c.z.h.HikariDataSource [HikariDataSource.java:352] HikariPool-1 - Shutdown completed.
2022-05-16 22:21:35,262 INFO [main] c.e.n.NewcoderApplication [StartupInfoLogger.java:55] Starting NewcoderApplication using Java 1.8.0_321 on DESKTOP-BPV16TU with PID 67052 (E:\Code_Study\Project\newcoder\target\classes started by w in E:\Code_Study\Project\newcoder)
2022-05-16 22:21:35,268 INFO [main] c.e.n.NewcoderApplication [SpringApplication.java:640] No active profile set, falling back to 1 default profile: "default"
2022-05-16 22:21:36,894 INFO [main] o.s.b.w.e.t.TomcatWebServer [TomcatWebServer.java:108] Tomcat initialized with port(s): 8080 (http)
2022-05-16 22:21:36,904 INFO [main] o.a.c.h.Http11NioProtocol [DirectJDKLog.java:173] Initializing ProtocolHandler ["http-nio-8080"]
2022-05-16 22:21:36,904 INFO [main] o.a.c.c.StandardService [DirectJDKLog.java:173] Starting service [Tomcat]
2022-05-16 22:21:36,905 INFO [main] o.a.c.c.StandardEngine [DirectJDKLog.java:173] Starting Servlet engine: [Apache Tomcat/9.0.60]
2022-05-16 22:21:37,053 INFO [main] o.a.c.c.C.[.[.[/] [DirectJDKLog.java:173] Initializing Spring embedded WebApplicationContext
2022-05-16 22:21:37,053 INFO [main] o.s.b.w.s.c.ServletWebServerApplicationContext [ServletWebServerApplicationContext.java:290] Root WebApplicationContext: initialization completed in 1691 ms
2022-05-16 22:21:38,426 INFO [main] o.s.b.a.w.s.WelcomePageHandlerMapping [WelcomePageHandlerMapping.java:57] Adding welcome page template: index
2022-05-16 22:21:38,560 INFO [main] o.a.c.h.Http11NioProtocol [DirectJDKLog.java:173] Starting ProtocolHandler ["http-nio-8080"]
2022-05-16 22:21:38,579 INFO [main] o.s.b.w.e.t.TomcatWebServer [TomcatWebServer.java:220] Tomcat started on port(s): 8080 (http) with context path ''
2022-05-16 22:21:38,610 INFO [main] c.e.n.NewcoderApplication [StartupInfoLogger.java:61] Started NewcoderApplication in 4.326 seconds (JVM running for 5.737)
2022-05-16 22:21:42,697 INFO [http-nio-8080-exec-2] o.a.c.c.C.[.[.[/] [DirectJDKLog.java:173] Initializing Spring DispatcherServlet 'dispatcherServlet'
2022-05-16 22:21:42,697 INFO [http-nio-8080-exec-2] o.s.w.s.DispatcherServlet [FrameworkServlet.java:525] Initializing Servlet 'dispatcherServlet'
2022-05-16 22:21:42,703 INFO [http-nio-8080-exec-2] o.s.w.s.DispatcherServlet [FrameworkServlet.java:547] Completed initialization in 5 ms
2022-05-16 22:21:42,768 INFO [http-nio-8080-exec-2] c.z.h.HikariDataSource [HikariDataSource.java:110] HikariPool-1 - Starting...
2022-05-16 22:21:42,924 INFO [http-nio-8080-exec-2] c.z.h.HikariDataSource [HikariDataSource.java:123] HikariPool-1 - Start completed.
2022-05-16 22:22:31,548 INFO [SpringApplicationShutdownHook] c.z.h.HikariDataSource [HikariDataSource.java:350] HikariPool-1 - Shutdown initiated...
2022-05-16 22:22:31,558 INFO [SpringApplicationShutdownHook] c.z.h.HikariDataSource [HikariDataSource.java:352] HikariPool-1 - Shutdown completed.
2022-05-16 22:22:36,188 INFO [main] c.e.n.NewcoderApplication [StartupInfoLogger.java:55] Starting NewcoderApplication using Java 1.8.0_321 on DESKTOP-BPV16TU with PID 43420 (E:\Code_Study\Project\newcoder\target\classes started by w in E:\Code_Study\Project\newcoder)
2022-05-16 22:22:36,193 INFO [main] c.e.n.NewcoderApplication [SpringApplication.java:640] No active profile set, falling back to 1 default profile: "default"
2022-05-16 22:22:37,495 INFO [main] o.s.b.w.e.t.TomcatWebServer [TomcatWebServer.java:108] Tomcat initialized with port(s): 8080 (http)
2022-05-16 22:22:37,506 INFO [main] o.a.c.h.Http11NioProtocol [DirectJDKLog.java:173] Initializing ProtocolHandler ["http-nio-8080"]
2022-05-16 22:22:37,507 INFO [main] o.a.c.c.StandardService [DirectJDKLog.java:173] Starting service [Tomcat]
2022-05-16 22:22:37,507 INFO [main] o.a.c.c.StandardEngine [DirectJDKLog.java:173] Starting Servlet engine: [Apache Tomcat/9.0.60]
2022-05-16 22:22:37,676 INFO [main] o.a.c.c.C.[.[.[/] [DirectJDKLog.java:173] Initializing Spring embedded WebApplicationContext
2022-05-16 22:22:37,677 INFO [main] o.s.b.w.s.c.ServletWebServerApplicationContext [ServletWebServerApplicationContext.java:290] Root WebApplicationContext: initialization completed in 1419 ms
2022-05-16 22:22:39,302 INFO [main] o.s.b.a.w.s.WelcomePageHandlerMapping [WelcomePageHandlerMapping.java:57] Adding welcome page template: index
2022-05-16 22:22:39,472 INFO [main] o.a.c.h.Http11NioProtocol [DirectJDKLog.java:173] Starting ProtocolHandler ["http-nio-8080"]
2022-05-16 22:22:39,497 INFO [main] o.s.b.w.e.t.TomcatWebServer [TomcatWebServer.java:220] Tomcat started on port(s): 8080 (http) with context path ''
2022-05-16 22:22:39,549 INFO [main] c.e.n.NewcoderApplication [StartupInfoLogger.java:61] Started NewcoderApplication in 4.148 seconds (JVM running for 5.57)
2022-05-16 22:22:45,863 INFO [http-nio-8080-exec-3] o.a.c.c.C.[.[.[/] [DirectJDKLog.java:173] Initializing Spring DispatcherServlet 'dispatcherServlet'
2022-05-16 22:22:45,863 INFO [http-nio-8080-exec-3] o.s.w.s.DispatcherServlet [FrameworkServlet.java:525] Initializing Servlet 'dispatcherServlet'
2022-05-16 22:22:45,865 INFO [http-nio-8080-exec-3] o.s.w.s.DispatcherServlet [FrameworkServlet.java:547] Completed initialization in 2 ms
2022-05-16 22:22:45,924 INFO [http-nio-8080-exec-3] c.z.h.HikariDataSource [HikariDataSource.java:110] HikariPool-1 - Starting...
2022-05-16 22:22:46,074 INFO [http-nio-8080-exec-3] c.z.h.HikariDataSource [HikariDataSource.java:123] HikariPool-1 - Start completed.
2022-05-16 22:23:01,281 INFO [SpringApplicationShutdownHook] c.z.h.HikariDataSource [HikariDataSource.java:350] HikariPool-1 - Shutdown initiated...
2022-05-16 22:23:01,289 INFO [SpringApplicationShutdownHook] c.z.h.HikariDataSource [HikariDataSource.java:352] HikariPool-1 - Shutdown completed.
