2022-06-06 23:12:18,802 ERROR [http-nio-8080-exec-7] c.e.n.c.a.ExceptionAdvice [ExceptionAdvice.java:28] 服务器发生异常:null
2022-06-06 23:12:18,806 ERROR [http-nio-8080-exec-7] c.e.n.c.a.ExceptionAdvice [ExceptionAdvice.java:31] com.example.newcoder.controller.FollowController.follow(FollowController.java:31)
2022-06-06 23:12:18,807 ERROR [http-nio-8080-exec-7] c.e.n.c.a.ExceptionAdvice [ExceptionAdvice.java:31] sun.reflect.NativeMethodAccessorImpl.invoke0(Native Method)
2022-06-06 23:12:18,808 ERROR [http-nio-8080-exec-7] c.e.n.c.a.ExceptionAdvice [ExceptionAdvice.java:31] sun.reflect.NativeMethodAccessorImpl.invoke(NativeMethodAccessorImpl.java:62)
2022-06-06 23:12:18,809 ERROR [http-nio-8080-exec-7] c.e.n.c.a.ExceptionAdvice [ExceptionAdvice.java:31] sun.reflect.DelegatingMethodAccessorImpl.invoke(DelegatingMethodAccessorImpl.java:43)
2022-06-06 23:12:18,809 ERROR [http-nio-8080-exec-7] c.e.n.c.a.ExceptionAdvice [ExceptionAdvice.java:31] java.lang.reflect.Method.invoke(Method.java:498)
2022-06-06 23:12:18,809 ERROR [http-nio-8080-exec-7] c.e.n.c.a.ExceptionAdvice [ExceptionAdvice.java:31] org.springframework.web.method.support.InvocableHandlerMethod.doInvoke(InvocableHandlerMethod.java:205)
2022-06-06 23:12:18,809 ERROR [http-nio-8080-exec-7] c.e.n.c.a.ExceptionAdvice [ExceptionAdvice.java:31] org.springframework.web.method.support.InvocableHandlerMethod.invokeForRequest(InvocableHandlerMethod.java:150)
2022-06-06 23:12:18,810 ERROR [http-nio-8080-exec-7] c.e.n.c.a.ExceptionAdvice [ExceptionAdvice.java:31] org.springframework.web.servlet.mvc.method.annotation.ServletInvocableHandlerMethod.invokeAndHandle(ServletInvocableHandlerMethod.java:117)
2022-06-06 23:12:18,810 ERROR [http-nio-8080-exec-7] c.e.n.c.a.ExceptionAdvice [ExceptionAdvice.java:31] org.springframework.web.servlet.mvc.method.annotation.RequestMappingHandlerAdapter.invokeHandlerMethod(RequestMappingHandlerAdapter.java:895)
2022-06-06 23:12:18,810 ERROR [http-nio-8080-exec-7] c.e.n.c.a.ExceptionAdvice [ExceptionAdvice.java:31] org.springframework.web.servlet.mvc.method.annotation.RequestMappingHandlerAdapter.handleInternal(RequestMappingHandlerAdapter.java:808)
2022-06-06 23:12:18,810 ERROR [http-nio-8080-exec-7] c.e.n.c.a.ExceptionAdvice [ExceptionAdvice.java:31] org.springframework.web.servlet.mvc.method.AbstractHandlerMethodAdapter.handle(AbstractHandlerMethodAdapter.java:87)
2022-06-06 23:12:18,810 ERROR [http-nio-8080-exec-7] c.e.n.c.a.ExceptionAdvice [ExceptionAdvice.java:31] org.springframework.web.servlet.DispatcherServlet.doDispatch(DispatcherServlet.java:1067)
2022-06-06 23:12:18,810 ERROR [http-nio-8080-exec-7] c.e.n.c.a.ExceptionAdvice [ExceptionAdvice.java:31] org.springframework.web.servlet.DispatcherServlet.doService(DispatcherServlet.java:963)
2022-06-06 23:12:18,810 ERROR [http-nio-8080-exec-7] c.e.n.c.a.ExceptionAdvice [ExceptionAdvice.java:31] org.springframework.web.servlet.FrameworkServlet.processRequest(FrameworkServlet.java:1006)
2022-06-06 23:12:18,811 ERROR [http-nio-8080-exec-7] c.e.n.c.a.ExceptionAdvice [ExceptionAdvice.java:31] org.springframework.web.servlet.FrameworkServlet.doPost(FrameworkServlet.java:909)
2022-06-06 23:12:18,811 ERROR [http-nio-8080-exec-7] c.e.n.c.a.ExceptionAdvice [ExceptionAdvice.java:31] javax.servlet.http.HttpServlet.service(HttpServlet.java:681)
2022-06-06 23:12:18,811 ERROR [http-nio-8080-exec-7] c.e.n.c.a.ExceptionAdvice [ExceptionAdvice.java:31] org.springframework.web.servlet.FrameworkServlet.service(FrameworkServlet.java:883)
2022-06-06 23:12:18,811 ERROR [http-nio-8080-exec-7] c.e.n.c.a.ExceptionAdvice [ExceptionAdvice.java:31] javax.servlet.http.HttpServlet.service(HttpServlet.java:764)
2022-06-06 23:12:18,811 ERROR [http-nio-8080-exec-7] c.e.n.c.a.ExceptionAdvice [ExceptionAdvice.java:31] org.apache.catalina.core.ApplicationFilterChain.internalDoFilter(ApplicationFilterChain.java:227)
2022-06-06 23:12:18,811 ERROR [http-nio-8080-exec-7] c.e.n.c.a.ExceptionAdvice [ExceptionAdvice.java:31] org.apache.catalina.core.ApplicationFilterChain.doFilter(ApplicationFilterChain.java:162)
2022-06-06 23:12:18,811 ERROR [http-nio-8080-exec-7] c.e.n.c.a.ExceptionAdvice [ExceptionAdvice.java:31] org.apache.tomcat.websocket.server.WsFilter.doFilter(WsFilter.java:53)
2022-06-06 23:12:18,811 ERROR [http-nio-8080-exec-7] c.e.n.c.a.ExceptionAdvice [ExceptionAdvice.java:31] org.apache.catalina.core.ApplicationFilterChain.internalDoFilter(ApplicationFilterChain.java:189)
2022-06-06 23:12:18,812 ERROR [http-nio-8080-exec-7] c.e.n.c.a.ExceptionAdvice [ExceptionAdvice.java:31] org.apache.catalina.core.ApplicationFilterChain.doFilter(ApplicationFilterChain.java:162)
2022-06-06 23:12:18,812 ERROR [http-nio-8080-exec-7] c.e.n.c.a.ExceptionAdvice [ExceptionAdvice.java:31] org.springframework.web.filter.RequestContextFilter.doFilterInternal(RequestContextFilter.java:100)
2022-06-06 23:12:18,812 ERROR [http-nio-8080-exec-7] c.e.n.c.a.ExceptionAdvice [ExceptionAdvice.java:31] org.springframework.web.filter.OncePerRequestFilter.doFilter(OncePerRequestFilter.java:117)
2022-06-06 23:12:18,812 ERROR [http-nio-8080-exec-7] c.e.n.c.a.ExceptionAdvice [ExceptionAdvice.java:31] org.apache.catalina.core.ApplicationFilterChain.internalDoFilter(ApplicationFilterChain.java:189)
2022-06-06 23:12:18,812 ERROR [http-nio-8080-exec-7] c.e.n.c.a.ExceptionAdvice [ExceptionAdvice.java:31] org.apache.catalina.core.ApplicationFilterChain.doFilter(ApplicationFilterChain.java:162)
2022-06-06 23:12:18,812 ERROR [http-nio-8080-exec-7] c.e.n.c.a.ExceptionAdvice [ExceptionAdvice.java:31] org.springframework.web.filter.FormContentFilter.doFilterInternal(FormContentFilter.java:93)
2022-06-06 23:12:18,812 ERROR [http-nio-8080-exec-7] c.e.n.c.a.ExceptionAdvice [ExceptionAdvice.java:31] org.springframework.web.filter.OncePerRequestFilter.doFilter(OncePerRequestFilter.java:117)
2022-06-06 23:12:18,813 ERROR [http-nio-8080-exec-7] c.e.n.c.a.ExceptionAdvice [ExceptionAdvice.java:31] org.apache.catalina.core.ApplicationFilterChain.internalDoFilter(ApplicationFilterChain.java:189)
2022-06-06 23:12:18,813 ERROR [http-nio-8080-exec-7] c.e.n.c.a.ExceptionAdvice [ExceptionAdvice.java:31] org.apache.catalina.core.ApplicationFilterChain.doFilter(ApplicationFilterChain.java:162)
2022-06-06 23:12:18,813 ERROR [http-nio-8080-exec-7] c.e.n.c.a.ExceptionAdvice [ExceptionAdvice.java:31] org.springframework.web.filter.CharacterEncodingFilter.doFilterInternal(CharacterEncodingFilter.java:201)
2022-06-06 23:12:18,813 ERROR [http-nio-8080-exec-7] c.e.n.c.a.ExceptionAdvice [ExceptionAdvice.java:31] org.springframework.web.filter.OncePerRequestFilter.doFilter(OncePerRequestFilter.java:117)
2022-06-06 23:12:18,813 ERROR [http-nio-8080-exec-7] c.e.n.c.a.ExceptionAdvice [ExceptionAdvice.java:31] org.apache.catalina.core.ApplicationFilterChain.internalDoFilter(ApplicationFilterChain.java:189)
2022-06-06 23:12:18,813 ERROR [http-nio-8080-exec-7] c.e.n.c.a.ExceptionAdvice [ExceptionAdvice.java:31] org.apache.catalina.core.ApplicationFilterChain.doFilter(ApplicationFilterChain.java:162)
2022-06-06 23:12:18,814 ERROR [http-nio-8080-exec-7] c.e.n.c.a.ExceptionAdvice [ExceptionAdvice.java:31] org.apache.catalina.core.StandardWrapperValve.invoke(StandardWrapperValve.java:197)
2022-06-06 23:12:18,814 ERROR [http-nio-8080-exec-7] c.e.n.c.a.ExceptionAdvice [ExceptionAdvice.java:31] org.apache.catalina.core.StandardContextValve.invoke(StandardContextValve.java:97)
2022-06-06 23:12:18,814 ERROR [http-nio-8080-exec-7] c.e.n.c.a.ExceptionAdvice [ExceptionAdvice.java:31] org.apache.catalina.authenticator.AuthenticatorBase.invoke(AuthenticatorBase.java:541)
2022-06-06 23:12:18,814 ERROR [http-nio-8080-exec-7] c.e.n.c.a.ExceptionAdvice [ExceptionAdvice.java:31] org.apache.catalina.core.StandardHostValve.invoke(StandardHostValve.java:135)
2022-06-06 23:12:18,814 ERROR [http-nio-8080-exec-7] c.e.n.c.a.ExceptionAdvice [ExceptionAdvice.java:31] org.apache.catalina.valves.ErrorReportValve.invoke(ErrorReportValve.java:92)
2022-06-06 23:12:18,814 ERROR [http-nio-8080-exec-7] c.e.n.c.a.ExceptionAdvice [ExceptionAdvice.java:31] org.apache.catalina.core.StandardEngineValve.invoke(StandardEngineValve.java:78)
2022-06-06 23:12:18,815 ERROR [http-nio-8080-exec-7] c.e.n.c.a.ExceptionAdvice [ExceptionAdvice.java:31] org.apache.catalina.connector.CoyoteAdapter.service(CoyoteAdapter.java:360)
2022-06-06 23:12:18,815 ERROR [http-nio-8080-exec-7] c.e.n.c.a.ExceptionAdvice [ExceptionAdvice.java:31] org.apache.coyote.http11.Http11Processor.service(Http11Processor.java:399)
2022-06-06 23:12:18,815 ERROR [http-nio-8080-exec-7] c.e.n.c.a.ExceptionAdvice [ExceptionAdvice.java:31] org.apache.coyote.AbstractProcessorLight.process(AbstractProcessorLight.java:65)
2022-06-06 23:12:18,815 ERROR [http-nio-8080-exec-7] c.e.n.c.a.ExceptionAdvice [ExceptionAdvice.java:31] org.apache.coyote.AbstractProtocol$ConnectionHandler.process(AbstractProtocol.java:889)
2022-06-06 23:12:18,815 ERROR [http-nio-8080-exec-7] c.e.n.c.a.ExceptionAdvice [ExceptionAdvice.java:31] org.apache.tomcat.util.net.NioEndpoint$SocketProcessor.doRun(NioEndpoint.java:1743)
2022-06-06 23:12:18,815 ERROR [http-nio-8080-exec-7] c.e.n.c.a.ExceptionAdvice [ExceptionAdvice.java:31] org.apache.tomcat.util.net.SocketProcessorBase.run(SocketProcessorBase.java:49)
2022-06-06 23:12:18,816 ERROR [http-nio-8080-exec-7] c.e.n.c.a.ExceptionAdvice [ExceptionAdvice.java:31] org.apache.tomcat.util.threads.ThreadPoolExecutor.runWorker(ThreadPoolExecutor.java:1191)
2022-06-06 23:12:18,816 ERROR [http-nio-8080-exec-7] c.e.n.c.a.ExceptionAdvice [ExceptionAdvice.java:31] org.apache.tomcat.util.threads.ThreadPoolExecutor$Worker.run(ThreadPoolExecutor.java:659)
2022-06-06 23:12:18,816 ERROR [http-nio-8080-exec-7] c.e.n.c.a.ExceptionAdvice [ExceptionAdvice.java:31] org.apache.tomcat.util.threads.TaskThread$WrappingRunnable.run(TaskThread.java:61)
2022-06-06 23:12:18,816 ERROR [http-nio-8080-exec-7] c.e.n.c.a.ExceptionAdvice [ExceptionAdvice.java:31] java.lang.Thread.run(Thread.java:750)
2022-06-06 23:14:47,074 ERROR [http-nio-8080-exec-1] c.e.n.c.a.ExceptionAdvice [ExceptionAdvice.java:28] 服务器发生异常:null
2022-06-06 23:14:47,076 ERROR [http-nio-8080-exec-1] c.e.n.c.a.ExceptionAdvice [ExceptionAdvice.java:31] com.example.newcoder.controller.FollowController.follow(FollowController.java:31)
2022-06-06 23:14:47,076 ERROR [http-nio-8080-exec-1] c.e.n.c.a.ExceptionAdvice [ExceptionAdvice.java:31] sun.reflect.NativeMethodAccessorImpl.invoke0(Native Method)
2022-06-06 23:14:47,076 ERROR [http-nio-8080-exec-1] c.e.n.c.a.ExceptionAdvice [ExceptionAdvice.java:31] sun.reflect.NativeMethodAccessorImpl.invoke(NativeMethodAccessorImpl.java:62)
2022-06-06 23:14:47,076 ERROR [http-nio-8080-exec-1] c.e.n.c.a.ExceptionAdvice [ExceptionAdvice.java:31] sun.reflect.DelegatingMethodAccessorImpl.invoke(DelegatingMethodAccessorImpl.java:43)
2022-06-06 23:14:47,077 ERROR [http-nio-8080-exec-1] c.e.n.c.a.ExceptionAdvice [ExceptionAdvice.java:31] java.lang.reflect.Method.invoke(Method.java:498)
2022-06-06 23:14:47,077 ERROR [http-nio-8080-exec-1] c.e.n.c.a.ExceptionAdvice [ExceptionAdvice.java:31] org.springframework.web.method.support.InvocableHandlerMethod.doInvoke(InvocableHandlerMethod.java:205)
2022-06-06 23:14:47,077 ERROR [http-nio-8080-exec-1] c.e.n.c.a.ExceptionAdvice [ExceptionAdvice.java:31] org.springframework.web.method.support.InvocableHandlerMethod.invokeForRequest(InvocableHandlerMethod.java:150)
2022-06-06 23:14:47,077 ERROR [http-nio-8080-exec-1] c.e.n.c.a.ExceptionAdvice [ExceptionAdvice.java:31] org.springframework.web.servlet.mvc.method.annotation.ServletInvocableHandlerMethod.invokeAndHandle(ServletInvocableHandlerMethod.java:117)
2022-06-06 23:14:47,077 ERROR [http-nio-8080-exec-1] c.e.n.c.a.ExceptionAdvice [ExceptionAdvice.java:31] org.springframework.web.servlet.mvc.method.annotation.RequestMappingHandlerAdapter.invokeHandlerMethod(RequestMappingHandlerAdapter.java:895)
2022-06-06 23:14:47,078 ERROR [http-nio-8080-exec-1] c.e.n.c.a.ExceptionAdvice [ExceptionAdvice.java:31] org.springframework.web.servlet.mvc.method.annotation.RequestMappingHandlerAdapter.handleInternal(RequestMappingHandlerAdapter.java:808)
2022-06-06 23:14:47,078 ERROR [http-nio-8080-exec-1] c.e.n.c.a.ExceptionAdvice [ExceptionAdvice.java:31] org.springframework.web.servlet.mvc.method.AbstractHandlerMethodAdapter.handle(AbstractHandlerMethodAdapter.java:87)
2022-06-06 23:14:47,078 ERROR [http-nio-8080-exec-1] c.e.n.c.a.ExceptionAdvice [ExceptionAdvice.java:31] org.springframework.web.servlet.DispatcherServlet.doDispatch(DispatcherServlet.java:1067)
2022-06-06 23:14:47,078 ERROR [http-nio-8080-exec-1] c.e.n.c.a.ExceptionAdvice [ExceptionAdvice.java:31] org.springframework.web.servlet.DispatcherServlet.doService(DispatcherServlet.java:963)
2022-06-06 23:14:47,078 ERROR [http-nio-8080-exec-1] c.e.n.c.a.ExceptionAdvice [ExceptionAdvice.java:31] org.springframework.web.servlet.FrameworkServlet.processRequest(FrameworkServlet.java:1006)
2022-06-06 23:14:47,078 ERROR [http-nio-8080-exec-1] c.e.n.c.a.ExceptionAdvice [ExceptionAdvice.java:31] org.springframework.web.servlet.FrameworkServlet.doPost(FrameworkServlet.java:909)
2022-06-06 23:14:47,079 ERROR [http-nio-8080-exec-1] c.e.n.c.a.ExceptionAdvice [ExceptionAdvice.java:31] javax.servlet.http.HttpServlet.service(HttpServlet.java:681)
2022-06-06 23:14:47,079 ERROR [http-nio-8080-exec-1] c.e.n.c.a.ExceptionAdvice [ExceptionAdvice.java:31] org.springframework.web.servlet.FrameworkServlet.service(FrameworkServlet.java:883)
2022-06-06 23:14:47,079 ERROR [http-nio-8080-exec-1] c.e.n.c.a.ExceptionAdvice [ExceptionAdvice.java:31] javax.servlet.http.HttpServlet.service(HttpServlet.java:764)
2022-06-06 23:14:47,079 ERROR [http-nio-8080-exec-1] c.e.n.c.a.ExceptionAdvice [ExceptionAdvice.java:31] org.apache.catalina.core.ApplicationFilterChain.internalDoFilter(ApplicationFilterChain.java:227)
2022-06-06 23:14:47,079 ERROR [http-nio-8080-exec-1] c.e.n.c.a.ExceptionAdvice [ExceptionAdvice.java:31] org.apache.catalina.core.ApplicationFilterChain.doFilter(ApplicationFilterChain.java:162)
2022-06-06 23:14:47,079 ERROR [http-nio-8080-exec-1] c.e.n.c.a.ExceptionAdvice [ExceptionAdvice.java:31] org.apache.tomcat.websocket.server.WsFilter.doFilter(WsFilter.java:53)
2022-06-06 23:14:47,079 ERROR [http-nio-8080-exec-1] c.e.n.c.a.ExceptionAdvice [ExceptionAdvice.java:31] org.apache.catalina.core.ApplicationFilterChain.internalDoFilter(ApplicationFilterChain.java:189)
2022-06-06 23:14:47,079 ERROR [http-nio-8080-exec-1] c.e.n.c.a.ExceptionAdvice [ExceptionAdvice.java:31] org.apache.catalina.core.ApplicationFilterChain.doFilter(ApplicationFilterChain.java:162)
2022-06-06 23:14:47,080 ERROR [http-nio-8080-exec-1] c.e.n.c.a.ExceptionAdvice [ExceptionAdvice.java:31] org.springframework.web.filter.RequestContextFilter.doFilterInternal(RequestContextFilter.java:100)
2022-06-06 23:14:47,080 ERROR [http-nio-8080-exec-1] c.e.n.c.a.ExceptionAdvice [ExceptionAdvice.java:31] org.springframework.web.filter.OncePerRequestFilter.doFilter(OncePerRequestFilter.java:117)
2022-06-06 23:14:47,080 ERROR [http-nio-8080-exec-1] c.e.n.c.a.ExceptionAdvice [ExceptionAdvice.java:31] org.apache.catalina.core.ApplicationFilterChain.internalDoFilter(ApplicationFilterChain.java:189)
2022-06-06 23:14:47,080 ERROR [http-nio-8080-exec-1] c.e.n.c.a.ExceptionAdvice [ExceptionAdvice.java:31] org.apache.catalina.core.ApplicationFilterChain.doFilter(ApplicationFilterChain.java:162)
2022-06-06 23:14:47,080 ERROR [http-nio-8080-exec-1] c.e.n.c.a.ExceptionAdvice [ExceptionAdvice.java:31] org.springframework.web.filter.FormContentFilter.doFilterInternal(FormContentFilter.java:93)
2022-06-06 23:14:47,080 ERROR [http-nio-8080-exec-1] c.e.n.c.a.ExceptionAdvice [ExceptionAdvice.java:31] org.springframework.web.filter.OncePerRequestFilter.doFilter(OncePerRequestFilter.java:117)
2022-06-06 23:14:47,080 ERROR [http-nio-8080-exec-1] c.e.n.c.a.ExceptionAdvice [ExceptionAdvice.java:31] org.apache.catalina.core.ApplicationFilterChain.internalDoFilter(ApplicationFilterChain.java:189)
2022-06-06 23:14:47,081 ERROR [http-nio-8080-exec-1] c.e.n.c.a.ExceptionAdvice [ExceptionAdvice.java:31] org.apache.catalina.core.ApplicationFilterChain.doFilter(ApplicationFilterChain.java:162)
2022-06-06 23:14:47,081 ERROR [http-nio-8080-exec-1] c.e.n.c.a.ExceptionAdvice [ExceptionAdvice.java:31] org.springframework.web.filter.CharacterEncodingFilter.doFilterInternal(CharacterEncodingFilter.java:201)
2022-06-06 23:14:47,081 ERROR [http-nio-8080-exec-1] c.e.n.c.a.ExceptionAdvice [ExceptionAdvice.java:31] org.springframework.web.filter.OncePerRequestFilter.doFilter(OncePerRequestFilter.java:117)
2022-06-06 23:14:47,081 ERROR [http-nio-8080-exec-1] c.e.n.c.a.ExceptionAdvice [ExceptionAdvice.java:31] org.apache.catalina.core.ApplicationFilterChain.internalDoFilter(ApplicationFilterChain.java:189)
2022-06-06 23:14:47,081 ERROR [http-nio-8080-exec-1] c.e.n.c.a.ExceptionAdvice [ExceptionAdvice.java:31] org.apache.catalina.core.ApplicationFilterChain.doFilter(ApplicationFilterChain.java:162)
2022-06-06 23:14:47,081 ERROR [http-nio-8080-exec-1] c.e.n.c.a.ExceptionAdvice [ExceptionAdvice.java:31] org.apache.catalina.core.StandardWrapperValve.invoke(StandardWrapperValve.java:197)
2022-06-06 23:14:47,082 ERROR [http-nio-8080-exec-1] c.e.n.c.a.ExceptionAdvice [ExceptionAdvice.java:31] org.apache.catalina.core.StandardContextValve.invoke(StandardContextValve.java:97)
2022-06-06 23:14:47,082 ERROR [http-nio-8080-exec-1] c.e.n.c.a.ExceptionAdvice [ExceptionAdvice.java:31] org.apache.catalina.authenticator.AuthenticatorBase.invoke(AuthenticatorBase.java:541)
2022-06-06 23:14:47,082 ERROR [http-nio-8080-exec-1] c.e.n.c.a.ExceptionAdvice [ExceptionAdvice.java:31] org.apache.catalina.core.StandardHostValve.invoke(StandardHostValve.java:135)
2022-06-06 23:14:47,082 ERROR [http-nio-8080-exec-1] c.e.n.c.a.ExceptionAdvice [ExceptionAdvice.java:31] org.apache.catalina.valves.ErrorReportValve.invoke(ErrorReportValve.java:92)
2022-06-06 23:14:47,082 ERROR [http-nio-8080-exec-1] c.e.n.c.a.ExceptionAdvice [ExceptionAdvice.java:31] org.apache.catalina.core.StandardEngineValve.invoke(StandardEngineValve.java:78)
2022-06-06 23:14:47,082 ERROR [http-nio-8080-exec-1] c.e.n.c.a.ExceptionAdvice [ExceptionAdvice.java:31] org.apache.catalina.connector.CoyoteAdapter.service(CoyoteAdapter.java:360)
2022-06-06 23:14:47,082 ERROR [http-nio-8080-exec-1] c.e.n.c.a.ExceptionAdvice [ExceptionAdvice.java:31] org.apache.coyote.http11.Http11Processor.service(Http11Processor.java:399)
2022-06-06 23:14:47,082 ERROR [http-nio-8080-exec-1] c.e.n.c.a.ExceptionAdvice [ExceptionAdvice.java:31] org.apache.coyote.AbstractProcessorLight.process(AbstractProcessorLight.java:65)
2022-06-06 23:14:47,083 ERROR [http-nio-8080-exec-1] c.e.n.c.a.ExceptionAdvice [ExceptionAdvice.java:31] org.apache.coyote.AbstractProtocol$ConnectionHandler.process(AbstractProtocol.java:889)
2022-06-06 23:14:47,083 ERROR [http-nio-8080-exec-1] c.e.n.c.a.ExceptionAdvice [ExceptionAdvice.java:31] org.apache.tomcat.util.net.NioEndpoint$SocketProcessor.doRun(NioEndpoint.java:1743)
2022-06-06 23:14:47,083 ERROR [http-nio-8080-exec-1] c.e.n.c.a.ExceptionAdvice [ExceptionAdvice.java:31] org.apache.tomcat.util.net.SocketProcessorBase.run(SocketProcessorBase.java:49)
2022-06-06 23:14:47,083 ERROR [http-nio-8080-exec-1] c.e.n.c.a.ExceptionAdvice [ExceptionAdvice.java:31] org.apache.tomcat.util.threads.ThreadPoolExecutor.runWorker(ThreadPoolExecutor.java:1191)
2022-06-06 23:14:47,083 ERROR [http-nio-8080-exec-1] c.e.n.c.a.ExceptionAdvice [ExceptionAdvice.java:31] org.apache.tomcat.util.threads.ThreadPoolExecutor$Worker.run(ThreadPoolExecutor.java:659)
2022-06-06 23:14:47,083 ERROR [http-nio-8080-exec-1] c.e.n.c.a.ExceptionAdvice [ExceptionAdvice.java:31] org.apache.tomcat.util.threads.TaskThread$WrappingRunnable.run(TaskThread.java:61)
2022-06-06 23:14:47,083 ERROR [http-nio-8080-exec-1] c.e.n.c.a.ExceptionAdvice [ExceptionAdvice.java:31] java.lang.Thread.run(Thread.java:750)
2022-06-06 23:15:15,284 ERROR [http-nio-8080-exec-2] c.e.n.c.a.ExceptionAdvice [ExceptionAdvice.java:28] 服务器发生异常:null
2022-06-06 23:15:15,285 ERROR [http-nio-8080-exec-2] c.e.n.c.a.ExceptionAdvice [ExceptionAdvice.java:31] com.example.newcoder.controller.FollowController.follow(FollowController.java:31)
2022-06-06 23:15:15,286 ERROR [http-nio-8080-exec-2] c.e.n.c.a.ExceptionAdvice [ExceptionAdvice.java:31] sun.reflect.NativeMethodAccessorImpl.invoke0(Native Method)
2022-06-06 23:15:15,286 ERROR [http-nio-8080-exec-2] c.e.n.c.a.ExceptionAdvice [ExceptionAdvice.java:31] sun.reflect.NativeMethodAccessorImpl.invoke(NativeMethodAccessorImpl.java:62)
2022-06-06 23:15:15,286 ERROR [http-nio-8080-exec-2] c.e.n.c.a.ExceptionAdvice [ExceptionAdvice.java:31] sun.reflect.DelegatingMethodAccessorImpl.invoke(DelegatingMethodAccessorImpl.java:43)
2022-06-06 23:15:15,286 ERROR [http-nio-8080-exec-2] c.e.n.c.a.ExceptionAdvice [ExceptionAdvice.java:31] java.lang.reflect.Method.invoke(Method.java:498)
2022-06-06 23:15:15,286 ERROR [http-nio-8080-exec-2] c.e.n.c.a.ExceptionAdvice [ExceptionAdvice.java:31] org.springframework.web.method.support.InvocableHandlerMethod.doInvoke(InvocableHandlerMethod.java:205)
2022-06-06 23:15:15,287 ERROR [http-nio-8080-exec-2] c.e.n.c.a.ExceptionAdvice [ExceptionAdvice.java:31] org.springframework.web.method.support.InvocableHandlerMethod.invokeForRequest(InvocableHandlerMethod.java:150)
2022-06-06 23:15:15,287 ERROR [http-nio-8080-exec-2] c.e.n.c.a.ExceptionAdvice [ExceptionAdvice.java:31] org.springframework.web.servlet.mvc.method.annotation.ServletInvocableHandlerMethod.invokeAndHandle(ServletInvocableHandlerMethod.java:117)
2022-06-06 23:15:15,287 ERROR [http-nio-8080-exec-2] c.e.n.c.a.ExceptionAdvice [ExceptionAdvice.java:31] org.springframework.web.servlet.mvc.method.annotation.RequestMappingHandlerAdapter.invokeHandlerMethod(RequestMappingHandlerAdapter.java:895)
2022-06-06 23:15:15,287 ERROR [http-nio-8080-exec-2] c.e.n.c.a.ExceptionAdvice [ExceptionAdvice.java:31] org.springframework.web.servlet.mvc.method.annotation.RequestMappingHandlerAdapter.handleInternal(RequestMappingHandlerAdapter.java:808)
2022-06-06 23:15:15,288 ERROR [http-nio-8080-exec-2] c.e.n.c.a.ExceptionAdvice [ExceptionAdvice.java:31] org.springframework.web.servlet.mvc.method.AbstractHandlerMethodAdapter.handle(AbstractHandlerMethodAdapter.java:87)
2022-06-06 23:15:15,288 ERROR [http-nio-8080-exec-2] c.e.n.c.a.ExceptionAdvice [ExceptionAdvice.java:31] org.springframework.web.servlet.DispatcherServlet.doDispatch(DispatcherServlet.java:1067)
2022-06-06 23:15:15,288 ERROR [http-nio-8080-exec-2] c.e.n.c.a.ExceptionAdvice [ExceptionAdvice.java:31] org.springframework.web.servlet.DispatcherServlet.doService(DispatcherServlet.java:963)
2022-06-06 23:15:15,288 ERROR [http-nio-8080-exec-2] c.e.n.c.a.ExceptionAdvice [ExceptionAdvice.java:31] org.springframework.web.servlet.FrameworkServlet.processRequest(FrameworkServlet.java:1006)
2022-06-06 23:15:15,289 ERROR [http-nio-8080-exec-2] c.e.n.c.a.ExceptionAdvice [ExceptionAdvice.java:31] org.springframework.web.servlet.FrameworkServlet.doPost(FrameworkServlet.java:909)
2022-06-06 23:15:15,289 ERROR [http-nio-8080-exec-2] c.e.n.c.a.ExceptionAdvice [ExceptionAdvice.java:31] javax.servlet.http.HttpServlet.service(HttpServlet.java:681)
2022-06-06 23:15:15,289 ERROR [http-nio-8080-exec-2] c.e.n.c.a.ExceptionAdvice [ExceptionAdvice.java:31] org.springframework.web.servlet.FrameworkServlet.service(FrameworkServlet.java:883)
2022-06-06 23:15:15,289 ERROR [http-nio-8080-exec-2] c.e.n.c.a.ExceptionAdvice [ExceptionAdvice.java:31] javax.servlet.http.HttpServlet.service(HttpServlet.java:764)
2022-06-06 23:15:15,289 ERROR [http-nio-8080-exec-2] c.e.n.c.a.ExceptionAdvice [ExceptionAdvice.java:31] org.apache.catalina.core.ApplicationFilterChain.internalDoFilter(ApplicationFilterChain.java:227)
2022-06-06 23:15:15,290 ERROR [http-nio-8080-exec-2] c.e.n.c.a.ExceptionAdvice [ExceptionAdvice.java:31] org.apache.catalina.core.ApplicationFilterChain.doFilter(ApplicationFilterChain.java:162)
2022-06-06 23:15:15,290 ERROR [http-nio-8080-exec-2] c.e.n.c.a.ExceptionAdvice [ExceptionAdvice.java:31] org.apache.tomcat.websocket.server.WsFilter.doFilter(WsFilter.java:53)
2022-06-06 23:15:15,290 ERROR [http-nio-8080-exec-2] c.e.n.c.a.ExceptionAdvice [ExceptionAdvice.java:31] org.apache.catalina.core.ApplicationFilterChain.internalDoFilter(ApplicationFilterChain.java:189)
2022-06-06 23:15:15,291 ERROR [http-nio-8080-exec-2] c.e.n.c.a.ExceptionAdvice [ExceptionAdvice.java:31] org.apache.catalina.core.ApplicationFilterChain.doFilter(ApplicationFilterChain.java:162)
2022-06-06 23:15:15,291 ERROR [http-nio-8080-exec-2] c.e.n.c.a.ExceptionAdvice [ExceptionAdvice.java:31] org.springframework.web.filter.RequestContextFilter.doFilterInternal(RequestContextFilter.java:100)
2022-06-06 23:15:15,291 ERROR [http-nio-8080-exec-2] c.e.n.c.a.ExceptionAdvice [ExceptionAdvice.java:31] org.springframework.web.filter.OncePerRequestFilter.doFilter(OncePerRequestFilter.java:117)
2022-06-06 23:15:15,291 ERROR [http-nio-8080-exec-2] c.e.n.c.a.ExceptionAdvice [ExceptionAdvice.java:31] org.apache.catalina.core.ApplicationFilterChain.internalDoFilter(ApplicationFilterChain.java:189)
2022-06-06 23:15:15,292 ERROR [http-nio-8080-exec-2] c.e.n.c.a.ExceptionAdvice [ExceptionAdvice.java:31] org.apache.catalina.core.ApplicationFilterChain.doFilter(ApplicationFilterChain.java:162)
2022-06-06 23:15:15,292 ERROR [http-nio-8080-exec-2] c.e.n.c.a.ExceptionAdvice [ExceptionAdvice.java:31] org.springframework.web.filter.FormContentFilter.doFilterInternal(FormContentFilter.java:93)
2022-06-06 23:15:15,292 ERROR [http-nio-8080-exec-2] c.e.n.c.a.ExceptionAdvice [ExceptionAdvice.java:31] org.springframework.web.filter.OncePerRequestFilter.doFilter(OncePerRequestFilter.java:117)
2022-06-06 23:15:15,292 ERROR [http-nio-8080-exec-2] c.e.n.c.a.ExceptionAdvice [ExceptionAdvice.java:31] org.apache.catalina.core.ApplicationFilterChain.internalDoFilter(ApplicationFilterChain.java:189)
2022-06-06 23:15:15,293 ERROR [http-nio-8080-exec-2] c.e.n.c.a.ExceptionAdvice [ExceptionAdvice.java:31] org.apache.catalina.core.ApplicationFilterChain.doFilter(ApplicationFilterChain.java:162)
2022-06-06 23:15:15,293 ERROR [http-nio-8080-exec-2] c.e.n.c.a.ExceptionAdvice [ExceptionAdvice.java:31] org.springframework.web.filter.CharacterEncodingFilter.doFilterInternal(CharacterEncodingFilter.java:201)
2022-06-06 23:15:15,293 ERROR [http-nio-8080-exec-2] c.e.n.c.a.ExceptionAdvice [ExceptionAdvice.java:31] org.springframework.web.filter.OncePerRequestFilter.doFilter(OncePerRequestFilter.java:117)
2022-06-06 23:15:15,294 ERROR [http-nio-8080-exec-2] c.e.n.c.a.ExceptionAdvice [ExceptionAdvice.java:31] org.apache.catalina.core.ApplicationFilterChain.internalDoFilter(ApplicationFilterChain.java:189)
2022-06-06 23:15:15,294 ERROR [http-nio-8080-exec-2] c.e.n.c.a.ExceptionAdvice [ExceptionAdvice.java:31] org.apache.catalina.core.ApplicationFilterChain.doFilter(ApplicationFilterChain.java:162)
2022-06-06 23:15:15,294 ERROR [http-nio-8080-exec-2] c.e.n.c.a.ExceptionAdvice [ExceptionAdvice.java:31] org.apache.catalina.core.StandardWrapperValve.invoke(StandardWrapperValve.java:197)
2022-06-06 23:15:15,294 ERROR [http-nio-8080-exec-2] c.e.n.c.a.ExceptionAdvice [ExceptionAdvice.java:31] org.apache.catalina.core.StandardContextValve.invoke(StandardContextValve.java:97)
2022-06-06 23:15:15,295 ERROR [http-nio-8080-exec-2] c.e.n.c.a.ExceptionAdvice [ExceptionAdvice.java:31] org.apache.catalina.authenticator.AuthenticatorBase.invoke(AuthenticatorBase.java:541)
2022-06-06 23:15:15,295 ERROR [http-nio-8080-exec-2] c.e.n.c.a.ExceptionAdvice [ExceptionAdvice.java:31] org.apache.catalina.core.StandardHostValve.invoke(StandardHostValve.java:135)
2022-06-06 23:15:15,296 ERROR [http-nio-8080-exec-2] c.e.n.c.a.ExceptionAdvice [ExceptionAdvice.java:31] org.apache.catalina.valves.ErrorReportValve.invoke(ErrorReportValve.java:92)
2022-06-06 23:15:15,296 ERROR [http-nio-8080-exec-2] c.e.n.c.a.ExceptionAdvice [ExceptionAdvice.java:31] org.apache.catalina.core.StandardEngineValve.invoke(StandardEngineValve.java:78)
2022-06-06 23:15:15,296 ERROR [http-nio-8080-exec-2] c.e.n.c.a.ExceptionAdvice [ExceptionAdvice.java:31] org.apache.catalina.connector.CoyoteAdapter.service(CoyoteAdapter.java:360)
2022-06-06 23:15:15,297 ERROR [http-nio-8080-exec-2] c.e.n.c.a.ExceptionAdvice [ExceptionAdvice.java:31] org.apache.coyote.http11.Http11Processor.service(Http11Processor.java:399)
2022-06-06 23:15:15,299 ERROR [http-nio-8080-exec-2] c.e.n.c.a.ExceptionAdvice [ExceptionAdvice.java:31] org.apache.coyote.AbstractProcessorLight.process(AbstractProcessorLight.java:65)
2022-06-06 23:15:15,299 ERROR [http-nio-8080-exec-2] c.e.n.c.a.ExceptionAdvice [ExceptionAdvice.java:31] org.apache.coyote.AbstractProtocol$ConnectionHandler.process(AbstractProtocol.java:889)
2022-06-06 23:15:15,300 ERROR [http-nio-8080-exec-2] c.e.n.c.a.ExceptionAdvice [ExceptionAdvice.java:31] org.apache.tomcat.util.net.NioEndpoint$SocketProcessor.doRun(NioEndpoint.java:1743)
2022-06-06 23:15:15,300 ERROR [http-nio-8080-exec-2] c.e.n.c.a.ExceptionAdvice [ExceptionAdvice.java:31] org.apache.tomcat.util.net.SocketProcessorBase.run(SocketProcessorBase.java:49)
2022-06-06 23:15:15,301 ERROR [http-nio-8080-exec-2] c.e.n.c.a.ExceptionAdvice [ExceptionAdvice.java:31] org.apache.tomcat.util.threads.ThreadPoolExecutor.runWorker(ThreadPoolExecutor.java:1191)
2022-06-06 23:15:15,301 ERROR [http-nio-8080-exec-2] c.e.n.c.a.ExceptionAdvice [ExceptionAdvice.java:31] org.apache.tomcat.util.threads.ThreadPoolExecutor$Worker.run(ThreadPoolExecutor.java:659)
2022-06-06 23:15:15,301 ERROR [http-nio-8080-exec-2] c.e.n.c.a.ExceptionAdvice [ExceptionAdvice.java:31] org.apache.tomcat.util.threads.TaskThread$WrappingRunnable.run(TaskThread.java:61)
2022-06-06 23:15:15,302 ERROR [http-nio-8080-exec-2] c.e.n.c.a.ExceptionAdvice [ExceptionAdvice.java:31] java.lang.Thread.run(Thread.java:750)
