2022-05-31 21:26:53,457 WARN [main] o.s.b.t.j.DuplicateJsonObjectContextCustomizerFactory$DuplicateJsonObjectContextCustomizer [DuplicateJsonObjectContextCustomizerFactory.java:78] 

Found multiple occurrences of org.json.JSONObject on the class path:

	jar:file:/F:/Program%20Files/Java/javalib/org/json/json/20131018/json-20131018.jar!/org/json/JSONObject.class
	jar:file:/F:/Program%20Files/Java/javalib/com/vaadin/external/google/android-json/0.0.20131108.vaadin1/android-json-0.0.20131108.vaadin1.jar!/org/json/JSONObject.class

You may wish to exclude one of them to ensure predictable runtime behavior

2022-05-31 21:28:05,998 WARN [main] o.s.b.t.j.DuplicateJsonObjectContextCustomizerFactory$DuplicateJsonObjectContextCustomizer [DuplicateJsonObjectContextCustomizerFactory.java:78] 

Found multiple occurrences of org.json.JSONObject on the class path:

	jar:file:/F:/Program%20Files/Java/javalib/org/json/json/20131018/json-20131018.jar!/org/json/JSONObject.class
	jar:file:/F:/Program%20Files/Java/javalib/com/vaadin/external/google/android-json/0.0.20131108.vaadin1/android-json-0.0.20131108.vaadin1.jar!/org/json/JSONObject.class

You may wish to exclude one of them to ensure predictable runtime behavior

2022-05-31 21:29:56,374 WARN [main] o.s.b.t.j.DuplicateJsonObjectContextCustomizerFactory$DuplicateJsonObjectContextCustomizer [DuplicateJsonObjectContextCustomizerFactory.java:78] 

Found multiple occurrences of org.json.JSONObject on the class path:

	jar:file:/F:/Program%20Files/Java/javalib/org/json/json/20131018/json-20131018.jar!/org/json/JSONObject.class
	jar:file:/F:/Program%20Files/Java/javalib/com/vaadin/external/google/android-json/0.0.20131108.vaadin1/android-json-0.0.20131108.vaadin1.jar!/org/json/JSONObject.class

You may wish to exclude one of them to ensure predictable runtime behavior

2022-05-31 21:32:47,206 WARN [main] o.s.b.t.j.DuplicateJsonObjectContextCustomizerFactory$DuplicateJsonObjectContextCustomizer [DuplicateJsonObjectContextCustomizerFactory.java:78] 

Found multiple occurrences of org.json.JSONObject on the class path:

	jar:file:/F:/Program%20Files/Java/javalib/org/json/json/20131018/json-20131018.jar!/org/json/JSONObject.class
	jar:file:/F:/Program%20Files/Java/javalib/com/vaadin/external/google/android-json/0.0.20131108.vaadin1/android-json-0.0.20131108.vaadin1.jar!/org/json/JSONObject.class

You may wish to exclude one of them to ensure predictable runtime behavior

2022-05-31 21:35:58,140 WARN [main] o.s.b.t.j.DuplicateJsonObjectContextCustomizerFactory$DuplicateJsonObjectContextCustomizer [DuplicateJsonObjectContextCustomizerFactory.java:78] 

Found multiple occurrences of org.json.JSONObject on the class path:

	jar:file:/F:/Program%20Files/Java/javalib/org/json/json/20131018/json-20131018.jar!/org/json/JSONObject.class
	jar:file:/F:/Program%20Files/Java/javalib/com/vaadin/external/google/android-json/0.0.20131108.vaadin1/android-json-0.0.20131108.vaadin1.jar!/org/json/JSONObject.class

You may wish to exclude one of them to ensure predictable runtime behavior

2022-05-31 21:41:04,171 WARN [main] o.s.b.t.j.DuplicateJsonObjectContextCustomizerFactory$DuplicateJsonObjectContextCustomizer [DuplicateJsonObjectContextCustomizerFactory.java:78] 

Found multiple occurrences of org.json.JSONObject on the class path:

	jar:file:/F:/Program%20Files/Java/javalib/org/json/json/20131018/json-20131018.jar!/org/json/JSONObject.class
	jar:file:/F:/Program%20Files/Java/javalib/com/vaadin/external/google/android-json/0.0.20131108.vaadin1/android-json-0.0.20131108.vaadin1.jar!/org/json/JSONObject.class

You may wish to exclude one of them to ensure predictable runtime behavior

2022-05-31 21:42:36,330 WARN [main] o.s.b.t.j.DuplicateJsonObjectContextCustomizerFactory$DuplicateJsonObjectContextCustomizer [DuplicateJsonObjectContextCustomizerFactory.java:78] 

Found multiple occurrences of org.json.JSONObject on the class path:

	jar:file:/F:/Program%20Files/Java/javalib/org/json/json/20131018/json-20131018.jar!/org/json/JSONObject.class
	jar:file:/F:/Program%20Files/Java/javalib/com/vaadin/external/google/android-json/0.0.20131108.vaadin1/android-json-0.0.20131108.vaadin1.jar!/org/json/JSONObject.class

You may wish to exclude one of them to ensure predictable runtime behavior

2022-05-31 21:43:39,429 WARN [main] o.s.b.t.j.DuplicateJsonObjectContextCustomizerFactory$DuplicateJsonObjectContextCustomizer [DuplicateJsonObjectContextCustomizerFactory.java:78] 

Found multiple occurrences of org.json.JSONObject on the class path:

	jar:file:/F:/Program%20Files/Java/javalib/org/json/json/20131018/json-20131018.jar!/org/json/JSONObject.class
	jar:file:/F:/Program%20Files/Java/javalib/com/vaadin/external/google/android-json/0.0.20131108.vaadin1/android-json-0.0.20131108.vaadin1.jar!/org/json/JSONObject.class

You may wish to exclude one of them to ensure predictable runtime behavior

2022-05-31 21:44:23,733 WARN [main] o.s.b.t.j.DuplicateJsonObjectContextCustomizerFactory$DuplicateJsonObjectContextCustomizer [DuplicateJsonObjectContextCustomizerFactory.java:78] 

Found multiple occurrences of org.json.JSONObject on the class path:

	jar:file:/F:/Program%20Files/Java/javalib/org/json/json/20131018/json-20131018.jar!/org/json/JSONObject.class
	jar:file:/F:/Program%20Files/Java/javalib/com/vaadin/external/google/android-json/0.0.20131108.vaadin1/android-json-0.0.20131108.vaadin1.jar!/org/json/JSONObject.class

You may wish to exclude one of them to ensure predictable runtime behavior

2022-05-31 21:46:58,794 WARN [main] o.s.b.t.j.DuplicateJsonObjectContextCustomizerFactory$DuplicateJsonObjectContextCustomizer [DuplicateJsonObjectContextCustomizerFactory.java:78] 

Found multiple occurrences of org.json.JSONObject on the class path:

	jar:file:/F:/Program%20Files/Java/javalib/org/json/json/20131018/json-20131018.jar!/org/json/JSONObject.class
	jar:file:/F:/Program%20Files/Java/javalib/com/vaadin/external/google/android-json/0.0.20131108.vaadin1/android-json-0.0.20131108.vaadin1.jar!/org/json/JSONObject.class

You may wish to exclude one of them to ensure predictable runtime behavior

2022-05-31 21:48:45,988 WARN [main] o.s.b.t.j.DuplicateJsonObjectContextCustomizerFactory$DuplicateJsonObjectContextCustomizer [DuplicateJsonObjectContextCustomizerFactory.java:78] 

Found multiple occurrences of org.json.JSONObject on the class path:

	jar:file:/F:/Program%20Files/Java/javalib/org/json/json/20131018/json-20131018.jar!/org/json/JSONObject.class
	jar:file:/F:/Program%20Files/Java/javalib/com/vaadin/external/google/android-json/0.0.20131108.vaadin1/android-json-0.0.20131108.vaadin1.jar!/org/json/JSONObject.class

You may wish to exclude one of them to ensure predictable runtime behavior

2022-05-31 21:52:59,588 WARN [main] o.s.b.t.j.DuplicateJsonObjectContextCustomizerFactory$DuplicateJsonObjectContextCustomizer [DuplicateJsonObjectContextCustomizerFactory.java:78] 

Found multiple occurrences of org.json.JSONObject on the class path:

	jar:file:/F:/Program%20Files/Java/javalib/org/json/json/20131018/json-20131018.jar!/org/json/JSONObject.class
	jar:file:/F:/Program%20Files/Java/javalib/com/vaadin/external/google/android-json/0.0.20131108.vaadin1/android-json-0.0.20131108.vaadin1.jar!/org/json/JSONObject.class

You may wish to exclude one of them to ensure predictable runtime behavior

2022-05-31 21:59:54,607 WARN [main] o.s.b.t.j.DuplicateJsonObjectContextCustomizerFactory$DuplicateJsonObjectContextCustomizer [DuplicateJsonObjectContextCustomizerFactory.java:78] 

Found multiple occurrences of org.json.JSONObject on the class path:

	jar:file:/F:/Program%20Files/Java/javalib/org/json/json/20131018/json-20131018.jar!/org/json/JSONObject.class
	jar:file:/F:/Program%20Files/Java/javalib/com/vaadin/external/google/android-json/0.0.20131108.vaadin1/android-json-0.0.20131108.vaadin1.jar!/org/json/JSONObject.class

You may wish to exclude one of them to ensure predictable runtime behavior

